#
# There is insufficient memory for the Java Runtime Environment to continue.
# Native memory allocation (malloc) failed to allocate 394656 bytes for Chunk::new
# Possible reasons:
#   The system is out of physical RAM or swap space
#   The process is running with CompressedOops enabled, and the Java Heap may be blocking the growth of the native heap
# Possible solutions:
#   Reduce memory load on the system
#   Increase physical memory or swap space
#   Check if swap backing store is full
#   Decrease Java heap size (-Xmx/-Xms)
#   Decrease number of Java threads
#   Decrease Java thread stack sizes (-Xss)
#   Set larger code cache with -XX:ReservedCodeCacheSize=
#   JVM is running with Zero Based Compressed Oops mode in which the Java heap is
#     placed in the first 32GB address space. The Java Heap base address is the
#     maximum limit for the native heap growth. Please use -XX:HeapBaseMinAddress
#     to set the Java Heap base and to place the Java Heap above 32GB virtual address.
# This output file may be truncated or incomplete.
#
#  Out of Memory Error (arena.cpp:184), pid=27932, tid=22028
#
# JRE version: Java(TM) SE Runtime Environment (18.0.1.1+2) (build 18.0.1.1+2-6)
# Java VM: Java HotSpot(TM) 64-Bit Server VM (18.0.1.1+2-6, mixed mode, sharing, tiered, compressed oops, compressed class ptrs, g1 gc, windows-amd64)
# No core dump will be written. Minidumps are not enabled by default on client versions of Windows
#

---------------  S U M M A R Y ------------

Command Line: -javaagent:F:\IntelliJ IDEA Community Edition 2024.3.1.1\lib\idea_rt.jar=56192:F:\IntelliJ IDEA Community Edition 2024.3.1.1\bin -Dfile.encoding=UTF-8 -Dsun.stdout.encoding=UTF-8 -Dsun.stderr.encoding=UTF-8 com.wedstra.app.wedstra.backend.Application

Host: 11th Gen Intel(R) Core(TM) i5-1135G7 @ 2.40GHz, 8 cores, 15G,  Windows 11 , 64 bit Build 26100 (10.0.26100.3775)
Time: Tue Apr 29 16:43:11 2025 India Standard Time elapsed time: 919.635825 seconds (0d 0h 15m 19s)

---------------  T H R E A D  ---------------

Current thread (0x0000019f7ff33810):  JavaThread "C2 CompilerThread0" daemon [_thread_in_native, id=22028, stack(0x0000000ec4a00000,0x0000000ec4b00000)]


Current CompileTask:
C2: 919636 7384       4       org.bson.io.OutputBuffer::writeCharacters (273 bytes)

Stack: [0x0000000ec4a00000,0x0000000ec4b00000]
Native frames: (J=compiled Java code, j=interpreted, Vv=VM code, C=native code)
V  [jvm.dll+0x69887a]
V  [jvm.dll+0x7f38bd]
V  [jvm.dll+0x7f51ce]
V  [jvm.dll+0x7f5883]
V  [jvm.dll+0x25ca3f]
V  [jvm.dll+0xb8c2f]
V  [jvm.dll+0xb8fa5]
V  [jvm.dll+0x2c794f]
V  [jvm.dll+0x5a05b0]
V  [jvm.dll+0x238398]
V  [jvm.dll+0x2319c5]
V  [jvm.dll+0x22eeeb]
V  [jvm.dll+0x1b9cfc]
V  [jvm.dll+0x23e8ca]
V  [jvm.dll+0x23cbb5]
V  [jvm.dll+0x7a5fb1]
V  [jvm.dll+0x7a03ea]
V  [jvm.dll+0x697725]
C  [ucrtbase.dll+0x37b0]
C  [KERNEL32.DLL+0x2e8d7]
C  [ntdll.dll+0xb14fc]


---------------  P R O C E S S  ---------------

Threads class SMR info:
_java_thread_list=0x0000019f17822990, length=44, elements={
0x0000019f7ff12460, 0x0000019f7ff12e00, 0x0000019f7ff2ee50, 0x0000019f7ff2f7f0,
0x0000019f7ff30190, 0x0000019f7ff30b30, 0x0000019f7ff33810, 0x0000019f7ff35720,
0x0000019f7ff39510, 0x0000019f7fefb930, 0x0000019f17381b60, 0x0000019f17382020,
0x0000019f192b5140, 0x0000019f1978f0f0, 0x0000019f1978ec20, 0x0000019f1978f5c0,
0x0000019f1978e280, 0x0000019f1978fa90, 0x0000019f1a7e9430, 0x0000019f1a7ea770,
0x0000019f1a7eac40, 0x0000019f1a7eb110, 0x0000019f1a7e80f0, 0x0000019f1a7ea2a0,
0x0000019f1a7e85c0, 0x0000019f1a7eb5e0, 0x0000019f1a7e7c20, 0x0000019f1a7e9900,
0x0000019f1a7ebf80, 0x0000019f1a7e8f60, 0x0000019f1a7e9dd0, 0x0000019f1a7ebab0,
0x0000019f1a7ec450, 0x0000019f1a7e8a90, 0x0000019f1a7ecdf0, 0x0000019f1a7ec920,
0x0000019f1a7ed790, 0x0000019f1a7ed2c0, 0x0000019f1a7edc60, 0x0000019f1a7ee130,
0x0000019f1a7ee600, 0x0000019f1a7eead0, 0x0000019f1a7eefa0, 0x0000019f1a7ef470
}

Java Threads: ( => current thread )
  0x0000019f7ff12460 JavaThread "Reference Handler" daemon [_thread_blocked, id=29204, stack(0x0000000ec4400000,0x0000000ec4500000)]
  0x0000019f7ff12e00 JavaThread "Finalizer" daemon [_thread_blocked, id=18108, stack(0x0000000ec4500000,0x0000000ec4600000)]
  0x0000019f7ff2ee50 JavaThread "Signal Dispatcher" daemon [_thread_blocked, id=31444, stack(0x0000000ec4600000,0x0000000ec4700000)]
  0x0000019f7ff2f7f0 JavaThread "Attach Listener" daemon [_thread_blocked, id=24180, stack(0x0000000ec4700000,0x0000000ec4800000)]
  0x0000019f7ff30190 JavaThread "Service Thread" daemon [_thread_blocked, id=17148, stack(0x0000000ec4800000,0x0000000ec4900000)]
  0x0000019f7ff30b30 JavaThread "Monitor Deflation Thread" daemon [_thread_blocked, id=30376, stack(0x0000000ec4900000,0x0000000ec4a00000)]
=>0x0000019f7ff33810 JavaThread "C2 CompilerThread0" daemon [_thread_in_native, id=22028, stack(0x0000000ec4a00000,0x0000000ec4b00000)]
  0x0000019f7ff35720 JavaThread "C1 CompilerThread0" daemon [_thread_blocked, id=27864, stack(0x0000000ec4b00000,0x0000000ec4c00000)]
  0x0000019f7ff39510 JavaThread "Sweeper thread" daemon [_thread_blocked, id=26308, stack(0x0000000ec4c00000,0x0000000ec4d00000)]
  0x0000019f7fefb930 JavaThread "Common-Cleaner" daemon [_thread_blocked, id=31360, stack(0x0000000ec4d00000,0x0000000ec4e00000)]
  0x0000019f17381b60 JavaThread "Monitor Ctrl-Break" daemon [_thread_in_native, id=27412, stack(0x0000000ec4e00000,0x0000000ec4f00000)]
  0x0000019f17382020 JavaThread "Notification Thread" daemon [_thread_blocked, id=24592, stack(0x0000000ec4f00000,0x0000000ec5000000)]
  0x0000019f192b5140 JavaThread "Catalina-utility-1" [_thread_blocked, id=28320, stack(0x0000000ec5c00000,0x0000000ec5d00000)]
  0x0000019f1978f0f0 JavaThread "Catalina-utility-2" [_thread_blocked, id=8936, stack(0x0000000ec5d00000,0x0000000ec5e00000)]
  0x0000019f1978ec20 JavaThread "container-0" [_thread_blocked, id=25344, stack(0x0000000ec5e00000,0x0000000ec5f00000)]
  0x0000019f1978f5c0 JavaThread "idle-connection-reaper" daemon [_thread_blocked, id=11972, stack(0x0000000ec6000000,0x0000000ec6100000)]
  0x0000019f1978e280 JavaThread "Thread-4" daemon [_thread_in_native, id=1376, stack(0x0000000ec6100000,0x0000000ec6200000)]
  0x0000019f1978fa90 JavaThread "BufferPoolPruner-1-thread-1" daemon [_thread_blocked, id=26784, stack(0x0000000ec6200000,0x0000000ec6300000)]
  0x0000019f1a7e9430 JavaThread "cluster-ClusterId{value='6810b0b747a23e1d1bfdd5e0', description='null'}-cluster0-shard-00-02.f9im6.mongodb.net:27017" daemon [_thread_in_native, id=22280, stack(0x0000000ec6400000,0x0000000ec6500000)]
  0x0000019f1a7ea770 JavaThread "cluster-ClusterId{value='6810b0b747a23e1d1bfdd5e0', description='null'}-cluster0-shard-00-01.f9im6.mongodb.net:27017" daemon [_thread_in_native, id=24396, stack(0x0000000ec6500000,0x0000000ec6600000)]
  0x0000019f1a7eac40 JavaThread "cluster-ClusterId{value='6810b0b747a23e1d1bfdd5e0', description='null'}-cluster0-shard-00-00.f9im6.mongodb.net:27017" daemon [_thread_in_native, id=31732, stack(0x0000000ec6600000,0x0000000ec6700000)]
  0x0000019f1a7eb110 JavaThread "Live Reload Server" daemon [_thread_in_native, id=27816, stack(0x0000000ec6900000,0x0000000ec6a00000)]
  0x0000019f1a7e80f0 JavaThread "cluster-rtt-ClusterId{value='6810b0b747a23e1d1bfdd5e0', description='null'}-cluster0-shard-00-01.f9im6.mongodb.net:27017" daemon [_thread_blocked, id=28604, stack(0x0000000ec6800000,0x0000000ec6900000)]
  0x0000019f1a7ea2a0 JavaThread "MaintenanceTimer-3-thread-1" daemon [_thread_blocked, id=21004, stack(0x0000000ec6a00000,0x0000000ec6b00000)]
  0x0000019f1a7e85c0 JavaThread "cluster-rtt-ClusterId{value='6810b0b747a23e1d1bfdd5e0', description='null'}-cluster0-shard-00-02.f9im6.mongodb.net:27017" daemon [_thread_blocked, id=29000, stack(0x0000000ec6b00000,0x0000000ec6c00000)]
  0x0000019f1a7eb5e0 JavaThread "MaintenanceTimer-2-thread-1" daemon [_thread_blocked, id=19584, stack(0x0000000ec6c00000,0x0000000ec6d00000)]
  0x0000019f1a7e7c20 JavaThread "cluster-rtt-ClusterId{value='6810b0b747a23e1d1bfdd5e0', description='null'}-cluster0-shard-00-00.f9im6.mongodb.net:27017" daemon [_thread_blocked, id=26556, stack(0x0000000ec6d00000,0x0000000ec6e00000)]
  0x0000019f1a7e9900 JavaThread "MaintenanceTimer-4-thread-1" daemon [_thread_blocked, id=27444, stack(0x0000000ec6e00000,0x0000000ec6f00000)]
  0x0000019f1a7ebf80 JavaThread "File Watcher" daemon [_thread_blocked, id=21536, stack(0x0000000ec6f00000,0x0000000ec7000000)]
  0x0000019f1a7e8f60 JavaThread "MessageBroker-1" [_thread_blocked, id=31740, stack(0x0000000ec7000000,0x0000000ec7100000)]
  0x0000019f1a7e9dd0 JavaThread "http-nio-8443-exec-1" daemon [_thread_blocked, id=25084, stack(0x0000000ec7100000,0x0000000ec7200000)]
  0x0000019f1a7ebab0 JavaThread "http-nio-8443-exec-2" daemon [_thread_blocked, id=21964, stack(0x0000000ec7200000,0x0000000ec7300000)]
  0x0000019f1a7ec450 JavaThread "http-nio-8443-exec-3" daemon [_thread_blocked, id=25572, stack(0x0000000ec7300000,0x0000000ec7400000)]
  0x0000019f1a7e8a90 JavaThread "http-nio-8443-exec-4" daemon [_thread_blocked, id=31484, stack(0x0000000ec7400000,0x0000000ec7500000)]
  0x0000019f1a7ecdf0 JavaThread "http-nio-8443-exec-5" daemon [_thread_blocked, id=30000, stack(0x0000000ec7500000,0x0000000ec7600000)]
  0x0000019f1a7ec920 JavaThread "http-nio-8443-exec-6" daemon [_thread_blocked, id=4608, stack(0x0000000ec7600000,0x0000000ec7700000)]
  0x0000019f1a7ed790 JavaThread "http-nio-8443-exec-7" daemon [_thread_blocked, id=22796, stack(0x0000000ec7700000,0x0000000ec7800000)]
  0x0000019f1a7ed2c0 JavaThread "http-nio-8443-exec-8" daemon [_thread_blocked, id=15868, stack(0x0000000ec7800000,0x0000000ec7900000)]
  0x0000019f1a7edc60 JavaThread "http-nio-8443-exec-9" daemon [_thread_blocked, id=2356, stack(0x0000000ec7900000,0x0000000ec7a00000)]
  0x0000019f1a7ee130 JavaThread "http-nio-8443-exec-10" daemon [_thread_blocked, id=15788, stack(0x0000000ec7a00000,0x0000000ec7b00000)]
  0x0000019f1a7ee600 JavaThread "http-nio-8443-Poller" daemon [_thread_in_native, id=26428, stack(0x0000000ec7b00000,0x0000000ec7c00000)]
  0x0000019f1a7eead0 JavaThread "http-nio-8443-Acceptor" daemon [_thread_in_native, id=30404, stack(0x0000000ec7c00000,0x0000000ec7d00000)]
  0x0000019f1a7eefa0 JavaThread "DestroyJavaVM" [_thread_blocked, id=23108, stack(0x0000000ec3d00000,0x0000000ec3e00000)]
  0x0000019f1a7ef470 JavaThread "MessageBroker-2" [_thread_blocked, id=6252, stack(0x0000000ec3b00000,0x0000000ec3c00000)]

Other Threads:
  0x0000019f7ff0bbf0 VMThread "VM Thread" [stack: 0x0000000ec4300000,0x0000000ec4400000] [id=14484]
  0x0000019f173d6010 WatcherThread "VM Periodic Task Thread" [stack: 0x0000000ec5000000,0x0000000ec5100000] [id=1140]
  0x0000019f7028a340 WorkerThread "GC Thread#0" [stack: 0x0000000ec3e00000,0x0000000ec3f00000] [id=17416]
  0x0000019f179de220 WorkerThread "GC Thread#1" [stack: 0x0000000ec5400000,0x0000000ec5500000] [id=19844]
  0x0000019f178ca470 WorkerThread "GC Thread#2" [stack: 0x0000000ec5500000,0x0000000ec5600000] [id=29756]
  0x0000019f178ca710 WorkerThread "GC Thread#3" [stack: 0x0000000ec5600000,0x0000000ec5700000] [id=9140]
  0x0000019f178ca9b0 WorkerThread "GC Thread#4" [stack: 0x0000000ec5700000,0x0000000ec5800000] [id=27980]
  0x0000019f178cac50 WorkerThread "GC Thread#5" [stack: 0x0000000ec5800000,0x0000000ec5900000] [id=24860]
  0x0000019f182fd090 WorkerThread "GC Thread#6" [stack: 0x0000000ec5a00000,0x0000000ec5b00000] [id=26592]
  0x0000019f1819f7b0 WorkerThread "GC Thread#7" [stack: 0x0000000ec5b00000,0x0000000ec5c00000] [id=30120]
  0x0000019f6dfeeb50 ConcurrentGCThread "G1 Main Marker" [stack: 0x0000000ec3f00000,0x0000000ec4000000] [id=13832]
  0x0000019f7029a460 WorkerThread "G1 Conc#0" [stack: 0x0000000ec4000000,0x0000000ec4100000] [id=28332]
  0x0000019f188445d0 WorkerThread "G1 Conc#1" [stack: 0x0000000ec5900000,0x0000000ec5a00000] [id=22876]
  0x0000019f702be790 ConcurrentGCThread "G1 Refine#0" [stack: 0x0000000ec4100000,0x0000000ec4200000] [id=26936]
  0x0000019f18b654e0 ConcurrentGCThread "G1 Refine#1" [stack: 0x0000000ec5200000,0x0000000ec5300000] [id=9712]
  0x0000019f7fdbd090 ConcurrentGCThread "G1 Service" [stack: 0x0000000ec4200000,0x0000000ec4300000] [id=26136]

Threads with active compile tasks:
C2 CompilerThread0   919679 7384       4       org.bson.io.OutputBuffer::writeCharacters (273 bytes)

VM state: not at safepoint (normal execution)

VM Mutex/Monitor currently owned by a thread: None

Heap address: 0x0000000704200000, size: 4030 MB, Compressed Oops mode: Zero based, Oop shift amount: 3

CDS archive(s) mapped at: [0x0000000800000000-0x0000000800ba0000-0x0000000800ba0000), size 12189696, SharedBaseAddress: 0x0000000800000000, ArchiveRelocationMode: 0.
Compressed class space mapped at: 0x0000000800c00000-0x0000000840c00000, reserved size: 1073741824
Narrow klass base: 0x0000000800000000, Narrow klass shift: 0, Narrow klass range: 0x100000000

GC Precious Log:
 CardTable entry size: 512
 Card Set container configuration: InlinePtr #cards 4 size 8 Array Of Cards #cards 16 size 48 Howl #buckets 8 coarsen threshold 3686 Howl Bitmap #cards 512 size 80 coarsen threshold 460 Card regions per heap region 1 cards per card region 4096
 CPUs: 8 total, 8 available
 Memory: 16118M
 Large Page Support: Disabled
 NUMA Support: Disabled
 Compressed Oops: Enabled (Zero based)
 Heap Region Size: 2M
 Heap Min Capacity: 8M
 Heap Initial Capacity: 252M
 Heap Max Capacity: 4030M
 Pre-touch: Disabled
 Parallel Workers: 8
 Concurrent Workers: 2
 Concurrent Refinement Workers: 8
 Periodic GC: Disabled

Heap:
 garbage-first heap   total 110592K, used 49100K [0x0000000704200000, 0x0000000800000000)
  region size 2048K, 11 young (22528K), 1 survivors (2048K)
 Metaspace       used 60909K, committed 61632K, reserved 1114112K
  class space    used 7608K, committed 8000K, reserved 1048576K

Heap Regions: E=young(eden), S=young(survivor), O=old, HS=humongous(starts), HC=humongous(continues), CS=collection set, F=free, OA=open archive, CA=closed archive, TAMS=top-at-mark-start (previous, next)
|   0|0x0000000704200000, 0x0000000704400000, 0x0000000704400000|100%| O|  |TAMS 0x0000000704400000, 0x0000000704200000| Untracked 
|   1|0x0000000704400000, 0x0000000704600000, 0x0000000704600000|100%| O|  |TAMS 0x0000000704600000, 0x0000000704400000| Untracked 
|   2|0x0000000704600000, 0x0000000704800000, 0x0000000704800000|100%| O|  |TAMS 0x0000000704800000, 0x0000000704600000| Untracked 
|   3|0x0000000704800000, 0x0000000704a00000, 0x0000000704a00000|100%| O|  |TAMS 0x0000000704a00000, 0x0000000704800000| Untracked 
|   4|0x0000000704a00000, 0x0000000704c00000, 0x0000000704c00000|100%| O|  |TAMS 0x0000000704c00000, 0x0000000704a00000| Untracked 
|   5|0x0000000704c00000, 0x0000000704e00000, 0x0000000704e00000|100%| O|  |TAMS 0x0000000704e00000, 0x0000000704c00000| Untracked 
|   6|0x0000000704e00000, 0x0000000705000000, 0x0000000705000000|100%| O|  |TAMS 0x0000000705000000, 0x0000000704e00000| Untracked 
|   7|0x0000000705000000, 0x0000000705200000, 0x0000000705200000|100%| O|  |TAMS 0x0000000705200000, 0x0000000705000000| Untracked 
|   8|0x0000000705200000, 0x0000000705400000, 0x0000000705400000|100%| O|  |TAMS 0x0000000705200000, 0x0000000705200000| Untracked 
|   9|0x0000000705400000, 0x0000000705600000, 0x0000000705600000|100%| O|  |TAMS 0x0000000705600000, 0x0000000705400000| Untracked 
|  10|0x0000000705600000, 0x0000000705800000, 0x0000000705800000|100%| O|  |TAMS 0x0000000705800000, 0x0000000705600000| Untracked 
|  11|0x0000000705800000, 0x0000000705943e00, 0x0000000705a00000| 63%| O|  |TAMS 0x0000000705943e00, 0x0000000705800000| Untracked 
|  12|0x0000000705a00000, 0x0000000705c00000, 0x0000000705c00000|100%| O|  |TAMS 0x0000000705a00000, 0x0000000705a00000| Untracked 
|  13|0x0000000705c00000, 0x0000000705e00000, 0x0000000705e00000|100%| O|  |TAMS 0x0000000705c00000, 0x0000000705c00000| Untracked 
|  14|0x0000000705e00000, 0x0000000705f81600, 0x0000000706000000| 75%| O|  |TAMS 0x0000000705e00000, 0x0000000705e00000| Untracked 
|  15|0x0000000706000000, 0x0000000706000000, 0x0000000706200000|  0%| F|  |TAMS 0x0000000706000000, 0x0000000706000000| Untracked 
|  16|0x0000000706200000, 0x0000000706200000, 0x0000000706400000|  0%| F|  |TAMS 0x0000000706200000, 0x0000000706200000| Untracked 
|  17|0x0000000706400000, 0x0000000706400000, 0x0000000706600000|  0%| F|  |TAMS 0x0000000706400000, 0x0000000706400000| Untracked 
|  18|0x0000000706600000, 0x0000000706600000, 0x0000000706800000|  0%| F|  |TAMS 0x0000000706600000, 0x0000000706600000| Untracked 
|  19|0x0000000706800000, 0x0000000706800000, 0x0000000706a00000|  0%| F|  |TAMS 0x0000000706800000, 0x0000000706800000| Untracked 
|  20|0x0000000706a00000, 0x0000000706a00000, 0x0000000706c00000|  0%| F|  |TAMS 0x0000000706a00000, 0x0000000706a00000| Untracked 
|  21|0x0000000706c00000, 0x0000000706d2dcc0, 0x0000000706e00000| 58%| S|CS|TAMS 0x0000000706c00000, 0x0000000706c00000| Complete 
|  22|0x0000000706e00000, 0x0000000706e00000, 0x0000000707000000|  0%| F|  |TAMS 0x0000000706e00000, 0x0000000706e00000| Untracked 
|  23|0x0000000707000000, 0x0000000707000000, 0x0000000707200000|  0%| F|  |TAMS 0x0000000707000000, 0x0000000707000000| Untracked 
|  24|0x0000000707200000, 0x0000000707200000, 0x0000000707400000|  0%| F|  |TAMS 0x0000000707200000, 0x0000000707200000| Untracked 
|  25|0x0000000707400000, 0x0000000707400000, 0x0000000707600000|  0%| F|  |TAMS 0x0000000707400000, 0x0000000707400000| Untracked 
|  26|0x0000000707600000, 0x0000000707600000, 0x0000000707800000|  0%| F|  |TAMS 0x0000000707600000, 0x0000000707600000| Untracked 
|  27|0x0000000707800000, 0x0000000707800000, 0x0000000707a00000|  0%| F|  |TAMS 0x0000000707800000, 0x0000000707800000| Untracked 
|  28|0x0000000707a00000, 0x0000000707a00000, 0x0000000707c00000|  0%| F|  |TAMS 0x0000000707a00000, 0x0000000707a00000| Untracked 
|  29|0x0000000707c00000, 0x0000000707c00000, 0x0000000707e00000|  0%| F|  |TAMS 0x0000000707c00000, 0x0000000707c00000| Untracked 
|  30|0x0000000707e00000, 0x0000000707e00000, 0x0000000708000000|  0%| F|  |TAMS 0x0000000707e00000, 0x0000000707e00000| Untracked 
|  31|0x0000000708000000, 0x0000000708000000, 0x0000000708200000|  0%| F|  |TAMS 0x0000000708000000, 0x0000000708000000| Untracked 
|  32|0x0000000708200000, 0x0000000708200000, 0x0000000708400000|  0%| F|  |TAMS 0x0000000708200000, 0x0000000708200000| Untracked 
|  33|0x0000000708400000, 0x0000000708400000, 0x0000000708600000|  0%| F|  |TAMS 0x0000000708400000, 0x0000000708400000| Untracked 
|  34|0x0000000708600000, 0x0000000708600000, 0x0000000708800000|  0%| F|  |TAMS 0x0000000708600000, 0x0000000708600000| Untracked 
|  35|0x0000000708800000, 0x0000000708800000, 0x0000000708a00000|  0%| F|  |TAMS 0x0000000708800000, 0x0000000708800000| Untracked 
|  36|0x0000000708a00000, 0x0000000708a00000, 0x0000000708c00000|  0%| F|  |TAMS 0x0000000708a00000, 0x0000000708a00000| Untracked 
|  37|0x0000000708c00000, 0x0000000708c00000, 0x0000000708e00000|  0%| F|  |TAMS 0x0000000708c00000, 0x0000000708c00000| Untracked 
|  38|0x0000000708e00000, 0x0000000708e00000, 0x0000000709000000|  0%| F|  |TAMS 0x0000000708e00000, 0x0000000708e00000| Untracked 
|  39|0x0000000709000000, 0x0000000709000000, 0x0000000709200000|  0%| F|  |TAMS 0x0000000709000000, 0x0000000709000000| Untracked 
|  40|0x0000000709200000, 0x0000000709200000, 0x0000000709400000|  0%| F|  |TAMS 0x0000000709200000, 0x0000000709200000| Untracked 
|  41|0x0000000709400000, 0x0000000709400000, 0x0000000709600000|  0%| F|  |TAMS 0x0000000709400000, 0x0000000709400000| Untracked 
|  42|0x0000000709600000, 0x0000000709600000, 0x0000000709800000|  0%| F|  |TAMS 0x0000000709600000, 0x0000000709600000| Untracked 
|  43|0x0000000709800000, 0x0000000709800000, 0x0000000709a00000|  0%| F|  |TAMS 0x0000000709800000, 0x0000000709800000| Untracked 
|  44|0x0000000709a00000, 0x0000000709ac7ce8, 0x0000000709c00000| 39%| E|  |TAMS 0x0000000709a00000, 0x0000000709a00000| Complete 
|  45|0x0000000709c00000, 0x0000000709e00000, 0x0000000709e00000|100%| E|CS|TAMS 0x0000000709c00000, 0x0000000709c00000| Complete 
|  46|0x0000000709e00000, 0x000000070a000000, 0x000000070a000000|100%| E|CS|TAMS 0x0000000709e00000, 0x0000000709e00000| Complete 
|  47|0x000000070a000000, 0x000000070a200000, 0x000000070a200000|100%| E|CS|TAMS 0x000000070a000000, 0x000000070a000000| Complete 
|  48|0x000000070a200000, 0x000000070a400000, 0x000000070a400000|100%| E|CS|TAMS 0x000000070a200000, 0x000000070a200000| Complete 
|  49|0x000000070a400000, 0x000000070a600000, 0x000000070a600000|100%| E|CS|TAMS 0x000000070a400000, 0x000000070a400000| Complete 
|  50|0x000000070a600000, 0x000000070a800000, 0x000000070a800000|100%| E|CS|TAMS 0x000000070a600000, 0x000000070a600000| Complete 
|  51|0x000000070a800000, 0x000000070aa00000, 0x000000070aa00000|100%| E|CS|TAMS 0x000000070a800000, 0x000000070a800000| Complete 
|  52|0x000000070aa00000, 0x000000070ac00000, 0x000000070ac00000|100%| E|CS|TAMS 0x000000070aa00000, 0x000000070aa00000| Complete 
| 125|0x0000000713c00000, 0x0000000713e00000, 0x0000000713e00000|100%| E|CS|TAMS 0x0000000713c00000, 0x0000000713c00000| Complete 

Card table byte_map: [0x0000019f78640000,0x0000019f78e20000] _byte_map_base: 0x0000019f74e1f000

Marking Bits (Prev, Next): (CMBitMap*) 0x0000019f7028b990, (CMBitMap*) 0x0000019f7028b950
 Prev Bits: [0x0000019f0f000000, 0x0000019f12ef8000)
 Next Bits: [0x0000019f79600000, 0x0000019f7d4f8000)

Polling page: 0x0000019f6e150000

Metaspace:

Usage:
  Non-class:     52.05 MB used.
      Class:      7.43 MB used.
       Both:     59.48 MB used.

Virtual space:
  Non-class space:       64.00 MB reserved,      52.38 MB ( 82%) committed,  1 nodes.
      Class space:        1.00 GB reserved,       7.81 MB ( <1%) committed,  1 nodes.
             Both:        1.06 GB reserved,      60.19 MB (  6%) committed. 

Chunk freelists:
   Non-Class:  3.00 MB
       Class:  173.00 KB
        Both:  3.17 MB

MaxMetaspaceSize: unlimited
CompressedClassSpaceSize: 1.00 GB
Initial GC threshold: 21.00 MB
Current GC threshold: 98.44 MB
CDS: on
MetaspaceReclaimPolicy: balanced
 - commit_granule_bytes: 65536.
 - commit_granule_words: 8192.
 - virtual_space_node_default_size: 8388608.
 - enlarge_chunks_in_place: 1.
 - new_chunks_are_fully_committed: 0.
 - uncommit_free_chunks: 1.
 - use_allocation_guard: 0.


Internal statistics:

num_allocs_failed_limit: 9.
num_arena_births: 1040.
num_arena_deaths: 0.
num_vsnodes_births: 2.
num_vsnodes_deaths: 0.
num_space_committed: 963.
num_space_uncommitted: 0.
num_chunks_returned_to_freelist: 9.
num_chunks_taken_from_freelist: 3108.
num_chunk_merges: 6.
num_chunk_splits: 2192.
num_chunks_enlarged: 1689.
num_inconsistent_stats: 0.

CodeHeap 'non-profiled nmethods': size=120000Kb used=4002Kb max_used=4002Kb free=115997Kb
 bounds [0x0000019f07ad0000, 0x0000019f07ec0000, 0x0000019f0f000000]
CodeHeap 'profiled nmethods': size=120000Kb used=13991Kb max_used=13991Kb free=106008Kb
 bounds [0x0000019f005a0000, 0x0000019f01350000, 0x0000019f07ad0000]
CodeHeap 'non-nmethods': size=5760Kb used=1343Kb max_used=1394Kb free=4416Kb
 bounds [0x0000019f00000000, 0x0000019f00270000, 0x0000019f005a0000]
 total_blobs=7198 nmethods=6551 adapters=559
 compilation: enabled
              stopped_count=0, restarted_count=0
 full_count=0

Compilation events (20 events):
Event: 889.538 Thread 0x0000019f7ff35720 nmethod 7376 0x0000019f01341d10 code [0x0000019f01341ea0, 0x0000019f01341fb8]
Event: 889.538 Thread 0x0000019f7ff35720 7377       3       com.sun.crypto.provider.GaloisCounterMode::engineGetOutputSize (14 bytes)
Event: 889.538 Thread 0x0000019f7ff35720 nmethod 7377 0x0000019f01342090 code [0x0000019f01342240, 0x0000019f013424f8]
Event: 889.600 Thread 0x0000019f7ff35720 7378   !   3       sun.security.ssl.SSLSocketImpl$AppOutputStream::write (325 bytes)
Event: 889.601 Thread 0x0000019f7ff35720 nmethod 7378 0x0000019f01342610 code [0x0000019f01342a00, 0x0000019f01344368]
Event: 899.550 Thread 0x0000019f7ff35720 7379   !   3       com.mongodb.internal.connection.InternalStreamConnection::sendAndReceive (41 bytes)
Event: 899.551 Thread 0x0000019f7ff35720 nmethod 7379 0x0000019f01344f10 code [0x0000019f01345140, 0x0000019f01345a78]
Event: 899.551 Thread 0x0000019f7ff35720 7380       3       com.mongodb.internal.connection.BsonWriterDecorator::writeInt32 (11 bytes)
Event: 899.551 Thread 0x0000019f7ff35720 nmethod 7380 0x0000019f01345e10 code [0x0000019f01345fc0, 0x0000019f013461a8]
Event: 899.551 Thread 0x0000019f7ff35720 7381       3       org.bson.AbstractBsonWriter::writeInt32 (30 bytes)
Event: 899.551 Thread 0x0000019f7ff35720 nmethod 7381 0x0000019f01346290 code [0x0000019f013464c0, 0x0000019f013470e8]
Event: 909.518 Thread 0x0000019f7ff33810 7382       4       org.bson.BsonInt32::<init> (10 bytes)
Event: 909.519 Thread 0x0000019f7ff33810 nmethod 7382 0x0000019f07eb8490 code [0x0000019f07eb8600, 0x0000019f07eb8678]
Event: 909.605 Thread 0x0000019f7ff33810 7383       4       org.bson.codecs.BsonDocumentCodec::decode (7 bytes)
Event: 909.605 Thread 0x0000019f7ff33810 nmethod 7383 0x0000019f07eb8790 code [0x0000019f07eb8920, 0x0000019f07eb89c8]
Event: 919.606 Thread 0x0000019f7ff33810 7384       4       org.bson.io.OutputBuffer::writeCharacters (273 bytes)
Event: 919.606 Thread 0x0000019f7ff35720 7385       3       java.nio.ByteBuffer::flip (5 bytes)
Event: 919.606 Thread 0x0000019f7ff35720 nmethod 7385 0x0000019f01347390 code [0x0000019f01347540, 0x0000019f01347708]
Event: 919.606 Thread 0x0000019f7ff35720 7386   !   3       sun.security.ssl.SSLSocketOutputRecord::deliver (403 bytes)
Event: 919.608 Thread 0x0000019f7ff35720 nmethod 7386 0x0000019f01347790 code [0x0000019f01347b00, 0x0000019f01349488]

GC Heap History (20 events):
Event: 4.669 GC heap before
{Heap before GC invocations=2 (full 0):
 garbage-first heap   total 258048K, used 60057K [0x0000000704200000, 0x0000000800000000)
  region size 2048K, 29 young (59392K), 2 survivors (4096K)
 Metaspace       used 21228K, committed 21504K, reserved 1114112K
  class space    used 2532K, committed 2688K, reserved 1048576K
}
Event: 4.677 GC heap after
{Heap after GC invocations=3 (full 0):
 garbage-first heap   total 258048K, used 13216K [0x0000000704200000, 0x0000000800000000)
  region size 2048K, 4 young (8192K), 4 survivors (8192K)
 Metaspace       used 21228K, committed 21504K, reserved 1114112K
  class space    used 2532K, committed 2688K, reserved 1048576K
}
Event: 6.467 GC heap before
{Heap before GC invocations=4 (full 0):
 garbage-first heap   total 61440K, used 41888K [0x0000000704200000, 0x0000000800000000)
  region size 2048K, 18 young (36864K), 4 survivors (8192K)
 Metaspace       used 26309K, committed 26752K, reserved 1114112K
  class space    used 3270K, committed 3456K, reserved 1048576K
}
Event: 6.477 GC heap after
{Heap after GC invocations=5 (full 0):
 garbage-first heap   total 61440K, used 15892K [0x0000000704200000, 0x0000000800000000)
  region size 2048K, 2 young (4096K), 2 survivors (4096K)
 Metaspace       used 26309K, committed 26752K, reserved 1114112K
  class space    used 3270K, committed 3456K, reserved 1048576K
}
Event: 6.544 GC heap before
{Heap before GC invocations=5 (full 0):
 garbage-first heap   total 61440K, used 17940K [0x0000000704200000, 0x0000000800000000)
  region size 2048K, 3 young (6144K), 2 survivors (4096K)
 Metaspace       used 26920K, committed 27456K, reserved 1114112K
  class space    used 3325K, committed 3584K, reserved 1048576K
}
Event: 6.548 GC heap after
{Heap after GC invocations=6 (full 0):
 garbage-first heap   total 61440K, used 16475K [0x0000000704200000, 0x0000000800000000)
  region size 2048K, 1 young (2048K), 1 survivors (2048K)
 Metaspace       used 26920K, committed 27456K, reserved 1114112K
  class space    used 3325K, committed 3584K, reserved 1048576K
}
Event: 7.205 GC heap before
{Heap before GC invocations=6 (full 0):
 garbage-first heap   total 61440K, used 39003K [0x0000000704200000, 0x0000000800000000)
  region size 2048K, 13 young (26624K), 1 survivors (2048K)
 Metaspace       used 32262K, committed 32832K, reserved 1114112K
  class space    used 3954K, committed 4224K, reserved 1048576K
}
Event: 7.208 GC heap after
{Heap after GC invocations=7 (full 0):
 garbage-first heap   total 61440K, used 18113K [0x0000000704200000, 0x0000000800000000)
  region size 2048K, 2 young (4096K), 2 survivors (4096K)
 Metaspace       used 32262K, committed 32832K, reserved 1114112K
  class space    used 3954K, committed 4224K, reserved 1048576K
}
Event: 7.518 GC heap before
{Heap before GC invocations=7 (full 0):
 garbage-first heap   total 61440K, used 34497K [0x0000000704200000, 0x0000000800000000)
  region size 2048K, 11 young (22528K), 2 survivors (4096K)
 Metaspace       used 35570K, committed 36096K, reserved 1114112K
  class space    used 4334K, committed 4608K, reserved 1048576K
}
Event: 7.522 GC heap after
{Heap after GC invocations=8 (full 0):
 garbage-first heap   total 61440K, used 20653K [0x0000000704200000, 0x0000000800000000)
  region size 2048K, 2 young (4096K), 2 survivors (4096K)
 Metaspace       used 35570K, committed 36096K, reserved 1114112K
  class space    used 4334K, committed 4608K, reserved 1048576K
}
Event: 7.982 GC heap before
{Heap before GC invocations=9 (full 0):
 garbage-first heap   total 61440K, used 43181K [0x0000000704200000, 0x0000000800000000)
  region size 2048K, 13 young (26624K), 2 survivors (4096K)
 Metaspace       used 40537K, committed 41088K, reserved 1114112K
  class space    used 4852K, committed 5120K, reserved 1048576K
}
Event: 7.988 GC heap after
{Heap after GC invocations=10 (full 0):
 garbage-first heap   total 61440K, used 22395K [0x0000000704200000, 0x0000000800000000)
  region size 2048K, 2 young (4096K), 2 survivors (4096K)
 Metaspace       used 40537K, committed 41088K, reserved 1114112K
  class space    used 4852K, committed 5120K, reserved 1048576K
}
Event: 8.034 GC heap before
{Heap before GC invocations=10 (full 0):
 garbage-first heap   total 61440K, used 24443K [0x0000000704200000, 0x0000000800000000)
  region size 2048K, 3 young (6144K), 2 survivors (4096K)
 Metaspace       used 41163K, committed 41664K, reserved 1114112K
  class space    used 4932K, committed 5184K, reserved 1048576K
}
Event: 8.038 GC heap after
{Heap after GC invocations=11 (full 0):
 garbage-first heap   total 61440K, used 22189K [0x0000000704200000, 0x0000000800000000)
  region size 2048K, 1 young (2048K), 1 survivors (2048K)
 Metaspace       used 41163K, committed 41664K, reserved 1114112K
  class space    used 4932K, committed 5184K, reserved 1048576K
}
Event: 8.872 GC heap before
{Heap before GC invocations=11 (full 0):
 garbage-first heap   total 61440K, used 40621K [0x0000000704200000, 0x0000000800000000)
  region size 2048K, 11 young (22528K), 1 survivors (2048K)
 Metaspace       used 46900K, committed 47488K, reserved 1114112K
  class space    used 5724K, committed 6016K, reserved 1048576K
}
Event: 8.876 GC heap after
{Heap after GC invocations=12 (full 0):
 garbage-first heap   total 159744K, used 24095K [0x0000000704200000, 0x0000000800000000)
  region size 2048K, 2 young (4096K), 2 survivors (4096K)
 Metaspace       used 46900K, committed 47488K, reserved 1114112K
  class space    used 5724K, committed 6016K, reserved 1048576K
}
Event: 26.739 GC heap before
{Heap before GC invocations=12 (full 0):
 garbage-first heap   total 159744K, used 101919K [0x0000000704200000, 0x0000000800000000)
  region size 2048K, 41 young (83968K), 2 survivors (4096K)
 Metaspace       used 59729K, committed 60416K, reserved 1114112K
  class space    used 7518K, committed 7872K, reserved 1048576K
}
Event: 26.754 GC heap after
{Heap after GC invocations=13 (full 0):
 garbage-first heap   total 159744K, used 29900K [0x0000000704200000, 0x0000000800000000)
  region size 2048K, 4 young (8192K), 4 survivors (8192K)
 Metaspace       used 59729K, committed 60416K, reserved 1114112K
  class space    used 7518K, committed 7872K, reserved 1048576K
}
Event: 683.983 GC heap before
{Heap before GC invocations=14 (full 0):
 garbage-first heap   total 110592K, used 87244K [0x0000000704200000, 0x0000000800000000)
  region size 2048K, 32 young (65536K), 4 survivors (8192K)
 Metaspace       used 60787K, committed 61568K, reserved 1114112K
  class space    used 7608K, committed 8000K, reserved 1048576K
}
Event: 683.993 GC heap after
{Heap after GC invocations=15 (full 0):
 garbage-first heap   total 110592K, used 30668K [0x0000000704200000, 0x0000000800000000)
  region size 2048K, 1 young (2048K), 1 survivors (2048K)
 Metaspace       used 60787K, committed 61568K, reserved 1114112K
  class space    used 7608K, committed 8000K, reserved 1048576K
}

Deoptimization events (20 events):
Event: 26.087 Thread 0x0000019f1a7e9dd0 DEOPT PACKING pc=0x0000019f07e36f90 sp=0x0000000ec71fb4a0
Event: 26.087 Thread 0x0000019f1a7e9dd0 DEOPT UNPACKING pc=0x0000019f00055c23 sp=0x0000000ec71fb3b8 mode 2
Event: 26.407 Thread 0x0000019f1a7e9dd0 Uncommon trap: trap_request=0xffffff45 fr.pc=0x0000019f07bbb1a4 relative=0x00000000000000a4
Event: 26.407 Thread 0x0000019f1a7e9dd0 Uncommon trap: reason=unstable_if action=reinterpret pc=0x0000019f07bbb1a4 method=java.lang.Integer.stringSize(I)I @ 3 c2
Event: 26.407 Thread 0x0000019f1a7e9dd0 DEOPT PACKING pc=0x0000019f07bbb1a4 sp=0x0000000ec71fc660
Event: 26.407 Thread 0x0000019f1a7e9dd0 DEOPT UNPACKING pc=0x0000019f00055c23 sp=0x0000000ec71fc5e8 mode 2
Event: 26.407 Thread 0x0000019f1a7e9dd0 Uncommon trap: trap_request=0xffffff45 fr.pc=0x0000019f07bbb6d4 relative=0x00000000000002b4
Event: 26.407 Thread 0x0000019f1a7e9dd0 Uncommon trap: reason=unstable_if action=reinterpret pc=0x0000019f07bbb6d4 method=java.lang.Integer.getChars(II[B)I @ 4 c2
Event: 26.407 Thread 0x0000019f1a7e9dd0 DEOPT PACKING pc=0x0000019f07bbb6d4 sp=0x0000000ec71fc640
Event: 26.407 Thread 0x0000019f1a7e9dd0 DEOPT UNPACKING pc=0x0000019f00055c23 sp=0x0000000ec71fc5d0 mode 2
Event: 26.517 Thread 0x0000019f1a7e9dd0 Uncommon trap: trap_request=0xffffff45 fr.pc=0x0000019f07d04850 relative=0x0000000000000050
Event: 26.517 Thread 0x0000019f1a7e9dd0 Uncommon trap: reason=unstable_if action=reinterpret pc=0x0000019f07d04850 method=java.util.stream.StreamOpFlag.fromCharacteristics(Ljava/util/Spliterator;)I @ 10 c2
Event: 26.517 Thread 0x0000019f1a7e9dd0 DEOPT PACKING pc=0x0000019f07d04850 sp=0x0000000ec71faec0
Event: 26.517 Thread 0x0000019f1a7e9dd0 DEOPT UNPACKING pc=0x0000019f00055c23 sp=0x0000000ec71fae50 mode 2
Event: 26.669 Thread 0x0000019f1a7e9dd0 Uncommon trap: trap_request=0xffffff45 fr.pc=0x0000019f07da1a98 relative=0x00000000000002f8
Event: 26.669 Thread 0x0000019f1a7e9dd0 Uncommon trap: reason=unstable_if action=reinterpret pc=0x0000019f07da1a98 method=org.springframework.util.ClassUtils.isAssignable(Ljava/lang/Class;Ljava/lang/Class;)Z @ 26 c2
Event: 26.669 Thread 0x0000019f1a7e9dd0 DEOPT PACKING pc=0x0000019f07da1a98 sp=0x0000000ec71fa4e0
Event: 26.669 Thread 0x0000019f1a7e9dd0 DEOPT UNPACKING pc=0x0000019f00055c23 sp=0x0000000ec71fa488 mode 2
Event: 70.761 Thread 0x0000019f1a7e7c20 DEOPT PACKING pc=0x0000019f010ad8d6 sp=0x0000000ec6dfe5b0
Event: 70.761 Thread 0x0000019f1a7e7c20 DEOPT UNPACKING pc=0x0000019f00056763 sp=0x0000000ec6dfda70 mode 0

Classes loaded (20 events):
Event: 26.275 Loading class sun/security/provider/SecureRandom$SeederHolder
Event: 26.275 Loading class sun/security/provider/SecureRandom$SeederHolder done
Event: 26.402 Loading class java/text/FieldPosition$Delegate
Event: 26.402 Loading class java/text/FieldPosition$Delegate done
Event: 26.680 Loading class java/time/format/DateTimeFormatterBuilder$ZoneTextPrinterParser
Event: 26.680 Loading class java/time/format/DateTimeFormatterBuilder$ZoneTextPrinterParser done
Event: 26.681 Loading class java/time/format/DateTimeFormatterBuilder$ReducedPrinterParser
Event: 26.681 Loading class java/time/format/DateTimeFormatterBuilder$ReducedPrinterParser done
Event: 26.854 Loading class java/util/OptionalLong
Event: 26.855 Loading class java/util/OptionalLong done
Event: 26.855 Loading class java/util/OptionalDouble
Event: 26.855 Loading class java/util/OptionalDouble done
Event: 26.914 Loading class java/util/stream/LongStream
Event: 26.915 Loading class java/util/stream/LongStream done
Event: 26.915 Loading class java/util/stream/DoubleStream
Event: 26.916 Loading class java/util/stream/DoubleStream done
Event: 26.944 Loading class org/w3c/dom/Node
Event: 26.944 Loading class org/w3c/dom/Node done
Event: 26.944 Loading class org/w3c/dom/Document
Event: 26.945 Loading class org/w3c/dom/Document done

Classes unloaded (0 events):
No events

Classes redefined (0 events):
No events

Internal exceptions (20 events):
Event: 9.387 Thread 0x0000019f17c1e7d0 Exception <a 'sun/nio/fs/WindowsException'{0x000000070d102708}> (0x000000070d102708) 
thrown [s\open\src\hotspot\share\prims\jni.cpp, line 516]
Event: 9.773 Thread 0x0000019f17c1e7d0 Implicit null exception at 0x0000019f07b8a3cf to 0x0000019f07b8a5d8
Event: 9.787 Thread 0x0000019f17c1e7d0 Exception <a 'java/lang/NoSuchMethodError'{0x000000070c42ef50}: 'java.lang.Object java.lang.invoke.DirectMethodHandle$Holder.newInvokeSpecial(java.lang.Object, java.lang.Object, java.lang.Object, java.lang.Object, java.lang.Object, java.lang.Object, java.lang.Object, java.lang.Object)'> (0x000000070c42ef50) 
thrown [s\open\src\hotspot\share\interpreter\linkResolver.cpp, line 766]
Event: 10.226 Thread 0x0000019f17c1e7d0 Exception <a 'java/lang/IncompatibleClassChangeError'{0x000000070bba1030}: Found class java.lang.Object, but interface was expected> (0x000000070bba1030) 
thrown [s\open\src\hotspot\share\interpreter\linkResolver.cpp, line 833]
Event: 10.469 Thread 0x0000019f17c1e7d0 Exception <a 'java/lang/NoSuchMethodError'{0x000000070b5002b8}: 'java.lang.Object java.lang.invoke.DirectMethodHandle$Holder.invokeVirtual(java.lang.Object, java.lang.Object, java.lang.Object, java.lang.Object, java.lang.Object, java.lang.Object, java.lang.Object)'> (0x000000070b5002b8) 
thrown [s\open\src\hotspot\share\interpreter\linkResolver.cpp, line 766]
Event: 10.472 Thread 0x0000019f17c1e7d0 Exception <a 'java/lang/NoSuchMethodError'{0x000000070b522eb8}: 'java.lang.Object java.lang.invoke.DirectMethodHandle$Holder.invokeVirtual(java.lang.Object, java.lang.Object, java.lang.Object, java.lang.Object, java.lang.Object, java.lang.Object, java.lang.Object, java.lang.Object)'> (0x000000070b522eb8) 
thrown [s\open\src\hotspot\share\interpreter\linkResolver.cpp, line 766]
Event: 10.818 Thread 0x0000019f17c1e7d0 Exception <a 'java/lang/NoSuchMethodError'{0x000000070ac32a20}: 'int java.lang.invoke.DirectMethodHandle$Holder.invokeStaticInit(java.lang.Object, java.lang.Object, java.lang.Object, java.lang.Object)'> (0x000000070ac32a20) 
thrown [s\open\src\hotspot\share\interpreter\linkResolver.cpp, line 766]
Event: 10.831 Thread 0x0000019f17c1e7d0 Implicit null exception at 0x0000019f07cd174f to 0x0000019f07cd1c1c
Event: 11.196 Thread 0x0000019f17c1e7d0 Exception <a 'java/lang/NoSuchMethodError'{0x000000070a932790}: 'java.lang.Object java.lang.invoke.DirectMethodHandle$Holder.newInvokeSpecial(java.lang.Object, java.lang.Object, int, java.lang.Object, java.lang.Object)'> (0x000000070a932790) 
thrown [s\open\src\hotspot\share\interpreter\linkResolver.cpp, line 766]
Event: 25.239 Thread 0x0000019f1a7ec450 Exception <a 'java/lang/NoSuchMethodError'{0x000000070a027a68}: 'java.lang.Object java.lang.invoke.DirectMethodHandle$Holder.invokeSpecial(java.lang.Object, java.lang.Object, java.lang.Object, java.lang.Object, java.lang.Object, long)'> (0x000000070a027a68) 
thrown [s\open\src\hotspot\share\interpreter\linkResolver.cpp, line 766]
Event: 25.239 Thread 0x0000019f1a7ec450 Exception <a 'java/lang/NoSuchMethodError'{0x000000070a02b468}: 'java.lang.Object java.lang.invoke.Invokers$Holder.linkToTargetMethod(java.lang.Object, java.lang.Object, java.lang.Object, long, java.lang.Object)'> (0x000000070a02b468) 
thrown [s\open\src\hotspot\share\interpreter\linkResolver.cpp, line 766]
Event: 25.746 Thread 0x0000019f1a7e9dd0 Exception <a 'java/lang/NoSuchMethodError'{0x000000070994e0a0}: 'java.lang.Object java.lang.invoke.DirectMethodHandle$Holder.invokeInterface(java.lang.Object, java.lang.Object, int)'> (0x000000070994e0a0) 
thrown [s\open\src\hotspot\share\interpreter\linkResolver.cpp, line 766]
Event: 26.087 Thread 0x0000019f1a7e9dd0 Implicit null exception at 0x0000019f07e365d3 to 0x0000019f07e36f70
Event: 26.156 Thread 0x0000019f1a7e9dd0 Exception <a 'java/lang/NoSuchMethodError'{0x0000000709496670}: 'long java.lang.invoke.DirectMethodHandle$Holder.invokeStatic(java.lang.Object, long)'> (0x0000000709496670) 
thrown [s\open\src\hotspot\share\interpreter\linkResolver.cpp, line 766]
Event: 26.242 Thread 0x0000019f1a7e9dd0 Exception <a 'java/lang/NoSuchMethodError'{0x00000007095c67c8}: 'void java.lang.invoke.Invokers$Holder.invoke_MT(java.lang.Object, java.lang.Object, java.lang.Object, java.lang.Object)'> (0x00000007095c67c8) 
thrown [s\open\src\hotspot\share\interpreter\linkResolver.cpp, line 766]
Event: 26.494 Thread 0x0000019f1a7e9dd0 Exception <a 'java/lang/NoSuchMethodError'{0x00000007090b1790}: 'java.lang.Object java.lang.invoke.Invokers$Holder.linkToTargetMethod(java.lang.Object, java.lang.Object, java.lang.Object, java.lang.Object, java.lang.Object, java.lang.Object, java.lang.Object, java.lang.Object)'> (0x00000007090b1790) 
thrown [s\open\src\hotspot\share\interpreter\linkResolver.cpp, line 766]
Event: 26.669 Thread 0x0000019f1a7e9dd0 Implicit null exception at 0x0000019f07da181e to 0x0000019f07da1a74
Event: 71.202 Thread 0x0000019f1a7e8f60 Exception <a 'java/lang/NoSuchMethodError'{0x000000070a2402c8}: 'java.lang.Object java.lang.invoke.DirectMethodHandle$Holder.invokeSpecial(java.lang.Object, java.lang.Object, long, int, int, int, int, int, int, int, int, int)'> (0x000000070a2402c8) 
thrown [s\open\src\hotspot\share\interpreter\linkResolver.cpp, line 766]
Event: 71.202 Thread 0x0000019f1a7e8f60 Exception <a 'java/lang/NoSuchMethodError'{0x000000070a243f20}: 'java.lang.Object java.lang.invoke.DelegatingMethodHandle$Holder.reinvoke_L(java.lang.Object, long, int, int, int, int, int, int, int, int, int)'> (0x000000070a243f20) 
thrown [s\open\src\hotspot\share\interpreter\linkResolver.cpp, line 766]
Event: 71.208 Thread 0x0000019f1a7e8f60 Exception <a 'java/lang/NoSuchMethodError'{0x000000070a291080}: 'java.lang.Object java.lang.invoke.Invokers$Holder.linkToTargetMethod(int, int, int, java.lang.Object)'> (0x000000070a291080) 
thrown [s\open\src\hotspot\share\interpreter\linkResolver.cpp, line 766]

VM Operations (20 events):
Event: 809.986 Executing VM operation: Cleanup
Event: 809.986 Executing VM operation: Cleanup done
Event: 840.254 Executing VM operation: Cleanup
Event: 840.254 Executing VM operation: Cleanup done
Event: 850.329 Executing VM operation: Cleanup
Event: 850.329 Executing VM operation: Cleanup done
Event: 851.342 Executing VM operation: Cleanup
Event: 851.342 Executing VM operation: Cleanup done
Event: 860.408 Executing VM operation: Cleanup
Event: 860.408 Executing VM operation: Cleanup done
Event: 870.492 Executing VM operation: Cleanup
Event: 870.492 Executing VM operation: Cleanup done
Event: 879.559 Executing VM operation: Cleanup
Event: 879.559 Executing VM operation: Cleanup done
Event: 889.645 Executing VM operation: Cleanup
Event: 889.645 Executing VM operation: Cleanup done
Event: 899.720 Executing VM operation: Cleanup
Event: 899.720 Executing VM operation: Cleanup done
Event: 909.790 Executing VM operation: Cleanup
Event: 909.790 Executing VM operation: Cleanup done

Events (20 events):
Event: 11.371 Thread 0x0000019f70219c00 Thread exited: 0x0000019f70219c00
Event: 11.371 Thread 0x0000019f1a7eefa0 Thread added: 0x0000019f1a7eefa0
Event: 12.178 Thread 0x0000019f1b16e040 Thread exited: 0x0000019f1b16e040
Event: 12.178 Thread 0x0000019f17786880 Thread exited: 0x0000019f17786880
Event: 25.901 Thread 0x0000019f17a28520 Thread added: 0x0000019f17a28520
Event: 26.063 Thread 0x0000019f7ff39510 flushing nmethod 0x0000019f07b73610
Event: 26.063 Thread 0x0000019f7ff39510 flushing nmethod 0x0000019f07b91f10
Event: 26.063 Thread 0x0000019f7ff39510 flushing nmethod 0x0000019f07bb6790
Event: 26.063 Thread 0x0000019f7ff39510 flushing nmethod 0x0000019f07bccc10
Event: 26.063 Thread 0x0000019f7ff39510 flushing nmethod 0x0000019f07c77a10
Event: 26.066 Thread 0x0000019f7ff39510 flushing nmethod 0x0000019f007b1910
Event: 26.069 Thread 0x0000019f7ff39510 flushing nmethod 0x0000019f009f5190
Event: 26.074 Thread 0x0000019f7ff39510 flushing nmethod 0x0000019f00fa9e90
Event: 26.075 Thread 0x0000019f7ff39510 flushing nmethod 0x0000019f00ff6410
Event: 26.085 Thread 0x0000019f178a4c50 Thread added: 0x0000019f178a4c50
Event: 26.235 Loaded shared library C:\Program Files\Java\jdk-18.0.1.1\bin\verify.dll
Event: 26.660 Thread 0x0000019f178a4c50 Thread exited: 0x0000019f178a4c50
Event: 28.898 Thread 0x0000019f17a28520 Thread exited: 0x0000019f17a28520
Event: 68.115 Thread 0x0000019f1978e750 Thread exited: 0x0000019f1978e750
Event: 71.210 Thread 0x0000019f1a7ef470 Thread added: 0x0000019f1a7ef470


Dynamic libraries:
0x00007ff772d00000 - 0x00007ff772d10000 	C:\Program Files\Java\jdk-18.0.1.1\bin\java.exe
0x00007ff962820000 - 0x00007ff962a80000 	C:\WINDOWS\SYSTEM32\ntdll.dll
0x00007ff961810000 - 0x00007ff9618d7000 	C:\WINDOWS\System32\KERNEL32.DLL
0x00007ff95fa00000 - 0x00007ff95fdca000 	C:\WINDOWS\System32\KERNELBASE.dll
0x00007ff95ff40000 - 0x00007ff96008b000 	C:\WINDOWS\System32\ucrtbase.dll
0x00007ff95a640000 - 0x00007ff95a65a000 	C:\Program Files\Java\jdk-18.0.1.1\bin\VCRUNTIME140.dll
0x00007ff956a50000 - 0x00007ff956a68000 	C:\Program Files\Java\jdk-18.0.1.1\bin\jli.dll
0x00007ff960fe0000 - 0x00007ff961092000 	C:\WINDOWS\System32\ADVAPI32.dll
0x00007ff9626a0000 - 0x00007ff962749000 	C:\WINDOWS\System32\msvcrt.dll
0x00007ff961700000 - 0x00007ff9617a6000 	C:\WINDOWS\System32\sechost.dll
0x00007ff9620b0000 - 0x00007ff9621c6000 	C:\WINDOWS\System32\RPCRT4.dll
0x00007ff960d90000 - 0x00007ff960f5c000 	C:\WINDOWS\System32\USER32.dll
0x00007ff95fdd0000 - 0x00007ff95fdf7000 	C:\WINDOWS\System32\win32u.dll
0x00007ff962080000 - 0x00007ff9620aa000 	C:\WINDOWS\System32\GDI32.dll
0x00007ff9604e0000 - 0x00007ff960611000 	C:\WINDOWS\System32\gdi32full.dll
0x00007ff95fe90000 - 0x00007ff95ff33000 	C:\WINDOWS\System32\msvcp_win.dll
0x00007ff94ec30000 - 0x00007ff94ec3b000 	C:\WINDOWS\SYSTEM32\VERSION.dll
0x00007ff9441e0000 - 0x00007ff944477000 	C:\WINDOWS\WinSxS\amd64_microsoft.windows.common-controls_6595b64144ccf1df_6.0.26100.3624_none_3e086962e3345f24\COMCTL32.dll
0x00007ff960620000 - 0x00007ff96064f000 	C:\WINDOWS\System32\IMM32.DLL
0x00007ff95a630000 - 0x00007ff95a63c000 	C:\Program Files\Java\jdk-18.0.1.1\bin\vcruntime140_1.dll
0x00007ff93c460000 - 0x00007ff93c4ed000 	C:\Program Files\Java\jdk-18.0.1.1\bin\msvcp140.dll
0x00007ff89b7b0000 - 0x00007ff89c3c0000 	C:\Program Files\Java\jdk-18.0.1.1\bin\server\jvm.dll
0x00007ff9616f0000 - 0x00007ff9616f8000 	C:\WINDOWS\System32\PSAPI.DLL
0x00007ff957180000 - 0x00007ff9571b6000 	C:\WINDOWS\SYSTEM32\WINMM.dll
0x00007ff942d70000 - 0x00007ff942d7a000 	C:\WINDOWS\SYSTEM32\WSOCK32.dll
0x00007ff962250000 - 0x00007ff9622c4000 	C:\WINDOWS\System32\WS2_32.dll
0x00007ff95e930000 - 0x00007ff95e94a000 	C:\WINDOWS\SYSTEM32\kernel.appcore.dll
0x00007ff95a3d0000 - 0x00007ff95a3da000 	C:\Program Files\Java\jdk-18.0.1.1\bin\jimage.dll
0x00007ff95d0e0000 - 0x00007ff95d321000 	C:\WINDOWS\SYSTEM32\DBGHELP.DLL
0x00007ff961150000 - 0x00007ff9614d2000 	C:\WINDOWS\System32\combase.dll
0x00007ff9625b0000 - 0x00007ff962686000 	C:\WINDOWS\System32\OLEAUT32.dll
0x00007ff93b710000 - 0x00007ff93b749000 	C:\WINDOWS\SYSTEM32\dbgcore.DLL
0x00007ff9602d0000 - 0x00007ff960369000 	C:\WINDOWS\System32\bcryptPrimitives.dll
0x00007ff956f00000 - 0x00007ff956f0e000 	C:\Program Files\Java\jdk-18.0.1.1\bin\instrument.dll
0x00007ff949520000 - 0x00007ff949545000 	C:\Program Files\Java\jdk-18.0.1.1\bin\java.dll
0x00007ff91e740000 - 0x00007ff91e816000 	C:\Program Files\Java\jdk-18.0.1.1\bin\jsvml.dll
0x00007ff960660000 - 0x00007ff960d89000 	C:\WINDOWS\System32\SHELL32.dll
0x00007ff960370000 - 0x00007ff9604d8000 	C:\WINDOWS\System32\wintypes.dll
0x00007ff95d6c0000 - 0x00007ff95df12000 	C:\WINDOWS\SYSTEM32\windows.storage.dll
0x00007ff961d70000 - 0x00007ff961e5d000 	C:\WINDOWS\System32\SHCORE.dll
0x00007ff962540000 - 0x00007ff9625a4000 	C:\WINDOWS\System32\shlwapi.dll
0x00007ff95f910000 - 0x00007ff95f93f000 	C:\WINDOWS\SYSTEM32\profapi.dll
0x00007ff949460000 - 0x00007ff949478000 	C:\Program Files\Java\jdk-18.0.1.1\bin\zip.dll
0x00007ff94dd40000 - 0x00007ff94dd53000 	C:\Program Files\Java\jdk-18.0.1.1\bin\net.dll
0x00007ff952360000 - 0x00007ff95247d000 	C:\WINDOWS\SYSTEM32\WINHTTP.dll
0x00007ff95ee50000 - 0x00007ff95eeba000 	C:\WINDOWS\system32\mswsock.dll
0x00007ff949eb0000 - 0x00007ff949ec6000 	C:\Program Files\Java\jdk-18.0.1.1\bin\nio.dll
0x00007ff949440000 - 0x00007ff94945a000 	F:\IntelliJ IDEA Community Edition 2024.3.1.1\bin\breakgen64.dll
0x00007ff956a40000 - 0x00007ff956a49000 	C:\Program Files\Java\jdk-18.0.1.1\bin\management.dll
0x00007ff949fa0000 - 0x00007ff949fab000 	C:\Program Files\Java\jdk-18.0.1.1\bin\management_ext.dll
0x00007ff949e00000 - 0x00007ff949e0e000 	C:\Program Files\Java\jdk-18.0.1.1\bin\sunmscapi.dll
0x00007ff960150000 - 0x00007ff9602c7000 	C:\WINDOWS\System32\CRYPT32.dll
0x00007ff95f2f0000 - 0x00007ff95f320000 	C:\WINDOWS\SYSTEM32\ncrypt.dll
0x00007ff95f2a0000 - 0x00007ff95f2df000 	C:\WINDOWS\SYSTEM32\NTASN1.dll
0x00007ff95f0f0000 - 0x00007ff95f10c000 	C:\WINDOWS\SYSTEM32\CRYPTSP.dll
0x00007ff95e890000 - 0x00007ff95e8ca000 	C:\WINDOWS\system32\rsaenh.dll
0x00007ff95eef0000 - 0x00007ff95ef1b000 	C:\WINDOWS\SYSTEM32\USERENV.dll
0x00007ff95f8e0000 - 0x00007ff95f906000 	C:\WINDOWS\SYSTEM32\bcrypt.dll
0x00007ff95f110000 - 0x00007ff95f11c000 	C:\WINDOWS\SYSTEM32\CRYPTBASE.dll
0x00007ff95e360000 - 0x00007ff95e393000 	C:\WINDOWS\SYSTEM32\IPHLPAPI.DLL
0x00007ff962430000 - 0x00007ff96243a000 	C:\WINDOWS\System32\NSI.dll
0x00007ff957060000 - 0x00007ff95707f000 	C:\WINDOWS\SYSTEM32\dhcpcsvc6.DLL
0x00007ff956fd0000 - 0x00007ff956ff5000 	C:\WINDOWS\SYSTEM32\dhcpcsvc.DLL
0x00007ff95e3a0000 - 0x00007ff95e4c5000 	C:\WINDOWS\SYSTEM32\DNSAPI.dll
0x00007ff94f820000 - 0x00007ff94f82b000 	C:\Windows\System32\rasadhlp.dll
0x00007ff9593a0000 - 0x00007ff959425000 	C:\WINDOWS\System32\fwpuclnt.dll
0x00007ff949ad0000 - 0x00007ff949ae0000 	C:\Program Files\Java\jdk-18.0.1.1\bin\verify.dll

dbghelp: loaded successfully - version: 4.0.5 - missing functions: none
symbol engine: initialized successfully - sym options: 0x614 - pdb path: .;C:\Program Files\Java\jdk-18.0.1.1\bin;C:\WINDOWS\SYSTEM32;C:\WINDOWS\WinSxS\amd64_microsoft.windows.common-controls_6595b64144ccf1df_6.0.26100.3624_none_3e086962e3345f24;C:\Program Files\Java\jdk-18.0.1.1\bin\server;F:\IntelliJ IDEA Community Edition 2024.3.1.1\bin

VM Arguments:
jvm_args: -javaagent:F:\IntelliJ IDEA Community Edition 2024.3.1.1\lib\idea_rt.jar=56192:F:\IntelliJ IDEA Community Edition 2024.3.1.1\bin -Dfile.encoding=UTF-8 -Dsun.stdout.encoding=UTF-8 -Dsun.stderr.encoding=UTF-8 
java_command: com.wedstra.app.wedstra.backend.Application
java_class_path (initial): E:\Freelancing\Wedstra_Project\wedstra_backend\target\classes;C:\Users\DELL\.m2\repository\org\springframework\boot\spring-boot-starter-data-mongodb\3.4.1\spring-boot-starter-data-mongodb-3.4.1.jar;C:\Users\DELL\.m2\repository\org\springframework\boot\spring-boot-starter\3.4.1\spring-boot-starter-3.4.1.jar;C:\Users\DELL\.m2\repository\org\springframework\boot\spring-boot-starter-logging\3.4.1\spring-boot-starter-logging-3.4.1.jar;C:\Users\DELL\.m2\repository\ch\qos\logback\logback-classic\1.5.12\logback-classic-1.5.12.jar;C:\Users\DELL\.m2\repository\ch\qos\logback\logback-core\1.5.12\logback-core-1.5.12.jar;C:\Users\DELL\.m2\repository\org\apache\logging\log4j\log4j-to-slf4j\2.24.3\log4j-to-slf4j-2.24.3.jar;C:\Users\DELL\.m2\repository\org\apache\logging\log4j\log4j-api\2.24.3\log4j-api-2.24.3.jar;C:\Users\DELL\.m2\repository\org\slf4j\jul-to-slf4j\2.0.16\jul-to-slf4j-2.0.16.jar;C:\Users\DELL\.m2\repository\jakarta\annotation\jakarta.annotation-api\2.1.1\jakarta.annotation-api-2.1.1.jar;C:\Users\DELL\.m2\repository\org\yaml\snakeyaml\2.3\snakeyaml-2.3.jar;C:\Users\DELL\.m2\repository\org\mongodb\mongodb-driver-sync\5.2.1\mongodb-driver-sync-5.2.1.jar;C:\Users\DELL\.m2\repository\org\mongodb\bson\5.2.1\bson-5.2.1.jar;C:\Users\DELL\.m2\repository\org\mongodb\mongodb-driver-core\5.2.1\mongodb-driver-core-5.2.1.jar;C:\Users\DELL\.m2\repository\org\mongodb\bson-record-codec\5.2.1\bson-record-codec-5.2.1.jar;C:\Users\DELL\.m2\repository\org\springframework\data\spring-data-mongodb\4.4.1\spring-data-mongodb-4.4.1.jar;C:\Users\DELL\.m2\repository\org\springframework\spring-tx\6.2.1\spring-tx-6.2.1.jar;C:\Users\DELL\.m2\repository\org\springframework\spring-context\6.2.1\spring-context-6.2.1.jar;C:\Users\DELL\.m2\repository\org\springframework\spring-beans\6.2.1\spring-beans-6.2.1.jar;C:\Users\DELL\.m2\repository\org\springframework\spring-expression\6.2.1\spring-expression-6.2.1.jar;C:\Users\DELL\.m2\repository\org\springframework\data\spring-data-commons\3.4.1\spring-data-commons-3.4.1.jar;C:\Users\DELL\.m2\repository\org\slf4j\slf4j-api\2.0.16\slf4j-api-2.0.16.jar;C:\Users\DELL\.m2\repository\org\springframework\boot\spring-boot-starter-web\3.4.1\spring-boot-starter-web-3.4.1.jar;C:\Users\DELL\.m2\repository\org\springframework\boot\spring-boot-starter-json\3.4.1\spring-boot-starter-json-3.4.1.jar;C:\Users\DELL\.m2\repository\com\fasterxml\jackson\datatype\jackson-datatype-jdk8\2.18.2\jackson-datatype-jdk8-2.18.2.jar;C:\Users\DELL\.m2\repository\com\fasterxml\jackson\datatype\jackson-datatype-jsr310\2.18.2\jackson-datatype-jsr310-2.18.2.jar;C:\Users\DELL\.m2\repository\com\fasterxml\jackson\module\jackson-module-parameter-names\2.18.2\jackson-module-parameter-names-2.18.2.jar;C:\Users\DELL\.m2\repository\org\springframework\boot\spring-boot-starter-tomcat\3.4.1\spring-boot-starter-tomcat-3.4.1.jar;C:\Users\DELL\.m2\repository\org\apache\tomcat\embed\tomcat-embed-core\10.1.34\tomcat-embed-core-10.1.34.jar;C:\Users\DELL\.m2\repository\org\apache\tomcat\embed\tomcat-embed-el\10.1.34\tomcat-embed-el-10.1.34.jar;C:\Users\DELL\.m2\repository\org\apache\tomcat\embed\tomcat-embed-websocket\10.1.34\tomcat-embed-websocket-10.1.34.jar;C:\Users\DELL\.m2\repository\org\springframework\spring-web\6.2.1\spring-web-6.2.1.jar;C:\Users\DELL\.m2\repository\io\micrometer\micrometer-observation\1.14.2\micrometer-observation-1.14.2.jar;C:\Users\DELL\.m2\repository\io\micrometer\micrometer-commons\1.14.2\micrometer-commons-1.14.2.jar;C:\Users\DELL\.m2\repository\org\springframework\spring-webmvc\6.2.1\spring-webmvc-6.2.1.jar;C:\Users\DELL\.m2\repository\org\springframework\boot\spring-boot-devtools\3.4.1\spring-boot-devtools-3.4.1.jar;C:\Users\DELL\.m2\repository\org\springframework\boot\spring-boot\3.4.1\spring-boot-3.4.1.jar;C:\Users\DELL\.m2\repository\org\springframework\boot\spring-boot-autoconfigure\3.4.1\spring-boot-autoconfigure-3.4.1.jar;C:\Users\DELL\.m2\repository\org\projectlombok\lombok\1.18.36\lombok-1.18.36.jar;C:\Users\DELL\.m2\repository\org\springframework\spring-core\6.2.1\spring-core-6.2.1.jar;C:\Users\DELL\.m2\repository\org\springframework\spring-jcl\6.2.1\spring-jcl-6.2.1.jar;C:\Users\DELL\.m2\repository\org\springframework\boot\spring-boot-starter-security\3.4.1\spring-boot-starter-security-3.4.1.jar;C:\Users\DELL\.m2\repository\org\springframework\spring-aop\6.2.1\spring-aop-6.2.1.jar;C:\Users\DELL\.m2\repository\org\springframework\security\spring-security-config\6.4.2\spring-security-config-6.4.2.jar;C:\Users\DELL\.m2\repository\org\springframework\security\spring-security-web\6.4.2\spring-security-web-6.4.2.jar;C:\Users\DELL\.m2\repository\org\springframework\security\spring-security-core\6.4.2\spring-security-core-6.4.2.jar;C:\Users\DELL\.m2\repository\org\springframework\security\spring-security-crypto\6.4.2\spring-security-crypto-6.4.2.jar;C:\Users\DELL\.m2\repository\at\favre\lib\bcrypt\0.10.2\bcrypt-0.10.2.jar;C:\Users\DELL\.m2\repository\at\favre\lib\bytes\1.5.0\bytes-1.5.0.jar;C:\Users\DELL\.m2\repository\io\jsonwebtoken\jjwt\0.12.5\jjwt-0.12.5.jar;C:\Users\DELL\.m2\repository\io\jsonwebtoken\jjwt-api\0.12.5\jjwt-api-0.12.5.jar;C:\Users\DELL\.m2\repository\io\jsonwebtoken\jjwt-impl\0.12.5\jjwt-impl-0.12.5.jar;C:\Users\DELL\.m2\repository\io\jsonwebtoken\jjwt-jackson\0.12.5\jjwt-jackson-0.12.5.jar;C:\Users\DELL\.m2\repository\com\fasterxml\jackson\core\jackson-databind\2.18.2\jackson-databind-2.18.2.jar;C:\Users\DELL\.m2\repository\com\fasterxml\jackson\core\jackson-annotations\2.18.2\jackson-annotations-2.18.2.jar;C:\Users\DELL\.m2\repository\com\fasterxml\jackson\core\jackson-core\2.18.2\jackson-core-2.18.2.jar;C:\Users\DELL\.m2\repository\software\amazon\awssdk\s3\2.21.0\s3-2.21.0.jar;C:\Users\DELL\.m2\repository\software\amazon\awssdk\aws-xml-protocol\2.21.0\aws-xml-protocol-2.21.0.jar;C:\Users\DELL\.m2\repository\software\amazon\awssdk\aws-query-protocol\2.21.0\aws-query-protocol-2.21.0.jar;C:\Users\DELL\.m2\repository\software\amazon\awssdk\protocol-core\2.21.0\protocol-core-2.21.0.jar;C:\Users\DELL\.m2\repository\software\amazon\awssdk\arns\2.21.0\arns-2.21.0.jar;C:\Users\DELL\.m2\repository\software\amazon\awssdk\profiles\2.21.0\profiles-2.21.0.jar;C:\Users\DELL\.m2\repository\software\amazon\awssdk\crt-core\2.21.0\crt-core-2.21.0.jar;C:\Users\DELL\.m2\repository\software\amazon\awssdk\http-auth\2.21.0\http-auth-2.21.0.jar;C:\Users\DELL\.m2\repository\software\amazon\awssdk\http-auth-aws\2.21.0\http-auth-aws-2.21.0.jar;C:\Users\DELL\.m2\repository\software\amazon\awssdk\checksums-spi\2.21.0\checksums-spi-2.21.0.jar;C:\Users\DELL\.m2\repository\software\amazon\awssdk\checksums\2.21.0\checksums-2.21.0.jar;C:\Users\DELL\.m2\repository\software\amazon\awssdk\sdk-core\2.21.0\sdk-core-2.21.0.jar;C:\Users\DELL\.m2\repository\org\reactivestreams\reactive-streams\1.0.4\reactive-streams-1.0.4.jar;C:\Users\DELL\.m2\repository\software\amazon\awssdk\auth\2.21.0\auth-2.21.0.jar;C:\Users\DELL\.m2\repository\software\amazon\eventstream\eventstream\1.0.1\eventstream-1.0.1.jar;C:\Users\DELL\.m2\repository\software\amazon\awssdk\http-auth-spi\2.21.0\http-auth-spi-2.21.0.jar;C:\Users\DELL\.m2\repository\software\amazon\awssdk\identity-spi\2.21.0\identity-spi-2.21.0.jar;C:\Users\DELL\.m2\repository\software\amazon\awssdk\http-client-spi\2.21.0\http-client-spi-2.21.0.jar;C:\Users\DELL\.m2\repository\software\amazon\awssdk\regions\2.21.0\regions-2.21.0.jar;C:\Users\DELL\.m2\repository\software\amazon\awssdk\annotations\2.21.0\annotations-2.21.0.jar;C:\Users\DELL\.m2\repository\software\amazon\awssdk\utils\2.21.0\utils-2.21.0.jar;C:\Users\DELL\.m2\repository\software\amazon\awssdk\aws-core\2.21.0\aws-core-2.21.0.jar;C:\Users\DELL\.m2\repository\software\amazon\awssdk\metrics-spi\2.21.0\metrics-spi-2.21.0.jar;C:\Users\DELL\.m2\repository\software\amazon\awssdk\json-utils\2.21.0\json-utils-2.21.0.jar;C:\Users\DELL\.m2\repository\software\amazon\awssdk\third-party-jackson-core\2.21.0\third-party-jackson-core-2.21.0.jar;C:\Users\DELL\.m2\repository\software\amazon\awssdk\endpoints-spi\2.21.0\endpoints-spi-2.21.0.jar;C:\Users\DELL\.m2\repository\software\amazon\awssdk\apache-client\2.21.0\apache-client-2.21.0.jar;C:\Users\DELL\.m2\repository\org\apache\httpcomponents\httpclient\4.5.13\httpclient-4.5.13.jar;C:\Users\DELL\.m2\repository\commons-logging\commons-logging\1.2\commons-logging-1.2.jar;C:\Users\DELL\.m2\repository\org\apache\httpcomponents\httpcore\4.4.16\httpcore-4.4.16.jar;C:\Users\DELL\.m2\repository\commons-codec\commons-codec\1.17.1\commons-codec-1.17.1.jar;C:\Users\DELL\.m2\repository\software\amazon\awssdk\netty-nio-client\2.21.0\netty-nio-client-2.21.0.jar;C:\Users\DELL\.m2\repository\io\netty\netty-codec-http\4.1.116.Final\netty-codec-http-4.1.116.Final.jar;C:\Users\DELL\.m2\repository\io\netty\netty-codec-http2\4.1.116.Final\netty-codec-http2-4.1.116.Final.jar;C:\Users\DELL\.m2\repository\io\netty\netty-codec\4.1.116.Final\netty-codec-4.1.116.Final.jar;C:\Users\DELL\.m2\repository\io\netty\netty-transport\4.1.116.Final\netty-transport-4.1.116.Final.jar;C:\Users\DELL\.m2\repository\io\netty\netty-common\4.1.116.Final\netty-common-4.1.116.Final.jar;C:\Users\DELL\.m2\repository\io\netty\netty-buffer\4.1.116.Final\netty-buffer-4.1.116.Final.jar;C:\Users\DELL\.m2\repository\io\netty\netty-handler\4.1.116.Final\netty-handler-4.1.116.Final.jar;C:\Users\DELL\.m2\repository\io\netty\netty-transport-native-unix-common\4.1.116.Final\netty-transport-native-unix-common-4.1.116.Final.jar;C:\Users\DELL\.m2\repository\io\netty\netty-transport-classes-epoll\4.1.116.Final\netty-transport-classes-epoll-4.1.116.Final.jar;C:\Users\DELL\.m2\repository\io\netty\netty-resolver\4.1.116.Final\netty-resolver-4.1.116.Final.jar;C:\Users\DELL\.m2\repository\io\github\cdimascio\dotenv-java\3.0.0\dotenv-java-3.0.0.jar;C:\Users\DELL\.m2\repository\org\springframework\boot\spring-boot-starter-websocket\3.4.1\spring-boot-starter-websocket-3.4.1.jar;C:\Users\DELL\.m2\repository\org\springframework\spring-messaging\6.2.1\spring-messaging-6.2.1.jar;C:\Users\DELL\.m2\repository\org\springframework\spring-websocket\6.2.1\spring-websocket-6.2.1.jar
Launcher Type: SUN_STANDARD

[Global flags]
     intx CICompilerCount                          = 4                                         {product} {ergonomic}
     uint ConcGCThreads                            = 2                                         {product} {ergonomic}
     uint G1ConcRefinementThreads                  = 8                                         {product} {ergonomic}
   size_t G1HeapRegionSize                         = 2097152                                   {product} {ergonomic}
    uintx GCDrainStackTargetSize                   = 64                                        {product} {ergonomic}
   size_t InitialHeapSize                          = 264241152                                 {product} {ergonomic}
   size_t MarkStackSize                            = 4194304                                   {product} {ergonomic}
   size_t MaxHeapSize                              = 4225761280                                {product} {ergonomic}
   size_t MaxNewSize                               = 2535456768                                {product} {ergonomic}
   size_t MinHeapDeltaBytes                        = 2097152                                   {product} {ergonomic}
   size_t MinHeapSize                              = 8388608                                   {product} {ergonomic}
    uintx NonNMethodCodeHeapSize                   = 5839372                                {pd product} {ergonomic}
    uintx NonProfiledCodeHeapSize                  = 122909434                              {pd product} {ergonomic}
    uintx ProfiledCodeHeapSize                     = 122909434                              {pd product} {ergonomic}
    uintx ReservedCodeCacheSize                    = 251658240                              {pd product} {ergonomic}
     bool SegmentedCodeCache                       = true                                      {product} {ergonomic}
   size_t SoftMaxHeapSize                          = 4225761280                             {manageable} {ergonomic}
     bool UseCompressedClassPointers               = true                           {product lp64_product} {ergonomic}
     bool UseCompressedOops                        = true                           {product lp64_product} {ergonomic}
     bool UseG1GC                                  = true                                      {product} {ergonomic}
     bool UseLargePagesIndividualAllocation        = false                                  {pd product} {ergonomic}

Logging:
Log output configuration:
 #0: stdout all=warning uptime,level,tags foldmultilines=false
 #1: stderr all=off uptime,level,tags foldmultilines=false

Environment Variables:
CLASSPATH=C:\oraclexe\app\oracle\product\10.2.0\server\jdbc\lib\ojdbc14.jar
PATH=C:\Users\DELL\AppData\Local\Pub\Cache\bin;C:\oraclexe\app\oracle\product\10.2.0\server\bin;C:\Program Files\Common Files\Oracle\Java\javapath;C:\Program Files\Python310\Scripts\;C:\Program Files\Python310\;C:\Program Files (x86)\VMware\VMware Player\bin\;C:\Windows\system32;C:\Windows;C:\Windows\System32\Wbem;C:\Windows\System32\WindowsPowerShell\v1.0\;C:\Windows\System32\OpenSSH\;C:\Program Files\NVIDIA Corporation\NVIDIA NvDLISR;C:\WINDOWS\system32;C:\WINDOWS;C:\WINDOWS\System32\Wbem;C:\WINDOWS\System32\WindowsPowerShell\v1.0\;C:\WINDOWS\System32\OpenSSH\;C:\MinGW\bin;C:\Program Files\dotnet\;F:\Ax3soft\common;C:\Program Files\Ax3soft\common;F:\DHCP\Ax3soft\common;C:\Program Files\PuTTY\;C:\Program Files\Java\jdk-18.0.1.1\bin;C:\Program Files\Git\cmd;C:\Program Files\Git\bin;C:\src\flutter\bin;C:\Users\DELL\AppData\Roaming\nvm;C:\Program Files\nodejs;C:\Program Files\nodejs\;C:\ProgramData\chocolatey\bin;C:\Program Files (x86)\Microsoft SQL Server\160\Tools\Binn\;C:\Program Files\Microsoft SQL Server\160\Tools\Binn\;C:\Program Files\Microsoft SQL Server\Client SDK\ODBC\170\Tools\Binn\;C:\Program Files\Microsoft SQL Server\160\DTS\Binn\;F:\terraform;C:\Program Files\Amazon\AWSCLI\bin\;C:\Program Files\Docker\Docker\resources\bin;C:\Program Files\MySQL\MySQL Shell 8.0\bin\;C:\Users\DELL\AppData\Local\Microsoft\WindowsApps;C:\Users\DELL\AppData\Local\Programs\Microsoft VS Code\bin;C:\Program Files\JetBrains\PyCharm Community Edition 2022.1.3\bin;;C:\Users\DELL\AppData\Roaming\Python\Python310\Scripts;F:\IntelliJ IDEA Community Edition 2024.3.1.1\bin;;C:\Program Files\MongoDB\Server\6.0\bin;C:\Users\DELL\AppData\Roaming\nvm;C:\Program Files\nodejs;C:\Users\DELL\AppData\Local\GitHubDesktop\bin;C:\Users\DELL\AppData\Local\Pub\Cache\bin;C:\Users\DELL\AppData\Roaming\npm;F:\IntelliJ IDEA 2024.3.1.1\bin;;F:\Google Cloud CLI\google-cloud-sdk\bin;C:\Program Files\MySQL\MySQL Server 8.0\bin;
USERNAME=DELL
OS=Windows_NT
PROCESSOR_IDENTIFIER=Intel64 Family 6 Model 140 Stepping 1, GenuineIntel



---------------  S Y S T E M  ---------------

OS:
 Windows 11 , 64 bit Build 26100 (10.0.26100.3775)
OS uptime: 0 days 16:02 hours
Hyper-V role detected

CPU: total 8 (initial active 8) (4 cores per cpu, 2 threads per core) family 6 model 140 stepping 1 microcode 0xbc, cx8, cmov, fxsr, ht, mmx, 3dnowpref, sse, sse2, sse3, ssse3, sse4.1, sse4.2, popcnt, lzcnt, tsc, tscinvbit, avx, avx2, aes, erms, clmul, bmi1, bmi2, adx, avx512f, avx512dq, avx512cd, avx512bw, avx512vl, sha, fma, vzeroupper, avx512_vpopcntdq, avx512_vpclmulqdq, avx512_vaes, avx512_vnni, clflush, clflushopt, clwb, avx512_vbmi2, avx512_vbmi, hv

Memory: 4k page, system-wide physical 16118M (1344M free)
TotalPageFile size 24529M (AvailPageFile size 4M)
current process WorkingSet (physical memory assigned to process): 270M, peak: 314M
current process commit charge ("private bytes"): 306M, peak: 408M

vm_info: Java HotSpot(TM) 64-Bit Server VM (18.0.1.1+2-6) for windows-amd64 JRE (18.0.1.1+2-6), built on Apr 25 2022 21:53:15 by "mach5one" with MS VC++ 16.8 / 16.9 (VS2019)

END.
