#
# There is insufficient memory for the Java Runtime Environment to continue.
# Native memory allocation (malloc) failed to allocate 1500592 bytes for Chunk::new
# Possible reasons:
#   The system is out of physical RAM or swap space
#   The process is running with CompressedOops enabled, and the Java Heap may be blocking the growth of the native heap
# Possible solutions:
#   Reduce memory load on the system
#   Increase physical memory or swap space
#   Check if swap backing store is full
#   Decrease Java heap size (-Xmx/-Xms)
#   Decrease number of Java threads
#   Decrease Java thread stack sizes (-Xss)
#   Set larger code cache with -XX:ReservedCodeCacheSize=
#   JVM is running with Zero Based Compressed Oops mode in which the Java heap is
#     placed in the first 32GB address space. The Java Heap base address is the
#     maximum limit for the native heap growth. Please use -XX:HeapBaseMinAddress
#     to set the Java Heap base and to place the Java Heap above 32GB virtual address.
# This output file may be truncated or incomplete.
#
#  Out of Memory Error (arena.cpp:184), pid=18344, tid=30820
#
# JRE version: Java(TM) SE Runtime Environment (18.0.1.1+2) (build 18.0.1.1+2-6)
# Java VM: Java HotSpot(TM) 64-Bit Server VM (18.0.1.1+2-6, mixed mode, sharing, tiered, compressed oops, compressed class ptrs, g1 gc, windows-amd64)
# No core dump will be written. Minidumps are not enabled by default on client versions of Windows
#

---------------  S U M M A R Y ------------

Command Line: -javaagent:F:\IntelliJ IDEA Community Edition 2024.3.1.1\lib\idea_rt.jar=50161:F:\IntelliJ IDEA Community Edition 2024.3.1.1\bin -Dfile.encoding=UTF-8 -Dsun.stdout.encoding=UTF-8 -Dsun.stderr.encoding=UTF-8 com.wedstra.app.wedstra.backend.Application

Host: 11th Gen Intel(R) Core(TM) i5-1135G7 @ 2.40GHz, 8 cores, 15G,  Windows 11 , 64 bit Build 26100 (10.0.26100.3775)
Time: Fri May  9 21:55:41 2025 India Standard Time elapsed time: 5.922659 seconds (0d 0h 0m 5s)

---------------  T H R E A D  ---------------

Current thread (0x000001b09a8b3dd0):  JavaThread "C2 CompilerThread2" daemon [_thread_in_native, id=30820, stack(0x00000022c6300000,0x00000022c6400000)]


Current CompileTask:
C2:   5922 4611   !   4       jdk.internal.loader.BuiltinClassLoader::findClassOnClassPathOrNull (64 bytes)

Stack: [0x00000022c6300000,0x00000022c6400000]
Native frames: (J=compiled Java code, j=interpreted, Vv=VM code, C=native code)
V  [jvm.dll+0x69887a]
V  [jvm.dll+0x7f38bd]
V  [jvm.dll+0x7f51ce]
V  [jvm.dll+0x7f5883]
V  [jvm.dll+0x25ca3f]
V  [jvm.dll+0xb8c2f]
V  [jvm.dll+0xb8fa5]
V  [jvm.dll+0x385a6b]
V  [jvm.dll+0x1d29a8]
V  [jvm.dll+0x22fd79]
V  [jvm.dll+0x22eff1]
V  [jvm.dll+0x1b9cfc]
V  [jvm.dll+0x23e8ca]
V  [jvm.dll+0x23cbb5]
V  [jvm.dll+0x7a5fb1]
V  [jvm.dll+0x7a03ea]
V  [jvm.dll+0x697725]
C  [ucrtbase.dll+0x37b0]
C  [KERNEL32.DLL+0x2e8d7]
C  [ntdll.dll+0xb14fc]


---------------  P R O C E S S  ---------------

Threads class SMR info:
_java_thread_list=0x000001b09a9be100, length=27, elements={
0x000001b0efaf5490, 0x000001b0ff9c76b0, 0x000001b0ff9c8050, 0x000001b0ff9e4070,
0x000001b0ff9e4a10, 0x000001b0ff9e53b0, 0x000001b0ff9e5d50, 0x000001b0ff9e6a20,
0x000001b0ff9fa1b0, 0x000001b097408070, 0x000001b097504790, 0x000001b097a35fd0,
0x000001b097a564a0, 0x000001b097d494d0, 0x000001b097c62ba0, 0x000001b0992debc0,
0x000001b0992df560, 0x000001b0992de6f0, 0x000001b0998a0bf0, 0x000001b09a8b3dd0,
0x000001b0992dfa30, 0x000001b09a94ee60, 0x000001b09a94db20, 0x000001b09a94b4a0,
0x000001b09a94dff0, 0x000001b09a94d180, 0x000001b09a94e990
}

Java Threads: ( => current thread )
  0x000001b0efaf5490 JavaThread "main" [_thread_blocked, id=23548, stack(0x00000022c4100000,0x00000022c4200000)]
  0x000001b0ff9c76b0 JavaThread "Reference Handler" daemon [_thread_blocked, id=24732, stack(0x00000022c4800000,0x00000022c4900000)]
  0x000001b0ff9c8050 JavaThread "Finalizer" daemon [_thread_blocked, id=17908, stack(0x00000022c4900000,0x00000022c4a00000)]
  0x000001b0ff9e4070 JavaThread "Signal Dispatcher" daemon [_thread_blocked, id=27156, stack(0x00000022c4a00000,0x00000022c4b00000)]
  0x000001b0ff9e4a10 JavaThread "Attach Listener" daemon [_thread_blocked, id=19368, stack(0x00000022c4b00000,0x00000022c4c00000)]
  0x000001b0ff9e53b0 JavaThread "Service Thread" daemon [_thread_blocked, id=18376, stack(0x00000022c4c00000,0x00000022c4d00000)]
  0x000001b0ff9e5d50 JavaThread "Monitor Deflation Thread" daemon [_thread_blocked, id=15004, stack(0x00000022c4d00000,0x00000022c4e00000)]
  0x000001b0ff9e6a20 JavaThread "C2 CompilerThread0" daemon [_thread_in_native, id=26752, stack(0x00000022c4e00000,0x00000022c4f00000)]
  0x000001b0ff9fa1b0 JavaThread "C1 CompilerThread0" daemon [_thread_blocked, id=26536, stack(0x00000022c4f00000,0x00000022c5000000)]
  0x000001b097408070 JavaThread "Sweeper thread" daemon [_thread_blocked, id=10780, stack(0x00000022c5000000,0x00000022c5100000)]
  0x000001b097504790 JavaThread "Common-Cleaner" daemon [_thread_blocked, id=23800, stack(0x00000022c5100000,0x00000022c5200000)]
  0x000001b097a35fd0 JavaThread "Monitor Ctrl-Break" daemon [_thread_in_native, id=15788, stack(0x00000022c5200000,0x00000022c5300000)]
  0x000001b097a564a0 JavaThread "Notification Thread" daemon [_thread_blocked, id=9856, stack(0x00000022c5300000,0x00000022c5400000)]
  0x000001b097d494d0 JavaThread "Thread-0" [_thread_blocked, id=8516, stack(0x00000022c5500000,0x00000022c5600000)]
  0x000001b097c62ba0 JavaThread "restartedMain" [_thread_in_native, id=2636, stack(0x00000022c5600000,0x00000022c5700000)]
  0x000001b0992debc0 JavaThread "Catalina-utility-1" [_thread_blocked, id=15904, stack(0x00000022c5e00000,0x00000022c5f00000)]
  0x000001b0992df560 JavaThread "Catalina-utility-2" [_thread_blocked, id=27088, stack(0x00000022c6100000,0x00000022c6200000)]
  0x000001b0992de6f0 JavaThread "container-0" [_thread_blocked, id=28552, stack(0x00000022c6200000,0x00000022c6300000)]
  0x000001b0998a0bf0 JavaThread "C2 CompilerThread1" daemon [_thread_in_native, id=25856, stack(0x00000022c5c00000,0x00000022c5d00000)]
=>0x000001b09a8b3dd0 JavaThread "C2 CompilerThread2" daemon [_thread_in_native, id=30820, stack(0x00000022c6300000,0x00000022c6400000)]
  0x000001b0992dfa30 JavaThread "idle-connection-reaper" daemon [_thread_blocked, id=17520, stack(0x00000022c6600000,0x00000022c6700000)]
  0x000001b09a94ee60 JavaThread "Thread-4" daemon [_thread_in_native, id=33616, stack(0x00000022c6700000,0x00000022c6800000)]
  0x000001b09a94db20 JavaThread "BufferPoolPruner-1-thread-1" daemon [_thread_blocked, id=29068, stack(0x00000022c6800000,0x00000022c6900000)]
  0x000001b09a94b4a0 JavaThread "cluster-ClusterId{value='681e2c845086d10b7589f3ac', description='null'}-srv-cluster0.f9im6.mongodb.net" daemon [_thread_blocked, id=19156, stack(0x00000022c6900000,0x00000022c6a00000)]
  0x000001b09a94dff0 JavaThread "cluster-ClusterId{value='681e2c845086d10b7589f3ac', description='null'}-cluster0-shard-00-02.f9im6.mongodb.net:27017" daemon [_thread_blocked, id=3944, stack(0x00000022c6a00000,0x00000022c6b00000)]
  0x000001b09a94d180 JavaThread "cluster-ClusterId{value='681e2c845086d10b7589f3ac', description='null'}-cluster0-shard-00-01.f9im6.mongodb.net:27017" daemon [_thread_in_vm, id=34320, stack(0x00000022c6b00000,0x00000022c6c00000)]
  0x000001b09a94e990 JavaThread "cluster-ClusterId{value='681e2c845086d10b7589f3ac', description='null'}-cluster0-shard-00-00.f9im6.mongodb.net:27017" daemon [_thread_blocked, id=33500, stack(0x00000022c6c00000,0x00000022c6d00000)]

Other Threads:
  0x000001b0ff9c3120 VMThread "VM Thread" [stack: 0x00000022c4700000,0x00000022c4800000] [id=16004]
  0x000001b097a59600 WatcherThread "VM Periodic Task Thread" [stack: 0x00000022c5400000,0x00000022c5500000] [id=18184]
  0x000001b0efb66cd0 WorkerThread "GC Thread#0" [stack: 0x00000022c4200000,0x00000022c4300000] [id=24664]
  0x000001b097d055a0 WorkerThread "GC Thread#1" [stack: 0x00000022c5700000,0x00000022c5800000] [id=23020]
  0x000001b097d05840 WorkerThread "GC Thread#2" [stack: 0x00000022c5800000,0x00000022c5900000] [id=14360]
  0x000001b097d05ae0 WorkerThread "GC Thread#3" [stack: 0x00000022c5900000,0x00000022c5a00000] [id=13284]
  0x000001b097d588e0 WorkerThread "GC Thread#4" [stack: 0x00000022c5a00000,0x00000022c5b00000] [id=26308]
  0x000001b097d58b80 WorkerThread "GC Thread#5" [stack: 0x00000022c5b00000,0x00000022c5c00000] [id=30980]
  0x000001b0988e6040 WorkerThread "GC Thread#6" [stack: 0x00000022c5f00000,0x00000022c6000000] [id=33628]
  0x000001b098dbb600 WorkerThread "GC Thread#7" [stack: 0x00000022c6000000,0x00000022c6100000] [id=25520]
  0x000001b0efb787e0 ConcurrentGCThread "G1 Main Marker" [stack: 0x00000022c4300000,0x00000022c4400000] [id=14208]
  0x000001b0efb79ea0 WorkerThread "G1 Conc#0" [stack: 0x00000022c4400000,0x00000022c4500000] [id=33388]
  0x000001b09946acf0 WorkerThread "G1 Conc#1" [stack: 0x00000022c5d00000,0x00000022c5e00000] [id=17504]
  0x000001b0efb9e7c0 ConcurrentGCThread "G1 Refine#0" [stack: 0x00000022c4500000,0x00000022c4600000] [id=17884]
  0x000001b098507ee0 ConcurrentGCThread "G1 Refine#1" [stack: 0x00000022c6400000,0x00000022c6500000] [id=27228]
  0x000001b0985073a0 ConcurrentGCThread "G1 Refine#2" [stack: 0x00000022c6500000,0x00000022c6600000] [id=29800]
  0x000001b0ff8764b0 ConcurrentGCThread "G1 Service" [stack: 0x00000022c4600000,0x00000022c4700000] [id=32956]

Threads with active compile tasks:
C2 CompilerThread0     5960 4790   !   4       java.util.jar.JarFile::getManifestFromReference (197 bytes)
C2 CompilerThread1     5961 4701       4       org.springframework.beans.factory.support.AbstractBeanFactory::isTypeMatch (745 bytes)
C2 CompilerThread2     5961 4611   !   4       jdk.internal.loader.BuiltinClassLoader::findClassOnClassPathOrNull (64 bytes)

VM state: not at safepoint (normal execution)

VM Mutex/Monitor currently owned by a thread: None

Heap address: 0x0000000704200000, size: 4030 MB, Compressed Oops mode: Zero based, Oop shift amount: 3

CDS archive(s) mapped at: [0x0000000800000000-0x0000000800ba0000-0x0000000800ba0000), size 12189696, SharedBaseAddress: 0x0000000800000000, ArchiveRelocationMode: 0.
Compressed class space mapped at: 0x0000000800c00000-0x0000000840c00000, reserved size: 1073741824
Narrow klass base: 0x0000000800000000, Narrow klass shift: 0, Narrow klass range: 0x100000000

GC Precious Log:
 CardTable entry size: 512
 Card Set container configuration: InlinePtr #cards 4 size 8 Array Of Cards #cards 16 size 48 Howl #buckets 8 coarsen threshold 3686 Howl Bitmap #cards 512 size 80 coarsen threshold 460 Card regions per heap region 1 cards per card region 4096
 CPUs: 8 total, 8 available
 Memory: 16118M
 Large Page Support: Disabled
 NUMA Support: Disabled
 Compressed Oops: Enabled (Zero based)
 Heap Region Size: 2M
 Heap Min Capacity: 8M
 Heap Initial Capacity: 252M
 Heap Max Capacity: 4030M
 Pre-touch: Disabled
 Parallel Workers: 8
 Concurrent Workers: 2
 Concurrent Refinement Workers: 8
 Periodic GC: Disabled

Heap:
 garbage-first heap   total 61440K, used 22993K [0x0000000704200000, 0x0000000800000000)
  region size 2048K, 2 young (4096K), 1 survivors (2048K)
 Metaspace       used 42689K, committed 43264K, reserved 1114112K
  class space    used 5159K, committed 5440K, reserved 1048576K

Heap Regions: E=young(eden), S=young(survivor), O=old, HS=humongous(starts), HC=humongous(continues), CS=collection set, F=free, OA=open archive, CA=closed archive, TAMS=top-at-mark-start (previous, next)
|   0|0x0000000704200000, 0x0000000704400000, 0x0000000704400000|100%| O|  |TAMS 0x0000000704400000, 0x0000000704200000| Untracked 
|   1|0x0000000704400000, 0x0000000704600000, 0x0000000704600000|100%| O|  |TAMS 0x0000000704600000, 0x0000000704400000| Untracked 
|   2|0x0000000704600000, 0x0000000704800000, 0x0000000704800000|100%| O|  |TAMS 0x0000000704800000, 0x0000000704600000| Untracked 
|   3|0x0000000704800000, 0x0000000704a00000, 0x0000000704a00000|100%| O|  |TAMS 0x0000000704800000, 0x0000000704800000| Untracked 
|   4|0x0000000704a00000, 0x0000000704c00000, 0x0000000704c00000|100%| O|  |TAMS 0x0000000704c00000, 0x0000000704a00000| Untracked 
|   5|0x0000000704c00000, 0x0000000704e00000, 0x0000000704e00000|100%| O|  |TAMS 0x0000000704e00000, 0x0000000704c00000| Untracked 
|   6|0x0000000704e00000, 0x0000000705000000, 0x0000000705000000|100%| O|  |TAMS 0x0000000705000000, 0x0000000704e00000| Untracked 
|   7|0x0000000705000000, 0x0000000705200000, 0x0000000705200000|100%| O|  |TAMS 0x0000000705200000, 0x0000000705000000| Untracked 
|   8|0x0000000705200000, 0x0000000705200000, 0x0000000705400000|  0%| F|  |TAMS 0x0000000705200000, 0x0000000705200000| Untracked 
|   9|0x0000000705400000, 0x0000000705600000, 0x0000000705600000|100%| O|  |TAMS 0x0000000705400000, 0x0000000705400000| Untracked 
|  10|0x0000000705600000, 0x0000000705800000, 0x0000000705800000|100%| O|  |TAMS 0x0000000705600000, 0x0000000705600000| Untracked 
|  11|0x0000000705800000, 0x00000007059d2200, 0x0000000705a00000| 91%| O|  |TAMS 0x0000000705800000, 0x0000000705800000| Untracked 
|  12|0x0000000705a00000, 0x0000000705a00000, 0x0000000705c00000|  0%| F|  |TAMS 0x0000000705a00000, 0x0000000705a00000| Untracked 
|  13|0x0000000705c00000, 0x0000000705c00000, 0x0000000705e00000|  0%| F|  |TAMS 0x0000000705c00000, 0x0000000705c00000| Untracked 
|  14|0x0000000705e00000, 0x0000000705e00000, 0x0000000706000000|  0%| F|  |TAMS 0x0000000705e00000, 0x0000000705e00000| Untracked 
|  15|0x0000000706000000, 0x0000000706000000, 0x0000000706200000|  0%| F|  |TAMS 0x0000000706000000, 0x0000000706000000| Untracked 
|  16|0x0000000706200000, 0x0000000706200000, 0x0000000706400000|  0%| F|  |TAMS 0x0000000706200000, 0x0000000706200000| Untracked 
|  17|0x0000000706400000, 0x0000000706400000, 0x0000000706600000|  0%| F|  |TAMS 0x0000000706400000, 0x0000000706400000| Untracked 
|  18|0x0000000706600000, 0x0000000706600000, 0x0000000706800000|  0%| F|  |TAMS 0x0000000706600000, 0x0000000706600000| Untracked 
|  19|0x0000000706800000, 0x0000000706800000, 0x0000000706a00000|  0%| F|  |TAMS 0x0000000706800000, 0x0000000706800000| Untracked 
|  20|0x0000000706a00000, 0x0000000706a00000, 0x0000000706c00000|  0%| F|  |TAMS 0x0000000706a00000, 0x0000000706a00000| Untracked 
|  21|0x0000000706c00000, 0x0000000706c00000, 0x0000000706e00000|  0%| F|  |TAMS 0x0000000706c00000, 0x0000000706c00000| Untracked 
|  22|0x0000000706e00000, 0x0000000706e00000, 0x0000000707000000|  0%| F|  |TAMS 0x0000000706e00000, 0x0000000706e00000| Untracked 
|  23|0x0000000707000000, 0x0000000707000000, 0x0000000707200000|  0%| F|  |TAMS 0x0000000707000000, 0x0000000707000000| Untracked 
|  24|0x0000000707200000, 0x0000000707200000, 0x0000000707400000|  0%| F|  |TAMS 0x0000000707200000, 0x0000000707200000| Untracked 
|  93|0x000000070fc00000, 0x000000070fc00000, 0x000000070fe00000|  0%| F|  |TAMS 0x000000070fc00000, 0x000000070fc00000| Untracked 
|  94|0x000000070fe00000, 0x000000070fe00000, 0x0000000710000000|  0%| F|  |TAMS 0x000000070fe00000, 0x000000070fe00000| Untracked 
|  95|0x0000000710000000, 0x0000000710000000, 0x0000000710200000|  0%| F|  |TAMS 0x0000000710000000, 0x0000000710000000| Untracked 
|  96|0x0000000710200000, 0x00000007102a2320, 0x0000000710400000| 31%| S|CS|TAMS 0x0000000710200000, 0x0000000710200000| Complete 
| 125|0x0000000713c00000, 0x0000000713cce490, 0x0000000713e00000| 40%| E|  |TAMS 0x0000000713c00000, 0x0000000713c00000| Complete 

Card table byte_map: [0x000001b0f86b0000,0x000001b0f8e90000] _byte_map_base: 0x000001b0f4e8f000

Marking Bits (Prev, Next): (CMBitMap*) 0x000001b0efb682e0, (CMBitMap*) 0x000001b0efb68320
 Prev Bits: [0x000001b0f9670000, 0x000001b0fd568000)
 Next Bits: [0x000001b08f000000, 0x000001b092ef8000)

Polling page: 0x000001b0ee2e0000

Metaspace:

Usage:
  Non-class:     36.67 MB used.
      Class:      5.04 MB used.
       Both:     41.71 MB used.

Virtual space:
  Non-class space:       64.00 MB reserved,      36.94 MB ( 58%) committed,  1 nodes.
      Class space:        1.00 GB reserved,       5.31 MB ( <1%) committed,  1 nodes.
             Both:        1.06 GB reserved,      42.25 MB (  4%) committed. 

Chunk freelists:
   Non-Class:  2.75 MB
       Class:  2.58 MB
        Both:  5.33 MB

MaxMetaspaceSize: unlimited
CompressedClassSpaceSize: 1.00 GB
Initial GC threshold: 21.00 MB
Current GC threshold: 58.88 MB
CDS: on
MetaspaceReclaimPolicy: balanced
 - commit_granule_bytes: 65536.
 - commit_granule_words: 8192.
 - virtual_space_node_default_size: 8388608.
 - enlarge_chunks_in_place: 1.
 - new_chunks_are_fully_committed: 0.
 - uncommit_free_chunks: 1.
 - use_allocation_guard: 0.


Internal statistics:

num_allocs_failed_limit: 6.
num_arena_births: 696.
num_arena_deaths: 0.
num_vsnodes_births: 2.
num_vsnodes_deaths: 0.
num_space_committed: 676.
num_space_uncommitted: 0.
num_chunks_returned_to_freelist: 6.
num_chunks_taken_from_freelist: 2088.
num_chunk_merges: 6.
num_chunk_splits: 1500.
num_chunks_enlarged: 1175.
num_inconsistent_stats: 0.

CodeHeap 'non-profiled nmethods': size=120000Kb used=2545Kb max_used=2545Kb free=117454Kb
 bounds [0x000001b087ad0000, 0x000001b087d50000, 0x000001b08f000000]
CodeHeap 'profiled nmethods': size=120000Kb used=10162Kb max_used=10162Kb free=109838Kb
 bounds [0x000001b0805a0000, 0x000001b080f90000, 0x000001b087ad0000]
CodeHeap 'non-nmethods': size=5760Kb used=1279Kb max_used=1306Kb free=4480Kb
 bounds [0x000001b080000000, 0x000001b080270000, 0x000001b0805a0000]
 total_blobs=5358 nmethods=4788 adapters=482
 compilation: enabled
              stopped_count=0, restarted_count=0
 full_count=0

Compilation events (20 events):
Event: 5.890 Thread 0x000001b0ff9fa1b0 4731       3       org.bson.io.OutputBuffer::writeInt (6 bytes)
Event: 5.890 Thread 0x000001b0ff9fa1b0 nmethod 4731 0x000001b080f71910 code [0x000001b080f71b00, 0x000001b080f72178]
Event: 5.890 Thread 0x000001b0ff9fa1b0 4727       3       org.bson.internal.ChildCodecRegistry::get (45 bytes)
Event: 5.891 Thread 0x000001b0ff9fa1b0 nmethod 4727 0x000001b080f72390 code [0x000001b080f725c0, 0x000001b080f72fa8]
Event: 5.891 Thread 0x000001b0ff9fa1b0 4726       3       org.bson.BsonBinaryWriter$Context::getParentContext (5 bytes)
Event: 5.891 Thread 0x000001b0ff9fa1b0 nmethod 4726 0x000001b080f73310 code [0x000001b080f734c0, 0x000001b080f73758]
Event: 5.891 Thread 0x000001b0ff9fa1b0 4718       1       java.util.Formatter$FormatSpecifier::index (5 bytes)
Event: 5.891 Thread 0x000001b0ff9fa1b0 nmethod 4718 0x000001b087d47890 code [0x000001b087d47a20, 0x000001b087d47af8]
Event: 5.893 Thread 0x000001b0ff9e6a20 4732   !   4       java.lang.ClassLoader::addClass (27 bytes)
Event: 5.902 Thread 0x000001b0ff9e6a20 nmethod 4732 0x000001b087d47b90 code [0x000001b087d47d20, 0x000001b087d487f8]
Event: 5.903 Thread 0x000001b0ff9fa1b0 4733       3       java.lang.invoke.MethodType::equals (31 bytes)
Event: 5.903 Thread 0x000001b0ff9fa1b0 nmethod 4733 0x000001b080f73810 code [0x000001b080f739c0, 0x000001b080f73ba8]
Event: 5.904 Thread 0x000001b0ff9fa1b0 4734       3       java.util.Arrays::fill (21 bytes)
Event: 5.904 Thread 0x000001b0ff9fa1b0 nmethod 4734 0x000001b080f73c90 code [0x000001b080f73e20, 0x000001b080f73fd8]
Event: 5.904 Thread 0x000001b0ff9fa1b0 4735       3       com.mongodb.assertions.Assertions::notNull (33 bytes)
Event: 5.905 Thread 0x000001b0ff9fa1b0 nmethod 4735 0x000001b080f74110 code [0x000001b080f74340, 0x000001b080f74998]
Event: 5.910 Thread 0x000001b0ff9fa1b0 4736   !   3       java.util.concurrent.ConcurrentHashMap::putVal (432 bytes)
Event: 5.912 Thread 0x000001b0ff9fa1b0 nmethod 4736 0x000001b080f74c10 code [0x000001b080f74f60, 0x000001b080f76ae8]
Event: 5.919 Thread 0x000001b0ff9fa1b0 4737       3       jdk.internal.icu.util.CodePointTrie$Data16::getFromIndex (7 bytes)
Event: 5.920 Thread 0x000001b0ff9fa1b0 nmethod 4737 0x000001b080f77410 code [0x000001b080f775a0, 0x000001b080f776d8]

GC Heap History (16 events):
Event: 1.357 GC heap before
{Heap before GC invocations=0 (full 0):
 garbage-first heap   total 258048K, used 20480K [0x0000000704200000, 0x0000000800000000)
  region size 2048K, 11 young (22528K), 0 survivors (0K)
 Metaspace       used 5341K, committed 5568K, reserved 1114112K
  class space    used 588K, committed 704K, reserved 1048576K
}
Event: 1.363 GC heap after
{Heap after GC invocations=1 (full 0):
 garbage-first heap   total 258048K, used 6165K [0x0000000704200000, 0x0000000800000000)
  region size 2048K, 2 young (4096K), 2 survivors (4096K)
 Metaspace       used 5341K, committed 5568K, reserved 1114112K
  class space    used 588K, committed 704K, reserved 1048576K
}
Event: 1.952 GC heap before
{Heap before GC invocations=1 (full 0):
 garbage-first heap   total 258048K, used 32789K [0x0000000704200000, 0x0000000800000000)
  region size 2048K, 16 young (32768K), 2 survivors (4096K)
 Metaspace       used 12634K, committed 12928K, reserved 1114112K
  class space    used 1481K, committed 1600K, reserved 1048576K
}
Event: 1.957 GC heap after
{Heap after GC invocations=2 (full 0):
 garbage-first heap   total 258048K, used 9043K [0x0000000704200000, 0x0000000800000000)
  region size 2048K, 2 young (4096K), 2 survivors (4096K)
 Metaspace       used 12634K, committed 12928K, reserved 1114112K
  class space    used 1481K, committed 1600K, reserved 1048576K
}
Event: 3.476 GC heap before
{Heap before GC invocations=2 (full 0):
 garbage-first heap   total 258048K, used 60243K [0x0000000704200000, 0x0000000800000000)
  region size 2048K, 29 young (59392K), 2 survivors (4096K)
 Metaspace       used 21236K, committed 21504K, reserved 1114112K
  class space    used 2535K, committed 2688K, reserved 1048576K
}
Event: 3.481 GC heap after
{Heap after GC invocations=3 (full 0):
 garbage-first heap   total 258048K, used 13519K [0x0000000704200000, 0x0000000800000000)
  region size 2048K, 4 young (8192K), 4 survivors (8192K)
 Metaspace       used 21236K, committed 21504K, reserved 1114112K
  class space    used 2535K, committed 2688K, reserved 1048576K
}
Event: 4.256 GC heap before
{Heap before GC invocations=4 (full 0):
 garbage-first heap   total 61440K, used 42191K [0x0000000704200000, 0x0000000800000000)
  region size 2048K, 18 young (36864K), 4 survivors (8192K)
 Metaspace       used 26291K, committed 26752K, reserved 1114112K
  class space    used 3273K, committed 3456K, reserved 1048576K
}
Event: 4.263 GC heap after
{Heap after GC invocations=5 (full 0):
 garbage-first heap   total 61440K, used 16446K [0x0000000704200000, 0x0000000800000000)
  region size 2048K, 2 young (4096K), 2 survivors (4096K)
 Metaspace       used 26291K, committed 26752K, reserved 1114112K
  class space    used 3273K, committed 3456K, reserved 1048576K
}
Event: 4.296 GC heap before
{Heap before GC invocations=5 (full 0):
 garbage-first heap   total 61440K, used 18494K [0x0000000704200000, 0x0000000800000000)
  region size 2048K, 3 young (6144K), 2 survivors (4096K)
 Metaspace       used 26739K, committed 27264K, reserved 1114112K
  class space    used 3318K, committed 3584K, reserved 1048576K
}
Event: 4.299 GC heap after
{Heap after GC invocations=6 (full 0):
 garbage-first heap   total 61440K, used 16561K [0x0000000704200000, 0x0000000800000000)
  region size 2048K, 1 young (2048K), 1 survivors (2048K)
 Metaspace       used 26739K, committed 27264K, reserved 1114112K
  class space    used 3318K, committed 3584K, reserved 1048576K
}
Event: 4.922 GC heap before
{Heap before GC invocations=6 (full 0):
 garbage-first heap   total 61440K, used 41137K [0x0000000704200000, 0x0000000800000000)
  region size 2048K, 13 young (26624K), 1 survivors (2048K)
 Metaspace       used 31878K, committed 32384K, reserved 1114112K
  class space    used 3917K, committed 4160K, reserved 1048576K
}
Event: 4.925 GC heap after
{Heap after GC invocations=7 (full 0):
 garbage-first heap   total 61440K, used 18155K [0x0000000704200000, 0x0000000800000000)
  region size 2048K, 2 young (4096K), 2 survivors (4096K)
 Metaspace       used 31878K, committed 32384K, reserved 1114112K
  class space    used 3917K, committed 4160K, reserved 1048576K
}
Event: 5.374 GC heap before
{Heap before GC invocations=7 (full 0):
 garbage-first heap   total 61440K, used 38635K [0x0000000704200000, 0x0000000800000000)
  region size 2048K, 13 young (26624K), 2 survivors (4096K)
 Metaspace       used 35542K, committed 35968K, reserved 1114112K
  class space    used 4334K, committed 4544K, reserved 1048576K
}
Event: 5.379 GC heap after
{Heap after GC invocations=8 (full 0):
 garbage-first heap   total 61440K, used 21464K [0x0000000704200000, 0x0000000800000000)
  region size 2048K, 2 young (4096K), 2 survivors (4096K)
 Metaspace       used 35542K, committed 35968K, reserved 1114112K
  class space    used 4334K, committed 4544K, reserved 1048576K
}
Event: 5.879 GC heap before
{Heap before GC invocations=9 (full 0):
 garbage-first heap   total 61440K, used 41944K [0x0000000704200000, 0x0000000800000000)
  region size 2048K, 13 young (26624K), 2 survivors (4096K)
 Metaspace       used 41463K, committed 41984K, reserved 1114112K
  class space    used 4991K, committed 5248K, reserved 1048576K
}
Event: 5.884 GC heap after
{Heap after GC invocations=10 (full 0):
 garbage-first heap   total 61440K, used 22983K [0x0000000704200000, 0x0000000800000000)
  region size 2048K, 1 young (2048K), 1 survivors (2048K)
 Metaspace       used 41463K, committed 41984K, reserved 1114112K
  class space    used 4991K, committed 5248K, reserved 1048576K
}

Deoptimization events (20 events):
Event: 5.906 Thread 0x000001b09a94d180 Uncommon trap: trap_request=0xffffff45 fr.pc=0x000001b087d23d2c relative=0x0000000000000f4c
Event: 5.906 Thread 0x000001b09a94dff0 Uncommon trap: trap_request=0xffffff45 fr.pc=0x000001b087d23d2c relative=0x0000000000000f4c
Event: 5.906 Thread 0x000001b09a94e990 Uncommon trap: trap_request=0xffffff45 fr.pc=0x000001b087d23d2c relative=0x0000000000000f4c
Event: 5.906 Thread 0x000001b09a94d180 Uncommon trap: reason=unstable_if action=reinterpret pc=0x000001b087d23d2c method=java.util.concurrent.ConcurrentHashMap.putVal(Ljava/lang/Object;Ljava/lang/Object;Z)Ljava/lang/Object; @ 148 c2
Event: 5.906 Thread 0x000001b09a94dff0 Uncommon trap: reason=unstable_if action=reinterpret pc=0x000001b087d23d2c method=java.util.concurrent.ConcurrentHashMap.putVal(Ljava/lang/Object;Ljava/lang/Object;Z)Ljava/lang/Object; @ 148 c2
Event: 5.906 Thread 0x000001b09a94e990 Uncommon trap: reason=unstable_if action=reinterpret pc=0x000001b087d23d2c method=java.util.concurrent.ConcurrentHashMap.putVal(Ljava/lang/Object;Ljava/lang/Object;Z)Ljava/lang/Object; @ 148 c2
Event: 5.906 Thread 0x000001b09a94d180 DEOPT PACKING pc=0x000001b087d23d2c sp=0x00000022c6bff060
Event: 5.906 Thread 0x000001b09a94dff0 DEOPT PACKING pc=0x000001b087d23d2c sp=0x00000022c6afecd0
Event: 5.906 Thread 0x000001b09a94d180 DEOPT UNPACKING pc=0x000001b080055c23 sp=0x00000022c6bff000 mode 2
Event: 5.906 Thread 0x000001b09a94e990 DEOPT PACKING pc=0x000001b087d23d2c sp=0x00000022c6cff170
Event: 5.906 Thread 0x000001b09a94dff0 DEOPT UNPACKING pc=0x000001b080055c23 sp=0x00000022c6afec70 mode 2
Event: 5.906 Thread 0x000001b09a94e990 DEOPT UNPACKING pc=0x000001b080055c23 sp=0x00000022c6cff110 mode 2
Event: 5.917 Thread 0x000001b097c62ba0 Uncommon trap: trap_request=0xffffff45 fr.pc=0x000001b087afc47c relative=0x00000000000000fc
Event: 5.917 Thread 0x000001b097c62ba0 Uncommon trap: reason=unstable_if action=reinterpret pc=0x000001b087afc47c method=java.lang.String.getBytes([BIB)V @ 5 c2
Event: 5.917 Thread 0x000001b097c62ba0 DEOPT PACKING pc=0x000001b087afc47c sp=0x00000022c56f8980
Event: 5.917 Thread 0x000001b097c62ba0 DEOPT UNPACKING pc=0x000001b080055c23 sp=0x00000022c56f8928 mode 2
Event: 5.917 Thread 0x000001b097c62ba0 Uncommon trap: trap_request=0xffffff45 fr.pc=0x000001b087b1d648 relative=0x0000000000000428
Event: 5.917 Thread 0x000001b097c62ba0 Uncommon trap: reason=unstable_if action=reinterpret pc=0x000001b087b1d648 method=java.lang.AbstractStringBuilder.isLatin1()Z @ 10 c2
Event: 5.917 Thread 0x000001b097c62ba0 DEOPT PACKING pc=0x000001b087b1d648 sp=0x00000022c56f8a50
Event: 5.917 Thread 0x000001b097c62ba0 DEOPT UNPACKING pc=0x000001b080055c23 sp=0x00000022c56f89d0 mode 2

Classes loaded (20 events):
Event: 5.915 Loading class sun/util/resources/LocaleData$CommonResourceBundleProvider done
Event: 5.916 Loading class sun/text/resources/CollationData
Event: 5.916 Loading class sun/text/resources/CollationData done
Event: 5.916 Loading class java/text/RuleBasedCollator
Event: 5.916 Loading class java/text/RuleBasedCollator done
Event: 5.917 Loading class java/text/RBCollationTables
Event: 5.917 Loading class java/text/RBCollationTables done
Event: 5.917 Loading class java/text/RBTableBuilder
Event: 5.917 Loading class java/text/RBTableBuilder done
Event: 5.917 Loading class java/text/RBCollationTables$BuildAPI
Event: 5.918 Loading class java/text/RBCollationTables$BuildAPI done
Event: 5.918 Loading class sun/text/IntHashtable
Event: 5.918 Loading class sun/text/IntHashtable done
Event: 5.918 Loading class sun/text/UCompactIntArray
Event: 5.918 Loading class sun/text/UCompactIntArray done
Event: 5.918 Loading class jdk/internal/icu/impl/Norm2AllModes$NFCSingleton
Event: 5.918 Loading class jdk/internal/icu/impl/Norm2AllModes$NFCSingleton done
Event: 5.919 Loading class jdk/internal/icu/impl/NormalizerImpl$UTF16Plus
Event: 5.919 Loading class jdk/internal/icu/impl/NormalizerImpl$UTF16Plus done
Event: 5.920 Loading class jdk/internal/icu/text/UTF16

Classes unloaded (0 events):
No events

Classes redefined (0 events):
No events

Internal exceptions (20 events):
Event: 5.520 Thread 0x000001b097c62ba0 Exception <a 'java/lang/NoSuchMethodError'{0x000000070ff4bd68}: 'float java.lang.invoke.DirectMethodHandle$Holder.invokeStatic(java.lang.Object, java.lang.Object)'> (0x000000070ff4bd68) 
thrown [s\open\src\hotspot\share\interpreter\linkResolver.cpp, line 766]
Event: 5.520 Thread 0x000001b097c62ba0 Exception <a 'java/lang/NoSuchMethodError'{0x000000070ff52760}: 'double java.lang.invoke.DirectMethodHandle$Holder.invokeStatic(java.lang.Object, java.lang.Object)'> (0x000000070ff52760) 
thrown [s\open\src\hotspot\share\interpreter\linkResolver.cpp, line 766]
Event: 5.810 Thread 0x000001b097c62ba0 Implicit null exception at 0x000001b087b06e52 to 0x000001b087b073c8
Event: 5.819 Thread 0x000001b097c62ba0 Exception <a 'java/lang/NoSuchMethodError'{0x0000000706a60c60}: 'long java.lang.invoke.DirectMethodHandle$Holder.invokeStatic(java.lang.Object)'> (0x0000000706a60c60) 
thrown [s\open\src\hotspot\share\interpreter\linkResolver.cpp, line 766]
Event: 5.825 Thread 0x000001b097c62ba0 Implicit null exception at 0x000001b087ca4f6c to 0x000001b087ca501c
Event: 5.841 Thread 0x000001b097c62ba0 Exception <a 'sun/nio/fs/WindowsException'{0x0000000706b227b0}> (0x0000000706b227b0) 
thrown [s\open\src\hotspot\share\prims\jni.cpp, line 516]
Event: 5.841 Thread 0x000001b097c62ba0 Exception <a 'sun/nio/fs/WindowsException'{0x0000000706b228e0}> (0x0000000706b228e0) 
thrown [s\open\src\hotspot\share\prims\jni.cpp, line 516]
Event: 5.846 Thread 0x000001b09a94b4a0 Exception <a 'sun/nio/fs/WindowsException'{0x0000000706be9800}> (0x0000000706be9800) 
thrown [s\open\src\hotspot\share\prims\jni.cpp, line 516]
Event: 5.846 Thread 0x000001b09a94b4a0 Exception <a 'sun/nio/fs/WindowsException'{0x0000000706be9950}> (0x0000000706be9950) 
thrown [s\open\src\hotspot\share\prims\jni.cpp, line 516]
Event: 5.850 Thread 0x000001b09a94b4a0 Implicit null exception at 0x000001b087b0c6d2 to 0x000001b087b0cc3c
Event: 5.854 Thread 0x000001b09a94b4a0 Exception <a 'sun/nio/fs/WindowsException'{0x00000007068aa6b0}> (0x00000007068aa6b0) 
thrown [s\open\src\hotspot\share\prims\jni.cpp, line 516]
Event: 5.854 Thread 0x000001b09a94b4a0 Exception <a 'sun/nio/fs/WindowsException'{0x00000007068aa7e0}> (0x00000007068aa7e0) 
thrown [s\open\src\hotspot\share\prims\jni.cpp, line 516]
Event: 5.876 Thread 0x000001b09a94b4a0 Exception <a 'sun/nio/fs/WindowsException'{0x00000007069d0250}> (0x00000007069d0250) 
thrown [s\open\src\hotspot\share\prims\jni.cpp, line 516]
Event: 5.876 Thread 0x000001b09a94b4a0 Exception <a 'sun/nio/fs/WindowsException'{0x00000007069d0380}> (0x00000007069d0380) 
thrown [s\open\src\hotspot\share\prims\jni.cpp, line 516]
Event: 5.878 Thread 0x000001b09a94b4a0 Exception <a 'sun/nio/fs/WindowsException'{0x00000007069dec10}> (0x00000007069dec10) 
thrown [s\open\src\hotspot\share\prims\jni.cpp, line 516]
Event: 5.878 Thread 0x000001b09a94b4a0 Exception <a 'sun/nio/fs/WindowsException'{0x00000007069ded40}> (0x00000007069ded40) 
thrown [s\open\src\hotspot\share\prims\jni.cpp, line 516]
Event: 5.885 Thread 0x000001b09a94b4a0 Exception <a 'sun/nio/fs/WindowsException'{0x0000000713c13368}> (0x0000000713c13368) 
thrown [s\open\src\hotspot\share\prims\jni.cpp, line 516]
Event: 5.885 Thread 0x000001b09a94b4a0 Exception <a 'sun/nio/fs/WindowsException'{0x0000000713c13498}> (0x0000000713c13498) 
thrown [s\open\src\hotspot\share\prims\jni.cpp, line 516]
Event: 5.886 Thread 0x000001b09a94b4a0 Exception <a 'sun/nio/fs/WindowsException'{0x0000000713c21d28}> (0x0000000713c21d28) 
thrown [s\open\src\hotspot\share\prims\jni.cpp, line 516]
Event: 5.886 Thread 0x000001b09a94b4a0 Exception <a 'sun/nio/fs/WindowsException'{0x0000000713c21e58}> (0x0000000713c21e58) 
thrown [s\open\src\hotspot\share\prims\jni.cpp, line 516]

VM Operations (20 events):
Event: 4.650 Executing VM operation: HandshakeAllThreads
Event: 4.650 Executing VM operation: HandshakeAllThreads done
Event: 4.922 Executing VM operation: G1CollectForAllocation
Event: 4.925 Executing VM operation: G1CollectForAllocation done
Event: 5.206 Executing VM operation: HandshakeAllThreads
Event: 5.206 Executing VM operation: HandshakeAllThreads done
Event: 5.212 Executing VM operation: HandshakeAllThreads
Event: 5.212 Executing VM operation: HandshakeAllThreads done
Event: 5.365 Executing VM operation: HandshakeAllThreads
Event: 5.365 Executing VM operation: HandshakeAllThreads done
Event: 5.374 Executing VM operation: CollectForMetadataAllocation
Event: 5.379 Executing VM operation: CollectForMetadataAllocation done
Event: 5.395 Executing VM operation: G1Concurrent
Event: 5.397 Executing VM operation: G1Concurrent done
Event: 5.404 Executing VM operation: G1Concurrent
Event: 5.404 Executing VM operation: G1Concurrent done
Event: 5.860 Executing VM operation: HandshakeAllThreads
Event: 5.860 Executing VM operation: HandshakeAllThreads done
Event: 5.879 Executing VM operation: G1CollectForAllocation
Event: 5.884 Executing VM operation: G1CollectForAllocation done

Events (20 events):
Event: 2.133 Loaded shared library C:\Program Files\Java\jdk-18.0.1.1\bin\sunmscapi.dll
Event: 2.150 Thread 0x000001b09822c3b0 Thread exited: 0x000001b09822c3b0
Event: 2.475 Thread 0x000001b09820f130 Thread exited: 0x000001b09820f130
Event: 2.475 Thread 0x000001b0989a25a0 Thread exited: 0x000001b0989a25a0
Event: 2.879 Thread 0x000001b098839160 Thread added: 0x000001b098839160
Event: 2.946 Thread 0x000001b098839160 Thread exited: 0x000001b098839160
Event: 2.966 Thread 0x000001b09845aca0 Thread added: 0x000001b09845aca0
Event: 4.659 Thread 0x000001b0992debc0 Thread added: 0x000001b0992debc0
Event: 4.661 Thread 0x000001b0992df560 Thread added: 0x000001b0992df560
Event: 4.665 Thread 0x000001b0992de6f0 Thread added: 0x000001b0992de6f0
Event: 4.797 Thread 0x000001b09845aca0 Thread exited: 0x000001b09845aca0
Event: 5.073 Thread 0x000001b0998a0bf0 Thread added: 0x000001b0998a0bf0
Event: 5.347 Thread 0x000001b09a8b3dd0 Thread added: 0x000001b09a8b3dd0
Event: 5.407 Thread 0x000001b0992dfa30 Thread added: 0x000001b0992dfa30
Event: 5.729 Thread 0x000001b09a94ee60 Thread added: 0x000001b09a94ee60
Event: 5.786 Thread 0x000001b09a94db20 Thread added: 0x000001b09a94db20
Event: 5.810 Thread 0x000001b09a94b4a0 Thread added: 0x000001b09a94b4a0
Event: 5.871 Thread 0x000001b09a94dff0 Thread added: 0x000001b09a94dff0
Event: 5.884 Thread 0x000001b09a94d180 Thread added: 0x000001b09a94d180
Event: 5.887 Thread 0x000001b09a94e990 Thread added: 0x000001b09a94e990


Dynamic libraries:
0x00007ff66c130000 - 0x00007ff66c140000 	C:\Program Files\Java\jdk-18.0.1.1\bin\java.exe
0x00007fffefb80000 - 0x00007fffefde0000 	C:\WINDOWS\SYSTEM32\ntdll.dll
0x00007fffed9e0000 - 0x00007fffedaa7000 	C:\WINDOWS\System32\KERNEL32.DLL
0x00007fffed1b0000 - 0x00007fffed57a000 	C:\WINDOWS\System32\KERNELBASE.dll
0x00007fffed580000 - 0x00007fffed6cb000 	C:\WINDOWS\System32\ucrtbase.dll
0x00007fffd2f60000 - 0x00007fffd2f78000 	C:\Program Files\Java\jdk-18.0.1.1\bin\jli.dll
0x00007fffdd4b0000 - 0x00007fffdd4ca000 	C:\Program Files\Java\jdk-18.0.1.1\bin\VCRUNTIME140.dll
0x00007fffedb60000 - 0x00007fffedc12000 	C:\WINDOWS\System32\ADVAPI32.dll
0x00007fffeee00000 - 0x00007fffeeea9000 	C:\WINDOWS\System32\msvcrt.dll
0x00007fffeddd0000 - 0x00007fffede76000 	C:\WINDOWS\System32\sechost.dll
0x00007fffedc20000 - 0x00007fffedd36000 	C:\WINDOWS\System32\RPCRT4.dll
0x00007fffee090000 - 0x00007fffee25c000 	C:\WINDOWS\System32\USER32.dll
0x00007fffed760000 - 0x00007fffed787000 	C:\WINDOWS\System32\win32u.dll
0x00007fffd1610000 - 0x00007fffd18a7000 	C:\WINDOWS\WinSxS\amd64_microsoft.windows.common-controls_6595b64144ccf1df_6.0.26100.3624_none_3e086962e3345f24\COMCTL32.dll
0x00007fffef180000 - 0x00007fffef1aa000 	C:\WINDOWS\System32\GDI32.dll
0x00007fffed840000 - 0x00007fffed971000 	C:\WINDOWS\System32\gdi32full.dll
0x00007fffed790000 - 0x00007fffed833000 	C:\WINDOWS\System32\msvcp_win.dll
0x00007fffdbd10000 - 0x00007fffdbd1b000 	C:\WINDOWS\SYSTEM32\VERSION.dll
0x00007fffee050000 - 0x00007fffee07f000 	C:\WINDOWS\System32\IMM32.DLL
0x00007fffd36f0000 - 0x00007fffd36fc000 	C:\Program Files\Java\jdk-18.0.1.1\bin\vcruntime140_1.dll
0x00007fffa7880000 - 0x00007fffa790d000 	C:\Program Files\Java\jdk-18.0.1.1\bin\msvcp140.dll
0x00007fff2a3a0000 - 0x00007fff2afb0000 	C:\Program Files\Java\jdk-18.0.1.1\bin\server\jvm.dll
0x00007fffee040000 - 0x00007fffee048000 	C:\WINDOWS\System32\PSAPI.DLL
0x00007fffd02a0000 - 0x00007fffd02aa000 	C:\WINDOWS\SYSTEM32\WSOCK32.dll
0x00007fffe3d30000 - 0x00007fffe3d66000 	C:\WINDOWS\SYSTEM32\WINMM.dll
0x00007fffedae0000 - 0x00007fffedb54000 	C:\WINDOWS\System32\WS2_32.dll
0x00007fffebc90000 - 0x00007fffebcaa000 	C:\WINDOWS\SYSTEM32\kernel.appcore.dll
0x00007fffd2f50000 - 0x00007fffd2f5a000 	C:\Program Files\Java\jdk-18.0.1.1\bin\jimage.dll
0x00007fffea440000 - 0x00007fffea681000 	C:\WINDOWS\SYSTEM32\DBGHELP.DLL
0x00007fffee440000 - 0x00007fffee7c2000 	C:\WINDOWS\System32\combase.dll
0x00007fffef970000 - 0x00007fffefa46000 	C:\WINDOWS\System32\OLEAUT32.dll
0x00007fffcbda0000 - 0x00007fffcbdd9000 	C:\WINDOWS\SYSTEM32\dbgcore.DLL
0x00007fffed110000 - 0x00007fffed1a9000 	C:\WINDOWS\System32\bcryptPrimitives.dll
0x00007fffd2e80000 - 0x00007fffd2e8e000 	C:\Program Files\Java\jdk-18.0.1.1\bin\instrument.dll
0x00007fffc2790000 - 0x00007fffc27b5000 	C:\Program Files\Java\jdk-18.0.1.1\bin\java.dll
0x00007fff8f340000 - 0x00007fff8f416000 	C:\Program Files\Java\jdk-18.0.1.1\bin\jsvml.dll
0x00007fffef240000 - 0x00007fffef969000 	C:\WINDOWS\System32\SHELL32.dll
0x00007fffecd60000 - 0x00007fffecec8000 	C:\WINDOWS\System32\wintypes.dll
0x00007fffeaa20000 - 0x00007fffeb272000 	C:\WINDOWS\SYSTEM32\windows.storage.dll
0x00007fffefa50000 - 0x00007fffefb3d000 	C:\WINDOWS\System32\SHCORE.dll
0x00007fffeeeb0000 - 0x00007fffeef14000 	C:\WINDOWS\System32\shlwapi.dll
0x00007fffecc70000 - 0x00007fffecc9f000 	C:\WINDOWS\SYSTEM32\profapi.dll
0x00007fffc2050000 - 0x00007fffc2068000 	C:\Program Files\Java\jdk-18.0.1.1\bin\zip.dll
0x00007fffd2f30000 - 0x00007fffd2f43000 	C:\Program Files\Java\jdk-18.0.1.1\bin\net.dll
0x00007fffde410000 - 0x00007fffde52d000 	C:\WINDOWS\SYSTEM32\WINHTTP.dll
0x00007fffec1b0000 - 0x00007fffec21a000 	C:\WINDOWS\system32\mswsock.dll
0x00007fffc2df0000 - 0x00007fffc2e06000 	C:\Program Files\Java\jdk-18.0.1.1\bin\nio.dll
0x00007fffb3880000 - 0x00007fffb389a000 	F:\IntelliJ IDEA Community Edition 2024.3.1.1\bin\breakgen64.dll
0x00007fffd2970000 - 0x00007fffd2979000 	C:\Program Files\Java\jdk-18.0.1.1\bin\management.dll
0x00007fffd28e0000 - 0x00007fffd28eb000 	C:\Program Files\Java\jdk-18.0.1.1\bin\management_ext.dll
0x00007fffc7970000 - 0x00007fffc797e000 	C:\Program Files\Java\jdk-18.0.1.1\bin\sunmscapi.dll
0x00007fffecf90000 - 0x00007fffed107000 	C:\WINDOWS\System32\CRYPT32.dll
0x00007fffec650000 - 0x00007fffec680000 	C:\WINDOWS\SYSTEM32\ncrypt.dll
0x00007fffec600000 - 0x00007fffec63f000 	C:\WINDOWS\SYSTEM32\NTASN1.dll
0x00007fffec450000 - 0x00007fffec46c000 	C:\WINDOWS\SYSTEM32\CRYPTSP.dll
0x00007fffebbf0000 - 0x00007fffebc2a000 	C:\WINDOWS\system32\rsaenh.dll
0x00007fffec250000 - 0x00007fffec27b000 	C:\WINDOWS\SYSTEM32\USERENV.dll
0x00007fffecc40000 - 0x00007fffecc66000 	C:\WINDOWS\SYSTEM32\bcrypt.dll
0x00007fffec470000 - 0x00007fffec47c000 	C:\WINDOWS\SYSTEM32\CRYPTBASE.dll
0x00007fffeb6c0000 - 0x00007fffeb6f3000 	C:\WINDOWS\SYSTEM32\IPHLPAPI.DLL
0x00007fffef0c0000 - 0x00007fffef0ca000 	C:\WINDOWS\System32\NSI.dll
0x00007fffe67f0000 - 0x00007fffe680f000 	C:\WINDOWS\SYSTEM32\dhcpcsvc6.DLL
0x00007fffe6760000 - 0x00007fffe6785000 	C:\WINDOWS\SYSTEM32\dhcpcsvc.DLL
0x00007fffeb790000 - 0x00007fffeb8b5000 	C:\WINDOWS\SYSTEM32\DNSAPI.dll
0x00007fffdcd90000 - 0x00007fffdcd9b000 	C:\Windows\System32\rasadhlp.dll
0x00007fffe6980000 - 0x00007fffe6a05000 	C:\WINDOWS\System32\fwpuclnt.dll

dbghelp: loaded successfully - version: 4.0.5 - missing functions: none
symbol engine: initialized successfully - sym options: 0x614 - pdb path: .;C:\Program Files\Java\jdk-18.0.1.1\bin;C:\WINDOWS\SYSTEM32;C:\WINDOWS\WinSxS\amd64_microsoft.windows.common-controls_6595b64144ccf1df_6.0.26100.3624_none_3e086962e3345f24;C:\Program Files\Java\jdk-18.0.1.1\bin\server;F:\IntelliJ IDEA Community Edition 2024.3.1.1\bin

VM Arguments:
jvm_args: -javaagent:F:\IntelliJ IDEA Community Edition 2024.3.1.1\lib\idea_rt.jar=50161:F:\IntelliJ IDEA Community Edition 2024.3.1.1\bin -Dfile.encoding=UTF-8 -Dsun.stdout.encoding=UTF-8 -Dsun.stderr.encoding=UTF-8 
java_command: com.wedstra.app.wedstra.backend.Application
java_class_path (initial): E:\Freelancing\Wedstra_Project\wedstra_backend\target\classes;C:\Users\DELL\.m2\repository\org\springframework\boot\spring-boot-starter-data-mongodb\3.4.1\spring-boot-starter-data-mongodb-3.4.1.jar;C:\Users\DELL\.m2\repository\org\springframework\boot\spring-boot-starter\3.4.1\spring-boot-starter-3.4.1.jar;C:\Users\DELL\.m2\repository\org\springframework\boot\spring-boot-starter-logging\3.4.1\spring-boot-starter-logging-3.4.1.jar;C:\Users\DELL\.m2\repository\ch\qos\logback\logback-classic\1.5.12\logback-classic-1.5.12.jar;C:\Users\DELL\.m2\repository\ch\qos\logback\logback-core\1.5.12\logback-core-1.5.12.jar;C:\Users\DELL\.m2\repository\org\apache\logging\log4j\log4j-to-slf4j\2.24.3\log4j-to-slf4j-2.24.3.jar;C:\Users\DELL\.m2\repository\org\apache\logging\log4j\log4j-api\2.24.3\log4j-api-2.24.3.jar;C:\Users\DELL\.m2\repository\org\slf4j\jul-to-slf4j\2.0.16\jul-to-slf4j-2.0.16.jar;C:\Users\DELL\.m2\repository\jakarta\annotation\jakarta.annotation-api\2.1.1\jakarta.annotation-api-2.1.1.jar;C:\Users\DELL\.m2\repository\org\yaml\snakeyaml\2.3\snakeyaml-2.3.jar;C:\Users\DELL\.m2\repository\org\mongodb\mongodb-driver-sync\5.2.1\mongodb-driver-sync-5.2.1.jar;C:\Users\DELL\.m2\repository\org\mongodb\bson\5.2.1\bson-5.2.1.jar;C:\Users\DELL\.m2\repository\org\mongodb\mongodb-driver-core\5.2.1\mongodb-driver-core-5.2.1.jar;C:\Users\DELL\.m2\repository\org\mongodb\bson-record-codec\5.2.1\bson-record-codec-5.2.1.jar;C:\Users\DELL\.m2\repository\org\springframework\data\spring-data-mongodb\4.4.1\spring-data-mongodb-4.4.1.jar;C:\Users\DELL\.m2\repository\org\springframework\spring-tx\6.2.1\spring-tx-6.2.1.jar;C:\Users\DELL\.m2\repository\org\springframework\spring-context\6.2.1\spring-context-6.2.1.jar;C:\Users\DELL\.m2\repository\org\springframework\spring-beans\6.2.1\spring-beans-6.2.1.jar;C:\Users\DELL\.m2\repository\org\springframework\spring-expression\6.2.1\spring-expression-6.2.1.jar;C:\Users\DELL\.m2\repository\org\springframework\data\spring-data-commons\3.4.1\spring-data-commons-3.4.1.jar;C:\Users\DELL\.m2\repository\org\slf4j\slf4j-api\2.0.16\slf4j-api-2.0.16.jar;C:\Users\DELL\.m2\repository\org\springframework\boot\spring-boot-starter-web\3.4.1\spring-boot-starter-web-3.4.1.jar;C:\Users\DELL\.m2\repository\org\springframework\boot\spring-boot-starter-json\3.4.1\spring-boot-starter-json-3.4.1.jar;C:\Users\DELL\.m2\repository\com\fasterxml\jackson\datatype\jackson-datatype-jdk8\2.18.2\jackson-datatype-jdk8-2.18.2.jar;C:\Users\DELL\.m2\repository\com\fasterxml\jackson\datatype\jackson-datatype-jsr310\2.18.2\jackson-datatype-jsr310-2.18.2.jar;C:\Users\DELL\.m2\repository\com\fasterxml\jackson\module\jackson-module-parameter-names\2.18.2\jackson-module-parameter-names-2.18.2.jar;C:\Users\DELL\.m2\repository\org\springframework\boot\spring-boot-starter-tomcat\3.4.1\spring-boot-starter-tomcat-3.4.1.jar;C:\Users\DELL\.m2\repository\org\apache\tomcat\embed\tomcat-embed-core\10.1.34\tomcat-embed-core-10.1.34.jar;C:\Users\DELL\.m2\repository\org\apache\tomcat\embed\tomcat-embed-el\10.1.34\tomcat-embed-el-10.1.34.jar;C:\Users\DELL\.m2\repository\org\apache\tomcat\embed\tomcat-embed-websocket\10.1.34\tomcat-embed-websocket-10.1.34.jar;C:\Users\DELL\.m2\repository\org\springframework\spring-web\6.2.1\spring-web-6.2.1.jar;C:\Users\DELL\.m2\repository\io\micrometer\micrometer-observation\1.14.2\micrometer-observation-1.14.2.jar;C:\Users\DELL\.m2\repository\io\micrometer\micrometer-commons\1.14.2\micrometer-commons-1.14.2.jar;C:\Users\DELL\.m2\repository\org\springframework\spring-webmvc\6.2.1\spring-webmvc-6.2.1.jar;C:\Users\DELL\.m2\repository\org\springframework\boot\spring-boot-devtools\3.4.1\spring-boot-devtools-3.4.1.jar;C:\Users\DELL\.m2\repository\org\springframework\boot\spring-boot\3.4.1\spring-boot-3.4.1.jar;C:\Users\DELL\.m2\repository\org\springframework\boot\spring-boot-autoconfigure\3.4.1\spring-boot-autoconfigure-3.4.1.jar;C:\Users\DELL\.m2\repository\org\projectlombok\lombok\1.18.36\lombok-1.18.36.jar;C:\Users\DELL\.m2\repository\org\springframework\spring-core\6.2.1\spring-core-6.2.1.jar;C:\Users\DELL\.m2\repository\org\springframework\spring-jcl\6.2.1\spring-jcl-6.2.1.jar;C:\Users\DELL\.m2\repository\org\springframework\boot\spring-boot-starter-security\3.4.1\spring-boot-starter-security-3.4.1.jar;C:\Users\DELL\.m2\repository\org\springframework\spring-aop\6.2.1\spring-aop-6.2.1.jar;C:\Users\DELL\.m2\repository\org\springframework\security\spring-security-config\6.4.2\spring-security-config-6.4.2.jar;C:\Users\DELL\.m2\repository\org\springframework\security\spring-security-web\6.4.2\spring-security-web-6.4.2.jar;C:\Users\DELL\.m2\repository\org\springframework\security\spring-security-core\6.4.2\spring-security-core-6.4.2.jar;C:\Users\DELL\.m2\repository\org\springframework\security\spring-security-crypto\6.4.2\spring-security-crypto-6.4.2.jar;C:\Users\DELL\.m2\repository\at\favre\lib\bcrypt\0.10.2\bcrypt-0.10.2.jar;C:\Users\DELL\.m2\repository\at\favre\lib\bytes\1.5.0\bytes-1.5.0.jar;C:\Users\DELL\.m2\repository\io\jsonwebtoken\jjwt\0.12.5\jjwt-0.12.5.jar;C:\Users\DELL\.m2\repository\io\jsonwebtoken\jjwt-api\0.12.5\jjwt-api-0.12.5.jar;C:\Users\DELL\.m2\repository\io\jsonwebtoken\jjwt-impl\0.12.5\jjwt-impl-0.12.5.jar;C:\Users\DELL\.m2\repository\io\jsonwebtoken\jjwt-jackson\0.12.5\jjwt-jackson-0.12.5.jar;C:\Users\DELL\.m2\repository\com\fasterxml\jackson\core\jackson-databind\2.18.2\jackson-databind-2.18.2.jar;C:\Users\DELL\.m2\repository\com\fasterxml\jackson\core\jackson-annotations\2.18.2\jackson-annotations-2.18.2.jar;C:\Users\DELL\.m2\repository\com\fasterxml\jackson\core\jackson-core\2.18.2\jackson-core-2.18.2.jar;C:\Users\DELL\.m2\repository\software\amazon\awssdk\s3\2.21.0\s3-2.21.0.jar;C:\Users\DELL\.m2\repository\software\amazon\awssdk\aws-xml-protocol\2.21.0\aws-xml-protocol-2.21.0.jar;C:\Users\DELL\.m2\repository\software\amazon\awssdk\aws-query-protocol\2.21.0\aws-query-protocol-2.21.0.jar;C:\Users\DELL\.m2\repository\software\amazon\awssdk\protocol-core\2.21.0\protocol-core-2.21.0.jar;C:\Users\DELL\.m2\repository\software\amazon\awssdk\arns\2.21.0\arns-2.21.0.jar;C:\Users\DELL\.m2\repository\software\amazon\awssdk\profiles\2.21.0\profiles-2.21.0.jar;C:\Users\DELL\.m2\repository\software\amazon\awssdk\crt-core\2.21.0\crt-core-2.21.0.jar;C:\Users\DELL\.m2\repository\software\amazon\awssdk\http-auth\2.21.0\http-auth-2.21.0.jar;C:\Users\DELL\.m2\repository\software\amazon\awssdk\http-auth-aws\2.21.0\http-auth-aws-2.21.0.jar;C:\Users\DELL\.m2\repository\software\amazon\awssdk\checksums-spi\2.21.0\checksums-spi-2.21.0.jar;C:\Users\DELL\.m2\repository\software\amazon\awssdk\checksums\2.21.0\checksums-2.21.0.jar;C:\Users\DELL\.m2\repository\software\amazon\awssdk\sdk-core\2.21.0\sdk-core-2.21.0.jar;C:\Users\DELL\.m2\repository\org\reactivestreams\reactive-streams\1.0.4\reactive-streams-1.0.4.jar;C:\Users\DELL\.m2\repository\software\amazon\awssdk\auth\2.21.0\auth-2.21.0.jar;C:\Users\DELL\.m2\repository\software\amazon\eventstream\eventstream\1.0.1\eventstream-1.0.1.jar;C:\Users\DELL\.m2\repository\software\amazon\awssdk\http-auth-spi\2.21.0\http-auth-spi-2.21.0.jar;C:\Users\DELL\.m2\repository\software\amazon\awssdk\identity-spi\2.21.0\identity-spi-2.21.0.jar;C:\Users\DELL\.m2\repository\software\amazon\awssdk\http-client-spi\2.21.0\http-client-spi-2.21.0.jar;C:\Users\DELL\.m2\repository\software\amazon\awssdk\regions\2.21.0\regions-2.21.0.jar;C:\Users\DELL\.m2\repository\software\amazon\awssdk\annotations\2.21.0\annotations-2.21.0.jar;C:\Users\DELL\.m2\repository\software\amazon\awssdk\utils\2.21.0\utils-2.21.0.jar;C:\Users\DELL\.m2\repository\software\amazon\awssdk\aws-core\2.21.0\aws-core-2.21.0.jar;C:\Users\DELL\.m2\repository\software\amazon\awssdk\metrics-spi\2.21.0\metrics-spi-2.21.0.jar;C:\Users\DELL\.m2\repository\software\amazon\awssdk\json-utils\2.21.0\json-utils-2.21.0.jar;C:\Users\DELL\.m2\repository\software\amazon\awssdk\third-party-jackson-core\2.21.0\third-party-jackson-core-2.21.0.jar;C:\Users\DELL\.m2\repository\software\amazon\awssdk\endpoints-spi\2.21.0\endpoints-spi-2.21.0.jar;C:\Users\DELL\.m2\repository\software\amazon\awssdk\apache-client\2.21.0\apache-client-2.21.0.jar;C:\Users\DELL\.m2\repository\org\apache\httpcomponents\httpclient\4.5.13\httpclient-4.5.13.jar;C:\Users\DELL\.m2\repository\commons-logging\commons-logging\1.2\commons-logging-1.2.jar;C:\Users\DELL\.m2\repository\org\apache\httpcomponents\httpcore\4.4.16\httpcore-4.4.16.jar;C:\Users\DELL\.m2\repository\commons-codec\commons-codec\1.17.1\commons-codec-1.17.1.jar;C:\Users\DELL\.m2\repository\software\amazon\awssdk\netty-nio-client\2.21.0\netty-nio-client-2.21.0.jar;C:\Users\DELL\.m2\repository\io\netty\netty-codec-http\4.1.116.Final\netty-codec-http-4.1.116.Final.jar;C:\Users\DELL\.m2\repository\io\netty\netty-codec-http2\4.1.116.Final\netty-codec-http2-4.1.116.Final.jar;C:\Users\DELL\.m2\repository\io\netty\netty-codec\4.1.116.Final\netty-codec-4.1.116.Final.jar;C:\Users\DELL\.m2\repository\io\netty\netty-transport\4.1.116.Final\netty-transport-4.1.116.Final.jar;C:\Users\DELL\.m2\repository\io\netty\netty-common\4.1.116.Final\netty-common-4.1.116.Final.jar;C:\Users\DELL\.m2\repository\io\netty\netty-buffer\4.1.116.Final\netty-buffer-4.1.116.Final.jar;C:\Users\DELL\.m2\repository\io\netty\netty-handler\4.1.116.Final\netty-handler-4.1.116.Final.jar;C:\Users\DELL\.m2\repository\io\netty\netty-transport-native-unix-common\4.1.116.Final\netty-transport-native-unix-common-4.1.116.Final.jar;C:\Users\DELL\.m2\repository\io\netty\netty-transport-classes-epoll\4.1.116.Final\netty-transport-classes-epoll-4.1.116.Final.jar;C:\Users\DELL\.m2\repository\io\netty\netty-resolver\4.1.116.Final\netty-resolver-4.1.116.Final.jar;C:\Users\DELL\.m2\repository\io\github\cdimascio\dotenv-java\3.0.0\dotenv-java-3.0.0.jar;C:\Users\DELL\.m2\repository\org\springframework\boot\spring-boot-starter-websocket\3.4.1\spring-boot-starter-websocket-3.4.1.jar;C:\Users\DELL\.m2\repository\org\springframework\spring-messaging\6.2.1\spring-messaging-6.2.1.jar;C:\Users\DELL\.m2\repository\org\springframework\spring-websocket\6.2.1\spring-websocket-6.2.1.jar
Launcher Type: SUN_STANDARD

[Global flags]
     intx CICompilerCount                          = 4                                         {product} {ergonomic}
     uint ConcGCThreads                            = 2                                         {product} {ergonomic}
     uint G1ConcRefinementThreads                  = 8                                         {product} {ergonomic}
   size_t G1HeapRegionSize                         = 2097152                                   {product} {ergonomic}
    uintx GCDrainStackTargetSize                   = 64                                        {product} {ergonomic}
   size_t InitialHeapSize                          = 264241152                                 {product} {ergonomic}
   size_t MarkStackSize                            = 4194304                                   {product} {ergonomic}
   size_t MaxHeapSize                              = 4225761280                                {product} {ergonomic}
   size_t MaxNewSize                               = 2535456768                                {product} {ergonomic}
   size_t MinHeapDeltaBytes                        = 2097152                                   {product} {ergonomic}
   size_t MinHeapSize                              = 8388608                                   {product} {ergonomic}
    uintx NonNMethodCodeHeapSize                   = 5839372                                {pd product} {ergonomic}
    uintx NonProfiledCodeHeapSize                  = 122909434                              {pd product} {ergonomic}
    uintx ProfiledCodeHeapSize                     = 122909434                              {pd product} {ergonomic}
    uintx ReservedCodeCacheSize                    = 251658240                              {pd product} {ergonomic}
     bool SegmentedCodeCache                       = true                                      {product} {ergonomic}
   size_t SoftMaxHeapSize                          = 4225761280                             {manageable} {ergonomic}
     bool UseCompressedClassPointers               = true                           {product lp64_product} {ergonomic}
     bool UseCompressedOops                        = true                           {product lp64_product} {ergonomic}
     bool UseG1GC                                  = true                                      {product} {ergonomic}
     bool UseLargePagesIndividualAllocation        = false                                  {pd product} {ergonomic}

Logging:
Log output configuration:
 #0: stdout all=warning uptime,level,tags foldmultilines=false
 #1: stderr all=off uptime,level,tags foldmultilines=false

Environment Variables:
CLASSPATH=C:\oraclexe\app\oracle\product\10.2.0\server\jdbc\lib\ojdbc14.jar
PATH=C:\Users\DELL\AppData\Local\Pub\Cache\bin;C:\oraclexe\app\oracle\product\10.2.0\server\bin;C:\Program Files\Common Files\Oracle\Java\javapath;C:\Program Files\Python310\Scripts\;C:\Program Files\Python310\;C:\Program Files (x86)\VMware\VMware Player\bin\;C:\Windows\system32;C:\Windows;C:\Windows\System32\Wbem;C:\Windows\System32\WindowsPowerShell\v1.0\;C:\Windows\System32\OpenSSH\;C:\Program Files\NVIDIA Corporation\NVIDIA NvDLISR;C:\WINDOWS\system32;C:\WINDOWS;C:\WINDOWS\System32\Wbem;C:\WINDOWS\System32\WindowsPowerShell\v1.0\;C:\WINDOWS\System32\OpenSSH\;C:\MinGW\bin;C:\Program Files\dotnet\;F:\Ax3soft\common;C:\Program Files\Ax3soft\common;F:\DHCP\Ax3soft\common;C:\Program Files\PuTTY\;C:\Program Files\Java\jdk-18.0.1.1\bin;C:\Program Files\Git\cmd;C:\Program Files\Git\bin;C:\src\flutter\bin;C:\Users\DELL\AppData\Roaming\nvm;C:\Program Files\nodejs;C:\Program Files\nodejs\;C:\ProgramData\chocolatey\bin;C:\Program Files (x86)\Microsoft SQL Server\160\Tools\Binn\;C:\Program Files\Microsoft SQL Server\160\Tools\Binn\;C:\Program Files\Microsoft SQL Server\Client SDK\ODBC\170\Tools\Binn\;C:\Program Files\Microsoft SQL Server\160\DTS\Binn\;F:\terraform;C:\Program Files\Amazon\AWSCLI\bin\;C:\Program Files\Docker\Docker\resources\bin;C:\Program Files\MySQL\MySQL Shell 8.0\bin\;C:\Users\DELL\AppData\Local\Microsoft\WindowsApps;C:\Users\DELL\AppData\Local\Programs\Microsoft VS Code\bin;C:\Program Files\JetBrains\PyCharm Community Edition 2022.1.3\bin;;C:\Users\DELL\AppData\Roaming\Python\Python310\Scripts;F:\IntelliJ IDEA Community Edition 2024.3.1.1\bin;;C:\Program Files\MongoDB\Server\6.0\bin;C:\Users\DELL\AppData\Roaming\nvm;C:\Program Files\nodejs;C:\Users\DELL\AppData\Local\GitHubDesktop\bin;C:\Users\DELL\AppData\Local\Pub\Cache\bin;C:\Users\DELL\AppData\Roaming\npm;F:\IntelliJ IDEA 2024.3.1.1\bin;;F:\Google Cloud CLI\google-cloud-sdk\bin;C:\Program Files\MySQL\MySQL Server 8.0\bin;
USERNAME=DELL
OS=Windows_NT
PROCESSOR_IDENTIFIER=Intel64 Family 6 Model 140 Stepping 1, GenuineIntel



---------------  S Y S T E M  ---------------

OS:
 Windows 11 , 64 bit Build 26100 (10.0.26100.3775)
OS uptime: 1 days 19:42 hours
Hyper-V role detected

CPU: total 8 (initial active 8) (4 cores per cpu, 2 threads per core) family 6 model 140 stepping 1 microcode 0xbc, cx8, cmov, fxsr, ht, mmx, 3dnowpref, sse, sse2, sse3, ssse3, sse4.1, sse4.2, popcnt, lzcnt, tsc, tscinvbit, avx, avx2, aes, erms, clmul, bmi1, bmi2, adx, avx512f, avx512dq, avx512cd, avx512bw, avx512vl, sha, fma, vzeroupper, avx512_vpopcntdq, avx512_vpclmulqdq, avx512_vaes, avx512_vnni, clflush, clflushopt, clwb, avx512_vbmi2, avx512_vbmi, hv

Memory: 4k page, system-wide physical 16118M (1702M free)
TotalPageFile size 22333M (AvailPageFile size 4M)
current process WorkingSet (physical memory assigned to process): 213M, peak: 213M
current process commit charge ("private bytes"): 250M, peak: 399M

vm_info: Java HotSpot(TM) 64-Bit Server VM (18.0.1.1+2-6) for windows-amd64 JRE (18.0.1.1+2-6), built on Apr 25 2022 21:53:15 by "mach5one" with MS VC++ 16.8 / 16.9 (VS2019)

END.
