#
# There is insufficient memory for the Java Runtime Environment to continue.
# Native memory allocation (malloc) failed to allocate 143296 bytes for Chunk::new
# Possible reasons:
#   The system is out of physical RAM or swap space
#   The process is running with CompressedOops enabled, and the Java Heap may be blocking the growth of the native heap
# Possible solutions:
#   Reduce memory load on the system
#   Increase physical memory or swap space
#   Check if swap backing store is full
#   Decrease Java heap size (-Xmx/-Xms)
#   Decrease number of Java threads
#   Decrease Java thread stack sizes (-Xss)
#   Set larger code cache with -XX:ReservedCodeCacheSize=
#   JVM is running with Zero Based Compressed Oops mode in which the Java heap is
#     placed in the first 32GB address space. The Java Heap base address is the
#     maximum limit for the native heap growth. Please use -XX:HeapBaseMinAddress
#     to set the Java Heap base and to place the Java Heap above 32GB virtual address.
# This output file may be truncated or incomplete.
#
#  Out of Memory Error (arena.cpp:184), pid=25956, tid=21616
#
# JRE version: Java(TM) SE Runtime Environment (18.0.1.1+2) (build 18.0.1.1+2-6)
# Java VM: Java HotSpot(TM) 64-Bit Server VM (18.0.1.1+2-6, mixed mode, sharing, tiered, compressed oops, compressed class ptrs, g1 gc, windows-amd64)
# No core dump will be written. Minidumps are not enabled by default on client versions of Windows
#

---------------  S U M M A R Y ------------

Command Line: -javaagent:F:\IntelliJ IDEA Community Edition 2024.3.1.1\lib\idea_rt.jar=51212:F:\IntelliJ IDEA Community Edition 2024.3.1.1\bin -Dfile.encoding=UTF-8 -Dsun.stdout.encoding=UTF-8 -Dsun.stderr.encoding=UTF-8 com.wedstra.app.wedstra.backend.Application

Host: 11th Gen Intel(R) Core(TM) i5-1135G7 @ 2.40GHz, 8 cores, 15G,  Windows 11 , 64 bit Build 26100 (10.0.26100.3037)
Time: Thu Feb 13 13:56:42 2025 India Standard Time elapsed time: 68.340040 seconds (0d 0h 1m 8s)

---------------  T H R E A D  ---------------

Current thread (0x000001bc25dbe0d0):  JavaThread "C2 CompilerThread0" daemon [_thread_in_native, id=21616, stack(0x000000ace0300000,0x000000ace0400000)]


Current CompileTask:
C2:  68340 6173       4       org.bson.io.ByteBufferBsonInput::readString (112 bytes)

Stack: [0x000000ace0300000,0x000000ace0400000]
Native frames: (J=compiled Java code, j=interpreted, Vv=VM code, C=native code)
V  [jvm.dll+0x69887a]
V  [jvm.dll+0x7f38bd]
V  [jvm.dll+0x7f51ce]
V  [jvm.dll+0x7f5883]
V  [jvm.dll+0x25ca3f]
V  [jvm.dll+0xb8c2f]
V  [jvm.dll+0xb8fa5]
V  [jvm.dll+0x2c794f]
V  [jvm.dll+0x5a05b0]
V  [jvm.dll+0x237f1e]
V  [jvm.dll+0x231559]
V  [jvm.dll+0x22eeeb]
V  [jvm.dll+0x1b9cfc]
V  [jvm.dll+0x23e8ca]
V  [jvm.dll+0x23cbb5]
V  [jvm.dll+0x7a5fb1]
V  [jvm.dll+0x7a03ea]
V  [jvm.dll+0x697725]
C  [ucrtbase.dll+0x37b0]
C  [KERNEL32.DLL+0x2e8d7]
C  [ntdll.dll+0xbbf2c]


---------------  P R O C E S S  ---------------

Threads class SMR info:
_java_thread_list=0x000001bc2dedb760, length=42, elements={
0x000001bc25d99e00, 0x000001bc25d9b310, 0x000001bc25db3f20, 0x000001bc25db48c0,
0x000001bc25db63e0, 0x000001bc25db8460, 0x000001bc25dbe0d0, 0x000001bc25dbfa30,
0x000001bc25dcff40, 0x000001bc2a0b68e0, 0x000001bc2a348910, 0x000001bc2a348dd0,
0x000001bc2c58f6d0, 0x000001bc2c456b20, 0x000001bc2d857ae0, 0x000001bc2bb6bbd0,
0x000001bc2bb69550, 0x000001bc2bb6ca40, 0x000001bc2bb69ef0, 0x000001bc2bb6c570,
0x000001bc2bb69080, 0x000001bc2bb6a890, 0x000001bc2bb6b700, 0x000001bc2fe00440,
0x000001bc2fdfff70, 0x000001bc2fe02120, 0x000001bc2fe02ac0, 0x000001bc2fe03460,
0x000001bc2fe00de0, 0x000001bc2fe025f0, 0x000001bc2fe02f90, 0x000001bc2fdffaa0,
0x000001bc2fe00910, 0x000001bc2fe012b0, 0x000001bc2fe01c50, 0x000001bc2fe03930,
0x000001bc2fe047a0, 0x000001bc2fe03e00, 0x000001bc2fe042d0, 0x000001bc2fe04c70,
0x000001bc2fe05140, 0x000001bc2fe01780
}

Java Threads: ( => current thread )
  0x000001bc25d99e00 JavaThread "Reference Handler" daemon [_thread_blocked, id=19476, stack(0x000000acdfd00000,0x000000acdfe00000)]
  0x000001bc25d9b310 JavaThread "Finalizer" daemon [_thread_blocked, id=28260, stack(0x000000acdfe00000,0x000000acdff00000)]
  0x000001bc25db3f20 JavaThread "Signal Dispatcher" daemon [_thread_blocked, id=11772, stack(0x000000acdff00000,0x000000ace0000000)]
  0x000001bc25db48c0 JavaThread "Attach Listener" daemon [_thread_blocked, id=22504, stack(0x000000ace0000000,0x000000ace0100000)]
  0x000001bc25db63e0 JavaThread "Service Thread" daemon [_thread_blocked, id=23880, stack(0x000000ace0100000,0x000000ace0200000)]
  0x000001bc25db8460 JavaThread "Monitor Deflation Thread" daemon [_thread_blocked, id=29372, stack(0x000000ace0200000,0x000000ace0300000)]
=>0x000001bc25dbe0d0 JavaThread "C2 CompilerThread0" daemon [_thread_in_native, id=21616, stack(0x000000ace0300000,0x000000ace0400000)]
  0x000001bc25dbfa30 JavaThread "C1 CompilerThread0" daemon [_thread_in_vm, id=28840, stack(0x000000ace0400000,0x000000ace0500000)]
  0x000001bc25dcff40 JavaThread "Sweeper thread" daemon [_thread_blocked, id=21680, stack(0x000000ace0500000,0x000000ace0600000)]
  0x000001bc2a0b68e0 JavaThread "Common-Cleaner" daemon [_thread_blocked, id=1132, stack(0x000000ace0600000,0x000000ace0700000)]
  0x000001bc2a348910 JavaThread "Monitor Ctrl-Break" daemon [_thread_in_native, id=25596, stack(0x000000ace0800000,0x000000ace0900000)]
  0x000001bc2a348dd0 JavaThread "Notification Thread" daemon [_thread_blocked, id=20624, stack(0x000000ace0900000,0x000000ace0a00000)]
  0x000001bc2c58f6d0 JavaThread "Catalina-utility-1" [_thread_blocked, id=2788, stack(0x000000ace1600000,0x000000ace1700000)]
  0x000001bc2c456b20 JavaThread "Catalina-utility-2" [_thread_blocked, id=26800, stack(0x000000ace1700000,0x000000ace1800000)]
  0x000001bc2d857ae0 JavaThread "container-0" [_thread_blocked, id=3624, stack(0x000000ace1800000,0x000000ace1900000)]
  0x000001bc2bb6bbd0 JavaThread "idle-connection-reaper" daemon [_thread_blocked, id=4380, stack(0x000000ace1900000,0x000000ace1a00000)]
  0x000001bc2bb69550 JavaThread "Thread-4" daemon [_thread_in_native, id=2380, stack(0x000000ace1a00000,0x000000ace1b00000)]
  0x000001bc2bb6ca40 JavaThread "BufferPoolPruner-1-thread-1" daemon [_thread_blocked, id=30468, stack(0x000000ace1b00000,0x000000ace1c00000)]
  0x000001bc2bb69ef0 JavaThread "cluster-ClusterId{value='67adac8338c5f745c4afde83', description='null'}-ac-ejneczh-shard-00-00.mamoiv2.mongodb.net:27017" daemon [_thread_in_native, id=4280, stack(0x000000ace1d00000,0x000000ace1e00000)]
  0x000001bc2bb6c570 JavaThread "cluster-ClusterId{value='67adac8338c5f745c4afde83', description='null'}-ac-ejneczh-shard-00-02.mamoiv2.mongodb.net:27017" daemon [_thread_in_native, id=27852, stack(0x000000ace1e00000,0x000000ace1f00000)]
  0x000001bc2bb69080 JavaThread "cluster-ClusterId{value='67adac8338c5f745c4afde83', description='null'}-ac-ejneczh-shard-00-01.mamoiv2.mongodb.net:27017" daemon [_thread_in_native, id=26636, stack(0x000000ace1f00000,0x000000ace2000000)]
  0x000001bc2bb6a890 JavaThread "Live Reload Server" daemon [_thread_in_native, id=25844, stack(0x000000ace2100000,0x000000ace2200000)]
  0x000001bc2bb6b700 JavaThread "File Watcher" daemon [_thread_blocked, id=14536, stack(0x000000ace2200000,0x000000ace2300000)]
  0x000001bc2fe00440 JavaThread "http-nio-8443-exec-1" daemon [_thread_blocked, id=24892, stack(0x000000ace2300000,0x000000ace2400000)]
  0x000001bc2fdfff70 JavaThread "http-nio-8443-exec-2" daemon [_thread_blocked, id=2112, stack(0x000000ace2400000,0x000000ace2500000)]
  0x000001bc2fe02120 JavaThread "http-nio-8443-exec-3" daemon [_thread_blocked, id=29644, stack(0x000000ace2500000,0x000000ace2600000)]
  0x000001bc2fe02ac0 JavaThread "http-nio-8443-exec-4" daemon [_thread_blocked, id=28384, stack(0x000000ace2600000,0x000000ace2700000)]
  0x000001bc2fe03460 JavaThread "http-nio-8443-exec-5" daemon [_thread_blocked, id=19240, stack(0x000000ace2700000,0x000000ace2800000)]
  0x000001bc2fe00de0 JavaThread "http-nio-8443-exec-6" daemon [_thread_blocked, id=4296, stack(0x000000ace2800000,0x000000ace2900000)]
  0x000001bc2fe025f0 JavaThread "http-nio-8443-exec-7" daemon [_thread_blocked, id=29000, stack(0x000000ace2900000,0x000000ace2a00000)]
  0x000001bc2fe02f90 JavaThread "http-nio-8443-exec-8" daemon [_thread_blocked, id=27024, stack(0x000000ace2a00000,0x000000ace2b00000)]
  0x000001bc2fdffaa0 JavaThread "http-nio-8443-exec-9" daemon [_thread_blocked, id=29940, stack(0x000000ace2b00000,0x000000ace2c00000)]
  0x000001bc2fe00910 JavaThread "http-nio-8443-exec-10" daemon [_thread_blocked, id=18484, stack(0x000000ace2c00000,0x000000ace2d00000)]
  0x000001bc2fe012b0 JavaThread "http-nio-8443-Poller" daemon [_thread_in_native, id=19620, stack(0x000000ace2d00000,0x000000ace2e00000)]
  0x000001bc2fe01c50 JavaThread "http-nio-8443-Acceptor" daemon [_thread_in_native, id=26016, stack(0x000000ace2e00000,0x000000ace2f00000)]
  0x000001bc2fe03930 JavaThread "DestroyJavaVM" [_thread_blocked, id=30008, stack(0x000000acdf600000,0x000000acdf700000)]
  0x000001bc2fe047a0 JavaThread "cluster-rtt-ClusterId{value='67adac8338c5f745c4afde83', description='null'}-ac-ejneczh-shard-00-00.mamoiv2.mongodb.net:27017" daemon [_thread_blocked, id=22940, stack(0x000000ace0700000,0x000000ace0800000)]
  0x000001bc2fe03e00 JavaThread "cluster-rtt-ClusterId{value='67adac8338c5f745c4afde83', description='null'}-ac-ejneczh-shard-00-02.mamoiv2.mongodb.net:27017" daemon [_thread_blocked, id=30632, stack(0x000000ace0b00000,0x000000ace0c00000)]
  0x000001bc2fe042d0 JavaThread "cluster-rtt-ClusterId{value='67adac8338c5f745c4afde83', description='null'}-ac-ejneczh-shard-00-01.mamoiv2.mongodb.net:27017" daemon [_thread_blocked, id=14492, stack(0x000000ace2f00000,0x000000ace3000000)]
  0x000001bc2fe04c70 JavaThread "MaintenanceTimer-2-thread-1" daemon [_thread_blocked, id=26976, stack(0x000000ace3000000,0x000000ace3100000)]
  0x000001bc2fe05140 JavaThread "MaintenanceTimer-3-thread-1" daemon [_thread_blocked, id=22864, stack(0x000000ace3100000,0x000000ace3200000)]
  0x000001bc2fe01780 JavaThread "MaintenanceTimer-4-thread-1" daemon [_thread_blocked, id=14732, stack(0x000000ace3200000,0x000000ace3300000)]

Other Threads:
  0x000001bc25d96a30 VMThread "VM Thread" [stack: 0x000000acdfc00000,0x000000acdfd00000] [id=17776]
  0x000001bc2a3fed40 WatcherThread "VM Periodic Task Thread" [stack: 0x000000ace0a00000,0x000000ace0b00000] [id=12280]
  0x000001bc02a4a600 WorkerThread "GC Thread#0" [stack: 0x000000acdf700000,0x000000acdf800000] [id=16036]
  0x000001bc2af4ad30 WorkerThread "GC Thread#1" [stack: 0x000000ace0c00000,0x000000ace0d00000] [id=572]
  0x000001bc2af50450 WorkerThread "GC Thread#2" [stack: 0x000000ace0d00000,0x000000ace0e00000] [id=28624]
  0x000001bc2af54000 WorkerThread "GC Thread#3" [stack: 0x000000ace0e00000,0x000000ace0f00000] [id=18696]
  0x000001bc2af542a0 WorkerThread "GC Thread#4" [stack: 0x000000ace0f00000,0x000000ace1000000] [id=16924]
  0x000001bc2af5e1c0 WorkerThread "GC Thread#5" [stack: 0x000000ace1000000,0x000000ace1100000] [id=25968]
  0x000001bc2b23a940 WorkerThread "GC Thread#6" [stack: 0x000000ace1300000,0x000000ace1400000] [id=10760]
  0x000001bc2b7a1aa0 WorkerThread "GC Thread#7" [stack: 0x000000ace1400000,0x000000ace1500000] [id=11704]
  0x000001bc00fee030 ConcurrentGCThread "G1 Main Marker" [stack: 0x000000acdf800000,0x000000acdf900000] [id=28908]
  0x000001bc02a5a720 WorkerThread "G1 Conc#0" [stack: 0x000000acdf900000,0x000000acdfa00000] [id=3604]
  0x000001bc2ba36490 WorkerThread "G1 Conc#1" [stack: 0x000000ace1200000,0x000000ace1300000] [id=13092]
  0x000001bc25c4b7e0 ConcurrentGCThread "G1 Refine#0" [stack: 0x000000acdfa00000,0x000000acdfb00000] [id=12064]
  0x000001bc25c4bf90 ConcurrentGCThread "G1 Service" [stack: 0x000000acdfb00000,0x000000acdfc00000] [id=28688]

Threads with active compile tasks:
C2 CompilerThread0    68394 6173       4       org.bson.io.ByteBufferBsonInput::readString (112 bytes)
C1 CompilerThread0    68394 6176       3       org.bson.codecs.BsonDocumentCodec::decode (74 bytes)

VM state: not at safepoint (normal execution)

VM Mutex/Monitor currently owned by a thread: None

Heap address: 0x0000000704200000, size: 4030 MB, Compressed Oops mode: Zero based, Oop shift amount: 3

CDS archive(s) mapped at: [0x0000000800000000-0x0000000800ba0000-0x0000000800ba0000), size 12189696, SharedBaseAddress: 0x0000000800000000, ArchiveRelocationMode: 0.
Compressed class space mapped at: 0x0000000800c00000-0x0000000840c00000, reserved size: 1073741824
Narrow klass base: 0x0000000800000000, Narrow klass shift: 0, Narrow klass range: 0x100000000

GC Precious Log:
 CardTable entry size: 512
 Card Set container configuration: InlinePtr #cards 4 size 8 Array Of Cards #cards 16 size 48 Howl #buckets 8 coarsen threshold 3686 Howl Bitmap #cards 512 size 80 coarsen threshold 460 Card regions per heap region 1 cards per card region 4096
 CPUs: 8 total, 8 available
 Memory: 16118M
 Large Page Support: Disabled
 NUMA Support: Disabled
 Compressed Oops: Enabled (Zero based)
 Heap Region Size: 2M
 Heap Min Capacity: 8M
 Heap Initial Capacity: 252M
 Heap Max Capacity: 4030M
 Pre-touch: Disabled
 Parallel Workers: 8
 Concurrent Workers: 2
 Concurrent Refinement Workers: 8
 Periodic GC: Disabled

Heap:
 garbage-first heap   total 81920K, used 35457K [0x0000000704200000, 0x0000000800000000)
  region size 2048K, 7 young (14336K), 3 survivors (6144K)
 Metaspace       used 54208K, committed 54848K, reserved 1114112K
  class space    used 6773K, committed 7104K, reserved 1048576K

Heap Regions: E=young(eden), S=young(survivor), O=old, HS=humongous(starts), HC=humongous(continues), CS=collection set, F=free, OA=open archive, CA=closed archive, TAMS=top-at-mark-start (previous, next)
|   0|0x0000000704200000, 0x0000000704400000, 0x0000000704400000|100%| O|  |TAMS 0x0000000704400000, 0x0000000704200000| Untracked 
|   1|0x0000000704400000, 0x0000000704600000, 0x0000000704600000|100%| O|  |TAMS 0x0000000704600000, 0x0000000704400000| Untracked 
|   2|0x0000000704600000, 0x0000000704800000, 0x0000000704800000|100%| O|  |TAMS 0x0000000704800000, 0x0000000704600000| Untracked 
|   3|0x0000000704800000, 0x0000000704a00000, 0x0000000704a00000|100%| O|  |TAMS 0x0000000704800000, 0x0000000704800000| Untracked 
|   4|0x0000000704a00000, 0x0000000704c00000, 0x0000000704c00000|100%| O|  |TAMS 0x0000000704c00000, 0x0000000704a00000| Untracked 
|   5|0x0000000704c00000, 0x0000000704e00000, 0x0000000704e00000|100%| O|  |TAMS 0x0000000704e00000, 0x0000000704c00000| Untracked 
|   6|0x0000000704e00000, 0x0000000705000000, 0x0000000705000000|100%| O|  |TAMS 0x0000000705000000, 0x0000000704e00000| Untracked 
|   7|0x0000000705000000, 0x0000000705200000, 0x0000000705200000|100%| O|  |TAMS 0x0000000705200000, 0x0000000705000000| Untracked 
|   8|0x0000000705200000, 0x0000000705200000, 0x0000000705400000|  0%| F|  |TAMS 0x0000000705200000, 0x0000000705200000| Untracked 
|   9|0x0000000705400000, 0x0000000705600000, 0x0000000705600000|100%| O|  |TAMS 0x0000000705400000, 0x0000000705400000| Untracked 
|  10|0x0000000705600000, 0x0000000705800000, 0x0000000705800000|100%| O|  |TAMS 0x0000000705600000, 0x0000000705600000| Untracked 
|  11|0x0000000705800000, 0x0000000705a00000, 0x0000000705a00000|100%| O|  |TAMS 0x0000000705800000, 0x0000000705800000| Untracked 
|  12|0x0000000705a00000, 0x0000000705bd7600, 0x0000000705c00000| 92%| O|  |TAMS 0x0000000705a00000, 0x0000000705a00000| Untracked 
|  13|0x0000000705c00000, 0x0000000705c00000, 0x0000000705e00000|  0%| F|  |TAMS 0x0000000705c00000, 0x0000000705c00000| Untracked 
|  14|0x0000000705e00000, 0x0000000705e00000, 0x0000000706000000|  0%| F|  |TAMS 0x0000000705e00000, 0x0000000705e00000| Untracked 
|  15|0x0000000706000000, 0x0000000706000000, 0x0000000706200000|  0%| F|  |TAMS 0x0000000706000000, 0x0000000706000000| Untracked 
|  16|0x0000000706200000, 0x0000000706200000, 0x0000000706400000|  0%| F|  |TAMS 0x0000000706200000, 0x0000000706200000| Untracked 
|  17|0x0000000706400000, 0x0000000706400000, 0x0000000706600000|  0%| F|  |TAMS 0x0000000706400000, 0x0000000706400000| Untracked 
|  18|0x0000000706600000, 0x0000000706600000, 0x0000000706800000|  0%| F|  |TAMS 0x0000000706600000, 0x0000000706600000| Untracked 
|  19|0x0000000706800000, 0x00000007068c9118, 0x0000000706a00000| 39%| S|CS|TAMS 0x0000000706800000, 0x0000000706800000| Complete 
|  20|0x0000000706a00000, 0x0000000706a00000, 0x0000000706c00000|  0%| F|  |TAMS 0x0000000706a00000, 0x0000000706a00000| Untracked 
|  21|0x0000000706c00000, 0x0000000706c00000, 0x0000000706e00000|  0%| F|  |TAMS 0x0000000706c00000, 0x0000000706c00000| Untracked 
|  22|0x0000000706e00000, 0x0000000707000000, 0x0000000707000000|100%| S|CS|TAMS 0x0000000706e00000, 0x0000000706e00000| Complete 
|  23|0x0000000707000000, 0x0000000707200000, 0x0000000707200000|100%| S|CS|TAMS 0x0000000707000000, 0x0000000707000000| Complete 
|  24|0x0000000707200000, 0x0000000707200000, 0x0000000707400000|  0%| F|  |TAMS 0x0000000707200000, 0x0000000707200000| Untracked 
|  25|0x0000000707400000, 0x0000000707400000, 0x0000000707600000|  0%| F|  |TAMS 0x0000000707400000, 0x0000000707400000| Untracked 
|  26|0x0000000707600000, 0x0000000707600000, 0x0000000707800000|  0%| F|  |TAMS 0x0000000707600000, 0x0000000707600000| Untracked 
|  27|0x0000000707800000, 0x0000000707800000, 0x0000000707a00000|  0%| F|  |TAMS 0x0000000707800000, 0x0000000707800000| Untracked 
|  28|0x0000000707a00000, 0x0000000707a00000, 0x0000000707c00000|  0%| F|  |TAMS 0x0000000707a00000, 0x0000000707a00000| Untracked 
|  29|0x0000000707c00000, 0x0000000707c00000, 0x0000000707e00000|  0%| F|  |TAMS 0x0000000707c00000, 0x0000000707c00000| Untracked 
|  30|0x0000000707e00000, 0x0000000707e00000, 0x0000000708000000|  0%| F|  |TAMS 0x0000000707e00000, 0x0000000707e00000| Untracked 
|  31|0x0000000708000000, 0x0000000708000000, 0x0000000708200000|  0%| F|  |TAMS 0x0000000708000000, 0x0000000708000000| Untracked 
|  32|0x0000000708200000, 0x0000000708200000, 0x0000000708400000|  0%| F|  |TAMS 0x0000000708200000, 0x0000000708200000| Untracked 
|  33|0x0000000708400000, 0x0000000708400000, 0x0000000708600000|  0%| F|  |TAMS 0x0000000708400000, 0x0000000708400000| Untracked 
|  34|0x0000000708600000, 0x0000000708600000, 0x0000000708800000|  0%| F|  |TAMS 0x0000000708600000, 0x0000000708600000| Untracked 
|  35|0x0000000708800000, 0x0000000708800000, 0x0000000708a00000|  0%| F|  |TAMS 0x0000000708800000, 0x0000000708800000| Untracked 
|  63|0x000000070c000000, 0x000000070c1f4c30, 0x000000070c200000| 97%| E|  |TAMS 0x000000070c000000, 0x000000070c000000| Complete 
|  64|0x000000070c200000, 0x000000070c400000, 0x000000070c400000|100%| E|CS|TAMS 0x000000070c200000, 0x000000070c200000| Complete 
|  65|0x000000070c400000, 0x000000070c600000, 0x000000070c600000|100%| E|CS|TAMS 0x000000070c400000, 0x000000070c400000| Complete 
| 125|0x0000000713c00000, 0x0000000713e00000, 0x0000000713e00000|100%| E|CS|TAMS 0x0000000713c00000, 0x0000000713c00000| Complete 

Card table byte_map: [0x000001bc1a5e0000,0x000001bc1adc0000] _byte_map_base: 0x000001bc16dbf000

Marking Bits (Prev, Next): (CMBitMap*) 0x000001bc02a4bc10, (CMBitMap*) 0x000001bc02a4bc50
 Prev Bits: [0x000001bc1b5a0000, 0x000001bc1f498000)
 Next Bits: [0x000001bc1f4a0000, 0x000001bc23398000)

Polling page: 0x000001bc01170000

Metaspace:

Usage:
  Non-class:     46.32 MB used.
      Class:      6.61 MB used.
       Both:     52.94 MB used.

Virtual space:
  Non-class space:       64.00 MB reserved,      46.62 MB ( 73%) committed,  1 nodes.
      Class space:        1.00 GB reserved,       6.94 MB ( <1%) committed,  1 nodes.
             Both:        1.06 GB reserved,      53.56 MB (  5%) committed. 

Chunk freelists:
   Non-Class:  1.14 MB
       Class:  1.03 MB
        Both:  2.17 MB

MaxMetaspaceSize: unlimited
CompressedClassSpaceSize: 1.00 GB
Initial GC threshold: 21.00 MB
Current GC threshold: 59.06 MB
CDS: on
MetaspaceReclaimPolicy: balanced
 - commit_granule_bytes: 65536.
 - commit_granule_words: 8192.
 - virtual_space_node_default_size: 8388608.
 - enlarge_chunks_in_place: 1.
 - new_chunks_are_fully_committed: 0.
 - uncommit_free_chunks: 1.
 - use_allocation_guard: 0.


Internal statistics:

num_allocs_failed_limit: 6.
num_arena_births: 864.
num_arena_deaths: 0.
num_vsnodes_births: 2.
num_vsnodes_deaths: 0.
num_space_committed: 857.
num_space_uncommitted: 0.
num_chunks_returned_to_freelist: 6.
num_chunks_taken_from_freelist: 2669.
num_chunk_merges: 6.
num_chunk_splits: 1877.
num_chunks_enlarged: 1451.
num_inconsistent_stats: 0.

CodeHeap 'non-profiled nmethods': size=120000Kb used=3412Kb max_used=3412Kb free=116587Kb
 bounds [0x000001bc11e60000, 0x000001bc121c0000, 0x000001bc19390000]
CodeHeap 'profiled nmethods': size=120000Kb used=11139Kb max_used=11139Kb free=108861Kb
 bounds [0x000001bc0a930000, 0x000001bc0b420000, 0x000001bc11e60000]
CodeHeap 'non-nmethods': size=5760Kb used=1311Kb max_used=1360Kb free=4448Kb
 bounds [0x000001bc0a390000, 0x000001bc0a600000, 0x000001bc0a930000]
 total_blobs=5929 nmethods=5322 adapters=519
 compilation: enabled
              stopped_count=0, restarted_count=0
 full_count=0

Compilation events (20 events):
Event: 67.805 Thread 0x000001bc25dbfa30 nmethod 6164 0x000001bc0b40e610 code [0x000001bc0b40e820, 0x000001bc0b40f048]
Event: 68.218 Thread 0x000001bc25dbfa30 6165       3       sun.security.util.ArrayUtil::nullAndBoundsCheck (12 bytes)
Event: 68.218 Thread 0x000001bc25dbfa30 nmethod 6165 0x000001bc0b40f290 code [0x000001bc0b40f440, 0x000001bc0b40f648]
Event: 68.218 Thread 0x000001bc25dbfa30 6166       3       org.bson.BsonBinaryReader::<init> (42 bytes)
Event: 68.219 Thread 0x000001bc25dbfa30 nmethod 6166 0x000001bc0b40f790 code [0x000001bc0b40f980, 0x000001bc0b4100e8]
Event: 68.219 Thread 0x000001bc25dbfa30 6170       1       com.mongodb.connection.ServerDescription::getCanonicalAddress (5 bytes)
Event: 68.219 Thread 0x000001bc25dbfa30 nmethod 6170 0x000001bc121b4490 code [0x000001bc121b4620, 0x000001bc121b46f8]
Event: 68.219 Thread 0x000001bc25dbfa30 6169       1       com.mongodb.connection.ServerDescription::isOk (5 bytes)
Event: 68.220 Thread 0x000001bc25dbfa30 nmethod 6169 0x000001bc121b4790 code [0x000001bc121b4920, 0x000001bc121b49f8]
Event: 68.220 Thread 0x000001bc25dbfa30 6167       3       com.mongodb.internal.connection.ResponseBuffers::getBodyByteBuffer (10 bytes)
Event: 68.220 Thread 0x000001bc25dbfa30 nmethod 6167 0x000001bc0b410310 code [0x000001bc0b410500, 0x000001bc0b410bd8]
Event: 68.220 Thread 0x000001bc25dbfa30 6168       3       org.bson.BsonValue::asString (12 bytes)
Event: 68.220 Thread 0x000001bc25dbfa30 nmethod 6168 0x000001bc0b410e90 code [0x000001bc0b411040, 0x000001bc0b411288]
Event: 68.220 Thread 0x000001bc25dbfa30 6171       1       com.mongodb.internal.connection.AbstractMultiServerCluster$ServerTuple::access$100 (5 bytes)
Event: 68.221 Thread 0x000001bc25dbfa30 nmethod 6171 0x000001bc121b4a90 code [0x000001bc121b4c20, 0x000001bc121b4cd8]
Event: 68.221 Thread 0x000001bc25dbfa30 6172       1       com.mongodb.ServerAddress::defaultPort (4 bytes)
Event: 68.221 Thread 0x000001bc25dbfa30 nmethod 6172 0x000001bc121b4d90 code [0x000001bc121b4f20, 0x000001bc121b4fd8]
Event: 68.231 Thread 0x000001bc25dbe0d0 6173       4       org.bson.io.ByteBufferBsonInput::readString (112 bytes)
Event: 68.232 Thread 0x000001bc25dbfa30 6174       3       org.bson.BsonValue::isNumber (5 bytes)
Event: 68.232 Thread 0x000001bc25dbfa30 nmethod 6174 0x000001bc0b411390 code [0x000001bc0b411520, 0x000001bc0b411738]

GC Heap History (20 events):
Event: 1.711 GC heap before
{Heap before GC invocations=1 (full 0):
 garbage-first heap   total 258048K, used 32704K [0x0000000704200000, 0x0000000800000000)
  region size 2048K, 15 young (30720K), 2 survivors (4096K)
 Metaspace       used 11913K, committed 12160K, reserved 1114112K
  class space    used 1407K, committed 1536K, reserved 1048576K
}
Event: 1.718 GC heap after
{Heap after GC invocations=2 (full 0):
 garbage-first heap   total 258048K, used 8712K [0x0000000704200000, 0x0000000800000000)
  region size 2048K, 2 young (4096K), 2 survivors (4096K)
 Metaspace       used 11913K, committed 12160K, reserved 1114112K
  class space    used 1407K, committed 1536K, reserved 1048576K
}
Event: 3.127 GC heap before
{Heap before GC invocations=2 (full 0):
 garbage-first heap   total 258048K, used 59912K [0x0000000704200000, 0x0000000800000000)
  region size 2048K, 29 young (59392K), 2 survivors (4096K)
 Metaspace       used 21258K, committed 21504K, reserved 1114112K
  class space    used 2542K, committed 2688K, reserved 1048576K
}
Event: 3.134 GC heap after
{Heap after GC invocations=3 (full 0):
 garbage-first heap   total 258048K, used 13220K [0x0000000704200000, 0x0000000800000000)
  region size 2048K, 4 young (8192K), 4 survivors (8192K)
 Metaspace       used 21258K, committed 21504K, reserved 1114112K
  class space    used 2542K, committed 2688K, reserved 1048576K
}
Event: 3.865 GC heap before
{Heap before GC invocations=4 (full 0):
 garbage-first heap   total 61440K, used 41892K [0x0000000704200000, 0x0000000800000000)
  region size 2048K, 18 young (36864K), 4 survivors (8192K)
 Metaspace       used 25784K, committed 26240K, reserved 1114112K
  class space    used 3243K, committed 3456K, reserved 1048576K
}
Event: 3.874 GC heap after
{Heap after GC invocations=5 (full 0):
 garbage-first heap   total 61440K, used 15764K [0x0000000704200000, 0x0000000800000000)
  region size 2048K, 2 young (4096K), 2 survivors (4096K)
 Metaspace       used 25784K, committed 26240K, reserved 1114112K
  class space    used 3243K, committed 3456K, reserved 1048576K
}
Event: 4.000 GC heap before
{Heap before GC invocations=5 (full 0):
 garbage-first heap   total 61440K, used 17812K [0x0000000704200000, 0x0000000800000000)
  region size 2048K, 3 young (6144K), 2 survivors (4096K)
 Metaspace       used 26326K, committed 26816K, reserved 1114112K
  class space    used 3304K, committed 3520K, reserved 1048576K
}
Event: 4.003 GC heap after
{Heap after GC invocations=6 (full 0):
 garbage-first heap   total 61440K, used 16121K [0x0000000704200000, 0x0000000800000000)
  region size 2048K, 1 young (2048K), 1 survivors (2048K)
 Metaspace       used 26326K, committed 26816K, reserved 1114112K
  class space    used 3304K, committed 3520K, reserved 1048576K
}
Event: 4.675 GC heap before
{Heap before GC invocations=6 (full 0):
 garbage-first heap   total 61440K, used 40697K [0x0000000704200000, 0x0000000800000000)
  region size 2048K, 13 young (26624K), 1 survivors (2048K)
 Metaspace       used 31264K, committed 31808K, reserved 1114112K
  class space    used 3857K, committed 4096K, reserved 1048576K
}
Event: 4.679 GC heap after
{Heap after GC invocations=7 (full 0):
 garbage-first heap   total 159744K, used 17699K [0x0000000704200000, 0x0000000800000000)
  region size 2048K, 2 young (4096K), 2 survivors (4096K)
 Metaspace       used 31264K, committed 31808K, reserved 1114112K
  class space    used 3857K, committed 4096K, reserved 1048576K
}
Event: 5.137 GC heap before
{Heap before GC invocations=7 (full 0):
 garbage-first heap   total 159744K, used 38179K [0x0000000704200000, 0x0000000800000000)
  region size 2048K, 14 young (28672K), 2 survivors (4096K)
 Metaspace       used 35655K, committed 36096K, reserved 1114112K
  class space    used 4386K, committed 4608K, reserved 1048576K
}
Event: 5.143 GC heap after
{Heap after GC invocations=8 (full 0):
 garbage-first heap   total 159744K, used 21128K [0x0000000704200000, 0x0000000800000000)
  region size 2048K, 3 young (6144K), 3 survivors (6144K)
 Metaspace       used 35655K, committed 36096K, reserved 1114112K
  class space    used 4386K, committed 4608K, reserved 1048576K
}
Event: 6.191 GC heap before
{Heap before GC invocations=9 (full 0):
 garbage-first heap   total 81920K, used 64136K [0x0000000704200000, 0x0000000800000000)
  region size 2048K, 24 young (49152K), 3 survivors (6144K)
 Metaspace       used 44415K, committed 44928K, reserved 1114112K
  class space    used 5464K, committed 5696K, reserved 1048576K
}
Event: 6.200 GC heap after
{Heap after GC invocations=10 (full 0):
 garbage-first heap   total 81920K, used 24728K [0x0000000704200000, 0x0000000800000000)
  region size 2048K, 2 young (4096K), 2 survivors (4096K)
 Metaspace       used 44415K, committed 44928K, reserved 1114112K
  class space    used 5464K, committed 5696K, reserved 1048576K
}
Event: 6.253 GC heap before
{Heap before GC invocations=10 (full 0):
 garbage-first heap   total 81920K, used 26776K [0x0000000704200000, 0x0000000800000000)
  region size 2048K, 3 young (6144K), 2 survivors (4096K)
 Metaspace       used 44536K, committed 45056K, reserved 1114112K
  class space    used 5473K, committed 5696K, reserved 1048576K
}
Event: 6.257 GC heap after
{Heap after GC invocations=11 (full 0):
 garbage-first heap   total 81920K, used 24837K [0x0000000704200000, 0x0000000800000000)
  region size 2048K, 1 young (2048K), 1 survivors (2048K)
 Metaspace       used 44536K, committed 45056K, reserved 1114112K
  class space    used 5473K, committed 5696K, reserved 1048576K
}
Event: 7.119 GC heap before
{Heap before GC invocations=11 (full 0):
 garbage-first heap   total 81920K, used 57605K [0x0000000704200000, 0x0000000800000000)
  region size 2048K, 18 young (36864K), 1 survivors (2048K)
 Metaspace       used 49513K, committed 50112K, reserved 1114112K
  class space    used 6142K, committed 6464K, reserved 1048576K
}
Event: 7.124 GC heap after
{Heap after GC invocations=12 (full 0):
 garbage-first heap   total 81920K, used 27378K [0x0000000704200000, 0x0000000800000000)
  region size 2048K, 2 young (4096K), 2 survivors (4096K)
 Metaspace       used 49513K, committed 50112K, reserved 1114112K
  class space    used 6142K, committed 6464K, reserved 1048576K
}
Event: 7.908 GC heap before
{Heap before GC invocations=12 (full 0):
 garbage-first heap   total 81920K, used 60146K [0x0000000704200000, 0x0000000800000000)
  region size 2048K, 18 young (36864K), 2 survivors (4096K)
 Metaspace       used 53705K, committed 54272K, reserved 1114112K
  class space    used 6718K, committed 6976K, reserved 1048576K
}
Event: 7.914 GC heap after
{Heap after GC invocations=13 (full 0):
 garbage-first heap   total 81920K, used 29313K [0x0000000704200000, 0x0000000800000000)
  region size 2048K, 3 young (6144K), 3 survivors (6144K)
 Metaspace       used 53705K, committed 54272K, reserved 1114112K
  class space    used 6718K, committed 6976K, reserved 1048576K
}

Deoptimization events (20 events):
Event: 8.182 Thread 0x000001bc2fe03e00 Uncommon trap: trap_request=0xffffffde fr.pc=0x000001bc11eede18 relative=0x00000000000001f8
Event: 8.182 Thread 0x000001bc2fe03e00 Uncommon trap: reason=class_check action=maybe_recompile pc=0x000001bc11eede18 method=sun.security.util.math.intpoly.IntegerPolynomial$MutableElement.setSum(Lsun/security/util/math/IntegerModuloP;)Lsun/security/util/math/intpoly/IntegerPolynomial$MutableE
Event: 8.182 Thread 0x000001bc2fe03e00 DEOPT PACKING pc=0x000001bc11eede18 sp=0x000000ace0bfe360
Event: 8.182 Thread 0x000001bc2fe03e00 DEOPT UNPACKING pc=0x000001bc0a3e5c23 sp=0x000000ace0bfe2f0 mode 2
Event: 8.182 Thread 0x000001bc2fe03e00 Uncommon trap: trap_request=0xffffffde fr.pc=0x000001bc11eede18 relative=0x00000000000001f8
Event: 8.182 Thread 0x000001bc2fe03e00 Uncommon trap: reason=class_check action=maybe_recompile pc=0x000001bc11eede18 method=sun.security.util.math.intpoly.IntegerPolynomial$MutableElement.setSum(Lsun/security/util/math/IntegerModuloP;)Lsun/security/util/math/intpoly/IntegerPolynomial$MutableE
Event: 8.182 Thread 0x000001bc2fe03e00 DEOPT PACKING pc=0x000001bc11eede18 sp=0x000000ace0bfe360
Event: 8.182 Thread 0x000001bc2fe03e00 DEOPT UNPACKING pc=0x000001bc0a3e5c23 sp=0x000000ace0bfe2f0 mode 2
Event: 8.182 Thread 0x000001bc2fe03e00 Uncommon trap: trap_request=0xffffffde fr.pc=0x000001bc11eede18 relative=0x00000000000001f8
Event: 8.182 Thread 0x000001bc2fe03e00 Uncommon trap: reason=class_check action=maybe_recompile pc=0x000001bc11eede18 method=sun.security.util.math.intpoly.IntegerPolynomial$MutableElement.setSum(Lsun/security/util/math/IntegerModuloP;)Lsun/security/util/math/intpoly/IntegerPolynomial$MutableE
Event: 8.182 Thread 0x000001bc2fe03e00 DEOPT PACKING pc=0x000001bc11eede18 sp=0x000000ace0bfe360
Event: 8.182 Thread 0x000001bc2fe03e00 DEOPT UNPACKING pc=0x000001bc0a3e5c23 sp=0x000000ace0bfe2f0 mode 2
Event: 8.182 Thread 0x000001bc2fe03e00 Uncommon trap: trap_request=0xffffffde fr.pc=0x000001bc11eede18 relative=0x00000000000001f8
Event: 8.182 Thread 0x000001bc2fe03e00 Uncommon trap: reason=class_check action=maybe_recompile pc=0x000001bc11eede18 method=sun.security.util.math.intpoly.IntegerPolynomial$MutableElement.setSum(Lsun/security/util/math/IntegerModuloP;)Lsun/security/util/math/intpoly/IntegerPolynomial$MutableE
Event: 8.182 Thread 0x000001bc2fe03e00 DEOPT PACKING pc=0x000001bc11eede18 sp=0x000000ace0bfe360
Event: 8.182 Thread 0x000001bc2fe03e00 DEOPT UNPACKING pc=0x000001bc0a3e5c23 sp=0x000000ace0bfe2f0 mode 2
Event: 8.425 Thread 0x000001bc2fe03e00 DEOPT PACKING pc=0x000001bc0a962f3e sp=0x000000ace0bfde60
Event: 8.425 Thread 0x000001bc2fe03e00 DEOPT UNPACKING pc=0x000001bc0a3e6763 sp=0x000000ace0bfd290 mode 0
Event: 8.427 Thread 0x000001bc2fe047a0 DEOPT PACKING pc=0x000001bc0a962f3e sp=0x000000ace07fe150
Event: 8.427 Thread 0x000001bc2fe047a0 DEOPT UNPACKING pc=0x000001bc0a3e6763 sp=0x000000ace07fd580 mode 0

Classes loaded (20 events):
Event: 8.179 Loading class jdk/internal/access/foreign/MemorySegmentProxy
Event: 8.180 Loading class jdk/internal/access/foreign/MemorySegmentProxy done
Event: 8.189 Loading class sun/security/ssl/PreSharedKeyExtension$PskIdentity
Event: 8.189 Loading class sun/security/ssl/PreSharedKeyExtension$PskIdentity done
Event: 8.189 Loading class sun/security/ssl/PreSharedKeyExtension$CHPreSharedKeySpec
Event: 8.190 Loading class sun/security/ssl/PreSharedKeyExtension$CHPreSharedKeySpec done
Event: 8.190 Loading class sun/security/ssl/PreSharedKeyExtension$PartialClientHelloMessage
Event: 8.190 Loading class sun/security/ssl/PreSharedKeyExtension$PartialClientHelloMessage done
Event: 8.190 Loading class sun/security/ssl/SSLEngineOutputRecord
Event: 8.190 Loading class sun/security/ssl/SSLEngineOutputRecord done
Event: 8.190 Loading class sun/security/ssl/SSLEngineOutputRecord$HandshakeFragment
Event: 8.190 Loading class sun/security/ssl/SSLEngineOutputRecord$HandshakeFragment done
Event: 8.191 Loading class sun/security/ssl/SSLEngineOutputRecord$HandshakeMemo
Event: 8.191 Loading class sun/security/ssl/SSLEngineOutputRecord$RecordMemo
Event: 8.191 Loading class sun/security/ssl/SSLEngineOutputRecord$RecordMemo done
Event: 8.191 Loading class sun/security/ssl/SSLEngineOutputRecord$HandshakeMemo done
Event: 8.422 Loading class sun/security/ssl/PreSharedKeyExtension$SHPreSharedKeySpec
Event: 8.422 Loading class sun/security/ssl/PreSharedKeyExtension$SHPreSharedKeySpec done
Event: 18.184 Loading class java/util/concurrent/ConcurrentLinkedDeque$CLDSpliterator
Event: 18.184 Loading class java/util/concurrent/ConcurrentLinkedDeque$CLDSpliterator done

Classes unloaded (0 events):
No events

Classes redefined (0 events):
No events

Internal exceptions (20 events):
Event: 6.114 Thread 0x000001bc2a9e2ee0 Exception <a 'java/lang/NoSuchMethodError'{0x000000070653ce48}: 'java.lang.Object java.lang.invoke.DirectMethodHandle$Holder.newInvokeSpecial(java.lang.Object, long)'> (0x000000070653ce48) 
thrown [s\open\src\hotspot\share\interpreter\linkResolver.cpp, line 766]
Event: 6.295 Thread 0x000001bc2a9e2ee0 Exception <a 'java/lang/IncompatibleClassChangeError'{0x0000000713d6f058}: Found class java.lang.Object, but interface was expected> (0x0000000713d6f058) 
thrown [s\open\src\hotspot\share\interpreter\linkResolver.cpp, line 833]
Event: 6.535 Thread 0x000001bc2a9e2ee0 Exception <a 'java/lang/NoSuchMethodError'{0x00000007082d4548}: 'int java.lang.invoke.DirectMethodHandle$Holder.invokeStaticInit(java.lang.Object, int, java.lang.Object, java.lang.Object, java.lang.Object, java.lang.Object)'> (0x00000007082d4548) 
thrown [s\open\src\hotspot\share\interpreter\linkResolver.cpp, line 766]
Event: 6.614 Thread 0x000001bc2a9e2ee0 Exception <a 'java/lang/NoSuchMethodError'{0x00000007081426a8}: 'java.lang.Object java.lang.invoke.DirectMethodHandle$Holder.newInvokeSpecial(java.lang.Object, java.lang.Object, java.lang.Object, java.lang.Object, java.lang.Object, java.lang.Object, java.lang.Object, java.lang.Object)'> (0x00000007081426a8) 
thrown [s\open\src\hotspot\share\interpreter\linkResolver.cpp, line 766]
Event: 6.841 Thread 0x000001bc2bb6c570 Exception <a 'java/lang/NoSuchMethodError'{0x00000007076765e8}: 'java.lang.Object java.lang.invoke.DirectMethodHandle$Holder.invokeStatic(java.lang.Object, long, long)'> (0x00000007076765e8) 
thrown [s\open\src\hotspot\share\interpreter\linkResolver.cpp, line 766]
Event: 6.841 Thread 0x000001bc2bb69080 Exception <a 'java/lang/NoSuchMethodError'{0x00000007076721a0}: 'java.lang.Object java.lang.invoke.DirectMethodHandle$Holder.invokeStatic(java.lang.Object, long, long)'> (0x00000007076721a0) 
thrown [s\open\src\hotspot\share\interpreter\linkResolver.cpp, line 766]
Event: 6.841 Thread 0x000001bc2bb69ef0 Exception <a 'java/lang/NoSuchMethodError'{0x00000007076731b0}: 'java.lang.Object java.lang.invoke.DirectMethodHandle$Holder.invokeStatic(java.lang.Object, long, long)'> (0x00000007076731b0) 
thrown [s\open\src\hotspot\share\interpreter\linkResolver.cpp, line 766]
Event: 6.844 Thread 0x000001bc2bb6c570 Exception <a 'java/lang/NoSuchMethodError'{0x00000007076bd440}: 'java.lang.Object java.lang.invoke.DirectMethodHandle$Holder.invokeInterface(java.lang.Object, java.lang.Object, long)'> (0x00000007076bd440) 
thrown [s\open\src\hotspot\share\interpreter\linkResolver.cpp, line 766]
Event: 6.844 Thread 0x000001bc2bb69080 Exception <a 'java/lang/NoSuchMethodError'{0x00000007076badc0}: 'java.lang.Object java.lang.invoke.DirectMethodHandle$Holder.invokeInterface(java.lang.Object, java.lang.Object, long)'> (0x00000007076badc0) 
thrown [s\open\src\hotspot\share\interpreter\linkResolver.cpp, line 766]
Event: 6.844 Thread 0x000001bc2bb69ef0 Exception <a 'java/lang/NoSuchMethodError'{0x00000007076c0640}: 'java.lang.Object java.lang.invoke.DirectMethodHandle$Holder.invokeInterface(java.lang.Object, java.lang.Object, long)'> (0x00000007076c0640) 
thrown [s\open\src\hotspot\share\interpreter\linkResolver.cpp, line 766]
Event: 7.020 Thread 0x000001bc2a9e2ee0 Exception <a 'sun/nio/fs/WindowsException'{0x00000007073e45b0}> (0x00000007073e45b0) 
thrown [s\open\src\hotspot\share\prims\jni.cpp, line 516]
Event: 7.113 Thread 0x000001bc2a9e2ee0 Exception <a 'java/lang/IncompatibleClassChangeError'{0x0000000706fc96d8}: Found class java.lang.Object, but interface was expected> (0x0000000706fc96d8) 
thrown [s\open\src\hotspot\share\interpreter\linkResolver.cpp, line 833]
Event: 7.439 Thread 0x000001bc2a9e2ee0 Exception <a 'java/lang/NoSuchMethodError'{0x00000007085235e8}: 'void java.lang.invoke.DirectMethodHandle$Holder.invokeVirtual(java.lang.Object, java.lang.Object, long)'> (0x00000007085235e8) 
thrown [s\open\src\hotspot\share\interpreter\linkResolver.cpp, line 766]
Event: 7.503 Thread 0x000001bc2a9e2ee0 Exception <a 'java/lang/NoSuchMethodError'{0x00000007083ee9c8}: 'int java.lang.invoke.DirectMethodHandle$Holder.invokeStaticInit(java.lang.Object, java.lang.Object, java.lang.Object, java.lang.Object)'> (0x00000007083ee9c8) 
thrown [s\open\src\hotspot\share\interpreter\linkResolver.cpp, line 766]
Event: 7.643 Thread 0x000001bc2bb69080 Exception <a 'java/lang/NoSuchMethodError'{0x000000070786bc40}: 'void java.lang.invoke.DirectMethodHandle$Holder.invokeStatic(java.lang.Object, long)'> (0x000000070786bc40) 
thrown [s\open\src\hotspot\share\interpreter\linkResolver.cpp, line 766]
Event: 7.643 Thread 0x000001bc2bb69ef0 Exception <a 'java/lang/NoSuchMethodError'{0x000000070791d210}: 'void java.lang.invoke.DirectMethodHandle$Holder.invokeStatic(java.lang.Object, long)'> (0x000000070791d210) 
thrown [s\open\src\hotspot\share\interpreter\linkResolver.cpp, line 766]
Event: 7.644 Thread 0x000001bc2bb6c570 Exception <a 'java/lang/NoSuchMethodError'{0x000000070787e028}: 'void java.lang.invoke.DirectMethodHandle$Holder.invokeStatic(java.lang.Object, long)'> (0x000000070787e028) 
thrown [s\open\src\hotspot\share\interpreter\linkResolver.cpp, line 766]
Event: 7.723 Thread 0x000001bc2a9e2ee0 Exception <a 'java/lang/NoSuchMethodError'{0x00000007077d48e8}: 'java.lang.Object java.lang.invoke.DirectMethodHandle$Holder.newInvokeSpecial(java.lang.Object, java.lang.Object, int, java.lang.Object, java.lang.Object)'> (0x00000007077d48e8) 
thrown [s\open\src\hotspot\share\interpreter\linkResolver.cpp, line 766]
Event: 7.947 Thread 0x000001bc2bb6c570 Exception <a 'java/lang/NoSuchMethodError'{0x0000000713ce3e20}: 'void java.lang.invoke.DirectMethodHandle$Holder.invokeStatic(java.lang.Object, java.lang.Object, long)'> (0x0000000713ce3e20) 
thrown [s\open\src\hotspot\share\interpreter\linkResolver.cpp, line 766]
Event: 7.947 Thread 0x000001bc2bb69ef0 Exception <a 'java/lang/NoSuchMethodError'{0x0000000713d381b8}: 'void java.lang.invoke.DirectMethodHandle$Holder.invokeStatic(java.lang.Object, java.lang.Object, long)'> (0x0000000713d381b8) 
thrown [s\open\src\hotspot\share\interpreter\linkResolver.cpp, line 766]

VM Operations (20 events):
Event: 38.267 Executing VM operation: Cleanup
Event: 38.267 Executing VM operation: Cleanup done
Event: 40.282 Executing VM operation: Cleanup
Event: 40.282 Executing VM operation: Cleanup done
Event: 46.348 Executing VM operation: Cleanup
Event: 46.348 Executing VM operation: Cleanup done
Event: 48.359 Executing VM operation: Cleanup
Event: 48.359 Executing VM operation: Cleanup done
Event: 49.366 Executing VM operation: Cleanup
Event: 49.366 Executing VM operation: Cleanup done
Event: 49.741 Executing VM operation: HandshakeAllThreads
Event: 49.741 Executing VM operation: HandshakeAllThreads done
Event: 50.755 Executing VM operation: Cleanup
Event: 50.755 Executing VM operation: Cleanup done
Event: 58.844 Executing VM operation: Cleanup
Event: 58.844 Executing VM operation: Cleanup done
Event: 60.855 Executing VM operation: Cleanup
Event: 60.855 Executing VM operation: Cleanup done
Event: 65.884 Executing VM operation: Cleanup
Event: 65.885 Executing VM operation: Cleanup done

Events (20 events):
Event: 7.941 Thread 0x000001bc2fe047a0 Thread added: 0x000001bc2fe047a0
Event: 7.941 Thread 0x000001bc2fe03e00 Thread added: 0x000001bc2fe03e00
Event: 7.941 Thread 0x000001bc2fe042d0 Thread added: 0x000001bc2fe042d0
Event: 7.945 Thread 0x000001bc2fe04c70 Thread added: 0x000001bc2fe04c70
Event: 7.946 Thread 0x000001bc2fe05140 Thread added: 0x000001bc2fe05140
Event: 7.946 Thread 0x000001bc2fe01780 Thread added: 0x000001bc2fe01780
Event: 8.177 Thread 0x000001bc25dc1380 Thread exited: 0x000001bc25dc1380
Event: 8.177 Thread 0x000001bc25dc1890 Thread exited: 0x000001bc25dc1890
Event: 8.183 Thread 0x000001bc25dbeb00 Thread added: 0x000001bc25dbeb00
Event: 8.184 Thread 0x000001bc25dc22b0 Thread added: 0x000001bc25dc22b0
Event: 8.422 Thread 0x000001bc25dc22b0 Thread exited: 0x000001bc25dc22b0
Event: 8.422 Thread 0x000001bc25dbeb00 Thread exited: 0x000001bc25dbeb00
Event: 49.742 Thread 0x000001bc25dcff40 flushing nmethod 0x000001bc11f8b310
Event: 49.743 Thread 0x000001bc25dcff40 flushing nmethod 0x000001bc0a93a210
Event: 49.743 Thread 0x000001bc25dcff40 flushing nmethod 0x000001bc0a96bd90
Event: 49.752 Thread 0x000001bc25dcff40 flushing nmethod 0x000001bc0b30b510
Event: 49.752 Thread 0x000001bc25dcff40 flushing nmethod 0x000001bc0b31ca10
Event: 49.752 Thread 0x000001bc25dcff40 flushing nmethod 0x000001bc0b326390
Event: 49.752 Thread 0x000001bc25dcff40 flushing nmethod 0x000001bc0b327010
Event: 65.870 Thread 0x000001bc2bb6c0a0 Thread exited: 0x000001bc2bb6c0a0


Dynamic libraries:
0x00007ff69cf60000 - 0x00007ff69cf70000 	C:\Program Files\Java\jdk-18.0.1.1\bin\java.exe
0x00007ff83dfc0000 - 0x00007ff83e223000 	C:\WINDOWS\SYSTEM32\ntdll.dll
0x00007ff83d1d0000 - 0x00007ff83d297000 	C:\WINDOWS\System32\KERNEL32.DLL
0x00007ff83b970000 - 0x00007ff83bd37000 	C:\WINDOWS\System32\KERNELBASE.dll
0x00007ff83b360000 - 0x00007ff83b4ac000 	C:\WINDOWS\System32\ucrtbase.dll
0x00007ff819d30000 - 0x00007ff819d48000 	C:\Program Files\Java\jdk-18.0.1.1\bin\jli.dll
0x00007ff83d2b0000 - 0x00007ff83d364000 	C:\WINDOWS\System32\ADVAPI32.dll
0x00007ff819d10000 - 0x00007ff819d2a000 	C:\Program Files\Java\jdk-18.0.1.1\bin\VCRUNTIME140.dll
0x00007ff83d370000 - 0x00007ff83d419000 	C:\WINDOWS\System32\msvcrt.dll
0x00007ff83ded0000 - 0x00007ff83df76000 	C:\WINDOWS\System32\sechost.dll
0x00007ff83bfa0000 - 0x00007ff83c0b6000 	C:\WINDOWS\System32\RPCRT4.dll
0x00007ff83d420000 - 0x00007ff83d5e9000 	C:\WINDOWS\System32\USER32.dll
0x00007ff83b6d0000 - 0x00007ff83b6f7000 	C:\WINDOWS\System32\win32u.dll
0x00007ff83be00000 - 0x00007ff83be2a000 	C:\WINDOWS\System32\GDI32.dll
0x00007ff81d0f0000 - 0x00007ff81d380000 	C:\WINDOWS\WinSxS\amd64_microsoft.windows.common-controls_6595b64144ccf1df_6.0.26100.3037_none_3e09262ce333c378\COMCTL32.dll
0x00007ff83b790000 - 0x00007ff83b8bb000 	C:\WINDOWS\System32\gdi32full.dll
0x00007ff83b8c0000 - 0x00007ff83b963000 	C:\WINDOWS\System32\msvcp_win.dll
0x00007ff82cdc0000 - 0x00007ff82cdcb000 	C:\WINDOWS\SYSTEM32\VERSION.dll
0x00007ff83be30000 - 0x00007ff83be5f000 	C:\WINDOWS\System32\IMM32.DLL
0x00007ff821a40000 - 0x00007ff821a4c000 	C:\Program Files\Java\jdk-18.0.1.1\bin\vcruntime140_1.dll
0x00007ff819c80000 - 0x00007ff819d0d000 	C:\Program Files\Java\jdk-18.0.1.1\bin\msvcp140.dll
0x00007ffff2ed0000 - 0x00007ffff3ae0000 	C:\Program Files\Java\jdk-18.0.1.1\bin\server\jvm.dll
0x00007ff83cf40000 - 0x00007ff83cf48000 	C:\WINDOWS\System32\PSAPI.DLL
0x00007ff821a90000 - 0x00007ff821a9a000 	C:\WINDOWS\SYSTEM32\WSOCK32.dll
0x00007ff832a10000 - 0x00007ff832a46000 	C:\WINDOWS\SYSTEM32\WINMM.dll
0x00007ff83ca10000 - 0x00007ff83ca84000 	C:\WINDOWS\System32\WS2_32.dll
0x00007ff83a270000 - 0x00007ff83a28a000 	C:\WINDOWS\SYSTEM32\kernel.appcore.dll
0x00007ff819c70000 - 0x00007ff819c7a000 	C:\Program Files\Java\jdk-18.0.1.1\bin\jimage.dll
0x00007ff838a80000 - 0x00007ff838cc1000 	C:\WINDOWS\SYSTEM32\DBGHELP.DLL
0x00007ff83cb40000 - 0x00007ff83cebe000 	C:\WINDOWS\System32\combase.dll
0x00007ff83c260000 - 0x00007ff83c336000 	C:\WINDOWS\System32\OLEAUT32.dll
0x00007ff81a560000 - 0x00007ff81a599000 	C:\WINDOWS\SYSTEM32\dbgcore.DLL
0x00007ff83b4b0000 - 0x00007ff83b549000 	C:\WINDOWS\System32\bcryptPrimitives.dll
0x00007ff819c60000 - 0x00007ff819c6e000 	C:\Program Files\Java\jdk-18.0.1.1\bin\instrument.dll
0x00007ff819c30000 - 0x00007ff819c55000 	C:\Program Files\Java\jdk-18.0.1.1\bin\java.dll
0x00007ff819b50000 - 0x00007ff819c26000 	C:\Program Files\Java\jdk-18.0.1.1\bin\jsvml.dll
0x00007ff83d5f0000 - 0x00007ff83dcf4000 	C:\WINDOWS\System32\SHELL32.dll
0x00007ff839020000 - 0x00007ff839857000 	C:\WINDOWS\SYSTEM32\windows.storage.dll
0x00007ff83be70000 - 0x00007ff83bf59000 	C:\WINDOWS\System32\SHCORE.dll
0x00007ff83d0f0000 - 0x00007ff83d14d000 	C:\WINDOWS\System32\shlwapi.dll
0x00007ff83b270000 - 0x00007ff83b29e000 	C:\WINDOWS\SYSTEM32\profapi.dll
0x00007ff808ea0000 - 0x00007ff808eb8000 	C:\Program Files\Java\jdk-18.0.1.1\bin\zip.dll
0x00007ff819b30000 - 0x00007ff819b43000 	C:\Program Files\Java\jdk-18.0.1.1\bin\net.dll
0x00007ff82e110000 - 0x00007ff82e22e000 	C:\WINDOWS\SYSTEM32\WINHTTP.dll
0x00007ff83a7b0000 - 0x00007ff83a81a000 	C:\WINDOWS\system32\mswsock.dll
0x00007ff819a20000 - 0x00007ff819a36000 	C:\Program Files\Java\jdk-18.0.1.1\bin\nio.dll
0x00007ff808b60000 - 0x00007ff808b7a000 	F:\IntelliJ IDEA Community Edition 2024.3.1.1\bin\breakgen64.dll
0x00007ff819b20000 - 0x00007ff819b29000 	C:\Program Files\Java\jdk-18.0.1.1\bin\management.dll
0x00007ff808b80000 - 0x00007ff808b8b000 	C:\Program Files\Java\jdk-18.0.1.1\bin\management_ext.dll
0x00007ff808b50000 - 0x00007ff808b5e000 	C:\Program Files\Java\jdk-18.0.1.1\bin\sunmscapi.dll
0x00007ff83b550000 - 0x00007ff83b6c6000 	C:\WINDOWS\System32\CRYPT32.dll
0x00007ff83abe0000 - 0x00007ff83ac10000 	C:\WINDOWS\SYSTEM32\ncrypt.dll
0x00007ff83ab90000 - 0x00007ff83abcf000 	C:\WINDOWS\SYSTEM32\NTASN1.dll
0x00007ff83aa50000 - 0x00007ff83aa6c000 	C:\WINDOWS\SYSTEM32\CRYPTSP.dll
0x00007ff83a1d0000 - 0x00007ff83a208000 	C:\WINDOWS\system32\rsaenh.dll
0x00007ff83a850000 - 0x00007ff83a87b000 	C:\WINDOWS\SYSTEM32\USERENV.dll
0x00007ff83ac20000 - 0x00007ff83ac46000 	C:\WINDOWS\SYSTEM32\bcrypt.dll
0x00007ff83aa70000 - 0x00007ff83aa7c000 	C:\WINDOWS\SYSTEM32\CRYPTBASE.dll
0x00007ff839bf0000 - 0x00007ff839c22000 	C:\WINDOWS\SYSTEM32\IPHLPAPI.DLL
0x00007ff83d2a0000 - 0x00007ff83d2aa000 	C:\WINDOWS\System32\NSI.dll
0x00007ff834a60000 - 0x00007ff834a7f000 	C:\WINDOWS\SYSTEM32\dhcpcsvc6.DLL
0x00007ff834a30000 - 0x00007ff834a55000 	C:\WINDOWS\SYSTEM32\dhcpcsvc.DLL
0x00007ff839c50000 - 0x00007ff839d75000 	C:\WINDOWS\SYSTEM32\DNSAPI.dll
0x00007ff832290000 - 0x00007ff83229b000 	C:\Windows\System32\rasadhlp.dll
0x00007ff835260000 - 0x00007ff8352e5000 	C:\WINDOWS\System32\fwpuclnt.dll

dbghelp: loaded successfully - version: 4.0.5 - missing functions: none
symbol engine: initialized successfully - sym options: 0x614 - pdb path: .;C:\Program Files\Java\jdk-18.0.1.1\bin;C:\WINDOWS\SYSTEM32;C:\WINDOWS\WinSxS\amd64_microsoft.windows.common-controls_6595b64144ccf1df_6.0.26100.3037_none_3e09262ce333c378;C:\Program Files\Java\jdk-18.0.1.1\bin\server;F:\IntelliJ IDEA Community Edition 2024.3.1.1\bin

VM Arguments:
jvm_args: -javaagent:F:\IntelliJ IDEA Community Edition 2024.3.1.1\lib\idea_rt.jar=51212:F:\IntelliJ IDEA Community Edition 2024.3.1.1\bin -Dfile.encoding=UTF-8 -Dsun.stdout.encoding=UTF-8 -Dsun.stderr.encoding=UTF-8 
java_command: com.wedstra.app.wedstra.backend.Application
java_class_path (initial): E:\Freelancing\Wedstra_Project\wedstra_backend\target\classes;C:\Users\DELL\.m2\repository\org\springframework\boot\spring-boot-starter-data-mongodb\3.4.1\spring-boot-starter-data-mongodb-3.4.1.jar;C:\Users\DELL\.m2\repository\org\springframework\boot\spring-boot-starter\3.4.1\spring-boot-starter-3.4.1.jar;C:\Users\DELL\.m2\repository\org\springframework\boot\spring-boot-starter-logging\3.4.1\spring-boot-starter-logging-3.4.1.jar;C:\Users\DELL\.m2\repository\ch\qos\logback\logback-classic\1.5.12\logback-classic-1.5.12.jar;C:\Users\DELL\.m2\repository\ch\qos\logback\logback-core\1.5.12\logback-core-1.5.12.jar;C:\Users\DELL\.m2\repository\org\apache\logging\log4j\log4j-to-slf4j\2.24.3\log4j-to-slf4j-2.24.3.jar;C:\Users\DELL\.m2\repository\org\apache\logging\log4j\log4j-api\2.24.3\log4j-api-2.24.3.jar;C:\Users\DELL\.m2\repository\org\slf4j\jul-to-slf4j\2.0.16\jul-to-slf4j-2.0.16.jar;C:\Users\DELL\.m2\repository\jakarta\annotation\jakarta.annotation-api\2.1.1\jakarta.annotation-api-2.1.1.jar;C:\Users\DELL\.m2\repository\org\yaml\snakeyaml\2.3\snakeyaml-2.3.jar;C:\Users\DELL\.m2\repository\org\mongodb\mongodb-driver-sync\5.2.1\mongodb-driver-sync-5.2.1.jar;C:\Users\DELL\.m2\repository\org\mongodb\bson\5.2.1\bson-5.2.1.jar;C:\Users\DELL\.m2\repository\org\mongodb\mongodb-driver-core\5.2.1\mongodb-driver-core-5.2.1.jar;C:\Users\DELL\.m2\repository\org\mongodb\bson-record-codec\5.2.1\bson-record-codec-5.2.1.jar;C:\Users\DELL\.m2\repository\org\springframework\data\spring-data-mongodb\4.4.1\spring-data-mongodb-4.4.1.jar;C:\Users\DELL\.m2\repository\org\springframework\spring-tx\6.2.1\spring-tx-6.2.1.jar;C:\Users\DELL\.m2\repository\org\springframework\spring-context\6.2.1\spring-context-6.2.1.jar;C:\Users\DELL\.m2\repository\org\springframework\spring-beans\6.2.1\spring-beans-6.2.1.jar;C:\Users\DELL\.m2\repository\org\springframework\spring-expression\6.2.1\spring-expression-6.2.1.jar;C:\Users\DELL\.m2\repository\org\springframework\data\spring-data-commons\3.4.1\spring-data-commons-3.4.1.jar;C:\Users\DELL\.m2\repository\org\slf4j\slf4j-api\2.0.16\slf4j-api-2.0.16.jar;C:\Users\DELL\.m2\repository\org\springframework\boot\spring-boot-starter-web\3.4.1\spring-boot-starter-web-3.4.1.jar;C:\Users\DELL\.m2\repository\org\springframework\boot\spring-boot-starter-json\3.4.1\spring-boot-starter-json-3.4.1.jar;C:\Users\DELL\.m2\repository\com\fasterxml\jackson\datatype\jackson-datatype-jdk8\2.18.2\jackson-datatype-jdk8-2.18.2.jar;C:\Users\DELL\.m2\repository\com\fasterxml\jackson\datatype\jackson-datatype-jsr310\2.18.2\jackson-datatype-jsr310-2.18.2.jar;C:\Users\DELL\.m2\repository\com\fasterxml\jackson\module\jackson-module-parameter-names\2.18.2\jackson-module-parameter-names-2.18.2.jar;C:\Users\DELL\.m2\repository\org\springframework\boot\spring-boot-starter-tomcat\3.4.1\spring-boot-starter-tomcat-3.4.1.jar;C:\Users\DELL\.m2\repository\org\apache\tomcat\embed\tomcat-embed-core\10.1.34\tomcat-embed-core-10.1.34.jar;C:\Users\DELL\.m2\repository\org\apache\tomcat\embed\tomcat-embed-el\10.1.34\tomcat-embed-el-10.1.34.jar;C:\Users\DELL\.m2\repository\org\apache\tomcat\embed\tomcat-embed-websocket\10.1.34\tomcat-embed-websocket-10.1.34.jar;C:\Users\DELL\.m2\repository\org\springframework\spring-web\6.2.1\spring-web-6.2.1.jar;C:\Users\DELL\.m2\repository\io\micrometer\micrometer-observation\1.14.2\micrometer-observation-1.14.2.jar;C:\Users\DELL\.m2\repository\io\micrometer\micrometer-commons\1.14.2\micrometer-commons-1.14.2.jar;C:\Users\DELL\.m2\repository\org\springframework\spring-webmvc\6.2.1\spring-webmvc-6.2.1.jar;C:\Users\DELL\.m2\repository\org\springframework\boot\spring-boot-devtools\3.4.1\spring-boot-devtools-3.4.1.jar;C:\Users\DELL\.m2\repository\org\springframework\boot\spring-boot\3.4.1\spring-boot-3.4.1.jar;C:\Users\DELL\.m2\repository\org\springframework\boot\spring-boot-autoconfigure\3.4.1\spring-boot-autoconfigure-3.4.1.jar;C:\Users\DELL\.m2\repository\org\projectlombok\lombok\1.18.36\lombok-1.18.36.jar;C:\Users\DELL\.m2\repository\org\springframework\spring-core\6.2.1\spring-core-6.2.1.jar;C:\Users\DELL\.m2\repository\org\springframework\spring-jcl\6.2.1\spring-jcl-6.2.1.jar;C:\Users\DELL\.m2\repository\org\springframework\boot\spring-boot-starter-security\3.4.1\spring-boot-starter-security-3.4.1.jar;C:\Users\DELL\.m2\repository\org\springframework\spring-aop\6.2.1\spring-aop-6.2.1.jar;C:\Users\DELL\.m2\repository\org\springframework\security\spring-security-config\6.4.2\spring-security-config-6.4.2.jar;C:\Users\DELL\.m2\repository\org\springframework\security\spring-security-web\6.4.2\spring-security-web-6.4.2.jar;C:\Users\DELL\.m2\repository\org\springframework\security\spring-security-core\6.4.2\spring-security-core-6.4.2.jar;C:\Users\DELL\.m2\repository\org\springframework\security\spring-security-crypto\6.4.2\spring-security-crypto-6.4.2.jar;C:\Users\DELL\.m2\repository\at\favre\lib\bcrypt\0.10.2\bcrypt-0.10.2.jar;C:\Users\DELL\.m2\repository\at\favre\lib\bytes\1.5.0\bytes-1.5.0.jar;C:\Users\DELL\.m2\repository\io\jsonwebtoken\jjwt\0.12.5\jjwt-0.12.5.jar;C:\Users\DELL\.m2\repository\io\jsonwebtoken\jjwt-api\0.12.5\jjwt-api-0.12.5.jar;C:\Users\DELL\.m2\repository\io\jsonwebtoken\jjwt-impl\0.12.5\jjwt-impl-0.12.5.jar;C:\Users\DELL\.m2\repository\io\jsonwebtoken\jjwt-jackson\0.12.5\jjwt-jackson-0.12.5.jar;C:\Users\DELL\.m2\repository\com\fasterxml\jackson\core\jackson-databind\2.18.2\jackson-databind-2.18.2.jar;C:\Users\DELL\.m2\repository\com\fasterxml\jackson\core\jackson-annotations\2.18.2\jackson-annotations-2.18.2.jar;C:\Users\DELL\.m2\repository\com\fasterxml\jackson\core\jackson-core\2.18.2\jackson-core-2.18.2.jar;C:\Users\DELL\.m2\repository\software\amazon\awssdk\s3\2.21.0\s3-2.21.0.jar;C:\Users\DELL\.m2\repository\software\amazon\awssdk\aws-xml-protocol\2.21.0\aws-xml-protocol-2.21.0.jar;C:\Users\DELL\.m2\repository\software\amazon\awssdk\aws-query-protocol\2.21.0\aws-query-protocol-2.21.0.jar;C:\Users\DELL\.m2\repository\software\amazon\awssdk\protocol-core\2.21.0\protocol-core-2.21.0.jar;C:\Users\DELL\.m2\repository\software\amazon\awssdk\arns\2.21.0\arns-2.21.0.jar;C:\Users\DELL\.m2\repository\software\amazon\awssdk\profiles\2.21.0\profiles-2.21.0.jar;C:\Users\DELL\.m2\repository\software\amazon\awssdk\crt-core\2.21.0\crt-core-2.21.0.jar;C:\Users\DELL\.m2\repository\software\amazon\awssdk\http-auth\2.21.0\http-auth-2.21.0.jar;C:\Users\DELL\.m2\repository\software\amazon\awssdk\http-auth-aws\2.21.0\http-auth-aws-2.21.0.jar;C:\Users\DELL\.m2\repository\software\amazon\awssdk\checksums-spi\2.21.0\checksums-spi-2.21.0.jar;C:\Users\DELL\.m2\repository\software\amazon\awssdk\checksums\2.21.0\checksums-2.21.0.jar;C:\Users\DELL\.m2\repository\software\amazon\awssdk\sdk-core\2.21.0\sdk-core-2.21.0.jar;C:\Users\DELL\.m2\repository\org\reactivestreams\reactive-streams\1.0.4\reactive-streams-1.0.4.jar;C:\Users\DELL\.m2\repository\software\amazon\awssdk\auth\2.21.0\auth-2.21.0.jar;C:\Users\DELL\.m2\repository\software\amazon\eventstream\eventstream\1.0.1\eventstream-1.0.1.jar;C:\Users\DELL\.m2\repository\software\amazon\awssdk\http-auth-spi\2.21.0\http-auth-spi-2.21.0.jar;C:\Users\DELL\.m2\repository\software\amazon\awssdk\identity-spi\2.21.0\identity-spi-2.21.0.jar;C:\Users\DELL\.m2\repository\software\amazon\awssdk\http-client-spi\2.21.0\http-client-spi-2.21.0.jar;C:\Users\DELL\.m2\repository\software\amazon\awssdk\regions\2.21.0\regions-2.21.0.jar;C:\Users\DELL\.m2\repository\software\amazon\awssdk\annotations\2.21.0\annotations-2.21.0.jar;C:\Users\DELL\.m2\repository\software\amazon\awssdk\utils\2.21.0\utils-2.21.0.jar;C:\Users\DELL\.m2\repository\software\amazon\awssdk\aws-core\2.21.0\aws-core-2.21.0.jar;C:\Users\DELL\.m2\repository\software\amazon\awssdk\metrics-spi\2.21.0\metrics-spi-2.21.0.jar;C:\Users\DELL\.m2\repository\software\amazon\awssdk\json-utils\2.21.0\json-utils-2.21.0.jar;C:\Users\DELL\.m2\repository\software\amazon\awssdk\third-party-jackson-core\2.21.0\third-party-jackson-core-2.21.0.jar;C:\Users\DELL\.m2\repository\software\amazon\awssdk\endpoints-spi\2.21.0\endpoints-spi-2.21.0.jar;C:\Users\DELL\.m2\repository\software\amazon\awssdk\apache-client\2.21.0\apache-client-2.21.0.jar;C:\Users\DELL\.m2\repository\org\apache\httpcomponents\httpclient\4.5.13\httpclient-4.5.13.jar;C:\Users\DELL\.m2\repository\commons-logging\commons-logging\1.2\commons-logging-1.2.jar;C:\Users\DELL\.m2\repository\org\apache\httpcomponents\httpcore\4.4.16\httpcore-4.4.16.jar;C:\Users\DELL\.m2\repository\commons-codec\commons-codec\1.17.1\commons-codec-1.17.1.jar;C:\Users\DELL\.m2\repository\software\amazon\awssdk\netty-nio-client\2.21.0\netty-nio-client-2.21.0.jar;C:\Users\DELL\.m2\repository\io\netty\netty-codec-http\4.1.116.Final\netty-codec-http-4.1.116.Final.jar;C:\Users\DELL\.m2\repository\io\netty\netty-codec-http2\4.1.116.Final\netty-codec-http2-4.1.116.Final.jar;C:\Users\DELL\.m2\repository\io\netty\netty-codec\4.1.116.Final\netty-codec-4.1.116.Final.jar;C:\Users\DELL\.m2\repository\io\netty\netty-transport\4.1.116.Final\netty-transport-4.1.116.Final.jar;C:\Users\DELL\.m2\repository\io\netty\netty-common\4.1.116.Final\netty-common-4.1.116.Final.jar;C:\Users\DELL\.m2\repository\io\netty\netty-buffer\4.1.116.Final\netty-buffer-4.1.116.Final.jar;C:\Users\DELL\.m2\repository\io\netty\netty-handler\4.1.116.Final\netty-handler-4.1.116.Final.jar;C:\Users\DELL\.m2\repository\io\netty\netty-transport-native-unix-common\4.1.116.Final\netty-transport-native-unix-common-4.1.116.Final.jar;C:\Users\DELL\.m2\repository\io\netty\netty-transport-classes-epoll\4.1.116.Final\netty-transport-classes-epoll-4.1.116.Final.jar;C:\Users\DELL\.m2\repository\io\netty\netty-resolver\4.1.116.Final\netty-resolver-4.1.116.Final.jar;C:\Users\DELL\.m2\repository\io\github\cdimascio\dotenv-java\3.0.0\dotenv-java-3.0.0.jar
Launcher Type: SUN_STANDARD

[Global flags]
     intx CICompilerCount                          = 4                                         {product} {ergonomic}
     uint ConcGCThreads                            = 2                                         {product} {ergonomic}
     uint G1ConcRefinementThreads                  = 8                                         {product} {ergonomic}
   size_t G1HeapRegionSize                         = 2097152                                   {product} {ergonomic}
    uintx GCDrainStackTargetSize                   = 64                                        {product} {ergonomic}
   size_t InitialHeapSize                          = 264241152                                 {product} {ergonomic}
   size_t MarkStackSize                            = 4194304                                   {product} {ergonomic}
   size_t MaxHeapSize                              = 4225761280                                {product} {ergonomic}
   size_t MaxNewSize                               = 2535456768                                {product} {ergonomic}
   size_t MinHeapDeltaBytes                        = 2097152                                   {product} {ergonomic}
   size_t MinHeapSize                              = 8388608                                   {product} {ergonomic}
    uintx NonNMethodCodeHeapSize                   = 5839372                                {pd product} {ergonomic}
    uintx NonProfiledCodeHeapSize                  = 122909434                              {pd product} {ergonomic}
    uintx ProfiledCodeHeapSize                     = 122909434                              {pd product} {ergonomic}
    uintx ReservedCodeCacheSize                    = 251658240                              {pd product} {ergonomic}
     bool SegmentedCodeCache                       = true                                      {product} {ergonomic}
   size_t SoftMaxHeapSize                          = 4225761280                             {manageable} {ergonomic}
     bool UseCompressedClassPointers               = true                           {product lp64_product} {ergonomic}
     bool UseCompressedOops                        = true                           {product lp64_product} {ergonomic}
     bool UseG1GC                                  = true                                      {product} {ergonomic}
     bool UseLargePagesIndividualAllocation        = false                                  {pd product} {ergonomic}

Logging:
Log output configuration:
 #0: stdout all=warning uptime,level,tags foldmultilines=false
 #1: stderr all=off uptime,level,tags foldmultilines=false

Environment Variables:
CLASSPATH=C:\oraclexe\app\oracle\product\10.2.0\server\jdbc\lib\ojdbc14.jar
PATH=C:\Users\DELL\AppData\Local\Pub\Cache\bin;C:\oraclexe\app\oracle\product\10.2.0\server\bin;C:\Program Files\Common Files\Oracle\Java\javapath;C:\Program Files\Python310\Scripts\;C:\Program Files\Python310\;C:\Program Files (x86)\VMware\VMware Player\bin\;C:\Windows\system32;C:\Windows;C:\Windows\System32\Wbem;C:\Windows\System32\WindowsPowerShell\v1.0\;C:\Windows\System32\OpenSSH\;C:\Program Files\NVIDIA Corporation\NVIDIA NvDLISR;C:\WINDOWS\system32;C:\WINDOWS;C:\WINDOWS\System32\Wbem;C:\WINDOWS\System32\WindowsPowerShell\v1.0\;C:\WINDOWS\System32\OpenSSH\;C:\MinGW\bin;C:\Program Files\dotnet\;F:\Ax3soft\common;C:\Program Files\Ax3soft\common;F:\DHCP\Ax3soft\common;C:\Program Files\PuTTY\;C:\Program Files\Java\jdk-18.0.1.1\bin;C:\Program Files\Git\cmd;C:\Program Files\Git\bin;C:\src\flutter\bin;C:\Users\DELL\AppData\Roaming\nvm;C:\Program Files\nodejs;C:\Program Files\nodejs\;C:\ProgramData\chocolatey\bin;C:\Program Files (x86)\Microsoft SQL Server\160\Tools\Binn\;C:\Program Files\Microsoft SQL Server\160\Tools\Binn\;C:\Program Files\Microsoft SQL Server\Client SDK\ODBC\170\Tools\Binn\;C:\Program Files\Microsoft SQL Server\160\DTS\Binn\;C:\Program Files\MySQL\MySQL Shell 8.0\bin\;C:\Users\DELL\AppData\Local\Microsoft\WindowsApps;C:\Users\DELL\AppData\Local\Programs\Microsoft VS Code\bin;C:\Program Files\JetBrains\PyCharm Community Edition 2022.1.3\bin;;C:\Users\DELL\AppData\Roaming\Python\Python310\Scripts;F:\IntelliJ IDEA Community Edition 2024.3.1.1\bin;;C:\Program Files\MongoDB\Server\6.0\bin;C:\Users\DELL\AppData\Roaming\nvm;C:\Program Files\nodejs;C:\Users\DELL\AppData\Local\GitHubDesktop\bin;C:\Users\DELL\AppData\Local\Pub\Cache\bin;;C:\Users\DELL\AppData\Roaming\npm;F:\IntelliJ IDEA 2024.3.1.1\bin;
USERNAME=DELL
OS=Windows_NT
PROCESSOR_IDENTIFIER=Intel64 Family 6 Model 140 Stepping 1, GenuineIntel



---------------  S Y S T E M  ---------------

OS:
 Windows 11 , 64 bit Build 26100 (10.0.26100.3037)
OS uptime: 0 days 12:52 hours
Hyper-V role detected

CPU: total 8 (initial active 8) (4 cores per cpu, 2 threads per core) family 6 model 140 stepping 1 microcode 0xb8, cx8, cmov, fxsr, ht, mmx, 3dnowpref, sse, sse2, sse3, ssse3, sse4.1, sse4.2, popcnt, lzcnt, tsc, tscinvbit, avx, avx2, aes, erms, clmul, bmi1, bmi2, adx, avx512f, avx512dq, avx512cd, avx512bw, avx512vl, sha, fma, vzeroupper, avx512_vpopcntdq, avx512_vpclmulqdq, avx512_vaes, avx512_vnni, clflush, clflushopt, clwb, avx512_vbmi2, avx512_vbmi, hv

Memory: 4k page, system-wide physical 16118M (900M free)
TotalPageFile size 22327M (AvailPageFile size 1M)
current process WorkingSet (physical memory assigned to process): 223M, peak: 273M
current process commit charge ("private bytes"): 261M, peak: 399M

vm_info: Java HotSpot(TM) 64-Bit Server VM (18.0.1.1+2-6) for windows-amd64 JRE (18.0.1.1+2-6), built on Apr 25 2022 21:53:15 by "mach5one" with MS VC++ 16.8 / 16.9 (VS2019)

END.
