#
# There is insufficient memory for the Java Runtime Environment to continue.
# Native memory allocation (malloc) failed to allocate 164016 bytes for Chunk::new
# Possible reasons:
#   The system is out of physical RAM or swap space
#   The process is running with CompressedOops enabled, and the Java Heap may be blocking the growth of the native heap
# Possible solutions:
#   Reduce memory load on the system
#   Increase physical memory or swap space
#   Check if swap backing store is full
#   Decrease Java heap size (-Xmx/-Xms)
#   Decrease number of Java threads
#   Decrease Java thread stack sizes (-Xss)
#   Set larger code cache with -XX:ReservedCodeCacheSize=
#   JVM is running with Zero Based Compressed Oops mode in which the Java heap is
#     placed in the first 32GB address space. The Java Heap base address is the
#     maximum limit for the native heap growth. Please use -XX:HeapBaseMinAddress
#     to set the Java Heap base and to place the Java Heap above 32GB virtual address.
# This output file may be truncated or incomplete.
#
#  Out of Memory Error (arena.cpp:184), pid=5532, tid=1068
#
# JRE version: Java(TM) SE Runtime Environment (18.0.1.1+2) (build 18.0.1.1+2-6)
# Java VM: Java HotSpot(TM) 64-Bit Server VM (18.0.1.1+2-6, mixed mode, sharing, tiered, compressed oops, compressed class ptrs, g1 gc, windows-amd64)
# No core dump will be written. Minidumps are not enabled by default on client versions of Windows
#

---------------  S U M M A R Y ------------

Command Line: -javaagent:F:\IntelliJ IDEA Community Edition 2024.3.1.1\lib\idea_rt.jar=51435:F:\IntelliJ IDEA Community Edition 2024.3.1.1\bin -Dfile.encoding=UTF-8 -Dsun.stdout.encoding=UTF-8 -Dsun.stderr.encoding=UTF-8 com.wedstra.app.wedstra.backend.Application

Host: 11th Gen Intel(R) Core(TM) i5-1135G7 @ 2.40GHz, 8 cores, 15G,  Windows 11 , 64 bit Build 26100 (10.0.26100.3775)
Time: Thu May 15 13:34:10 2025 India Standard Time elapsed time: 424.518768 seconds (0d 0h 7m 4s)

---------------  T H R E A D  ---------------

Current thread (0x000001de9c90e100):  JavaThread "C2 CompilerThread0" daemon [_thread_in_native, id=1068, stack(0x000000c77eb00000,0x000000c77ec00000)]


Current CompileTask:
C2: 424518 7361   !   4       org.springframework.data.convert.CustomConversions$TargetTypes::computeIfAbsent (138 bytes)

Stack: [0x000000c77eb00000,0x000000c77ec00000]
Native frames: (J=compiled Java code, j=interpreted, Vv=VM code, C=native code)
V  [jvm.dll+0x69887a]
V  [jvm.dll+0x7f38bd]
V  [jvm.dll+0x7f51ce]
V  [jvm.dll+0x7f5883]
V  [jvm.dll+0x25ca3f]
V  [jvm.dll+0xb8c2f]
V  [jvm.dll+0xb8fa5]
V  [jvm.dll+0x385a31]
V  [jvm.dll+0x34f811]
V  [jvm.dll+0x34ecaa]
V  [jvm.dll+0x22fc21]
V  [jvm.dll+0x22eff1]
V  [jvm.dll+0x1b9cfc]
V  [jvm.dll+0x23e8ca]
V  [jvm.dll+0x23cbb5]
V  [jvm.dll+0x7a5fb1]
V  [jvm.dll+0x7a03ea]
V  [jvm.dll+0x697725]
C  [ucrtbase.dll+0x37b0]
C  [KERNEL32.DLL+0x2e8d7]
C  [ntdll.dll+0xb14fc]


---------------  P R O C E S S  ---------------

Threads class SMR info:
_java_thread_list=0x000001dea3389d40, length=44, elements={
0x000001de9c8ea8f0, 0x000001de9c8ebe00, 0x000001de9c908990, 0x000001de9c909330,
0x000001de9c90a840, 0x000001de9c90c8c0, 0x000001de9c90e100, 0x000001de9c914b60,
0x000001de9c91e0c0, 0x000001dea0cade70, 0x000001dea0caf1b0, 0x000001dea0cae340,
0x000001dea0cad4d0, 0x000001dea0caece0, 0x000001dea0caf680, 0x000001dea0cafb50,
0x000001dea0cad000, 0x000001dea3378d30, 0x000001dea337b3b0, 0x000001dea33796d0,
0x000001dea3379200, 0x000001dea33779f0, 0x000001dea3379ba0, 0x000001dea337aee0,
0x000001dea337a070, 0x000001dea3378860, 0x000001dea337a540, 0x000001dea337b880,
0x000001dea3377ec0, 0x000001dea337bd50, 0x000001dea3378390, 0x000001dea337c220,
0x000001dea337d090, 0x000001dea337f240, 0x000001dea337da30, 0x000001dea337ed70,
0x000001dea337cbc0, 0x000001dea337c6f0, 0x000001dea337e8a0, 0x000001dea337d560,
0x000001dea337e3d0, 0x000001dea337df00, 0x000001dea0cac660, 0x000001dea0cae810
}

Java Threads: ( => current thread )
  0x000001de9c8ea8f0 JavaThread "Reference Handler" daemon [_thread_blocked, id=21200, stack(0x000000c77e500000,0x000000c77e600000)]
  0x000001de9c8ebe00 JavaThread "Finalizer" daemon [_thread_blocked, id=16704, stack(0x000000c77e600000,0x000000c77e700000)]
  0x000001de9c908990 JavaThread "Signal Dispatcher" daemon [_thread_blocked, id=21900, stack(0x000000c77e700000,0x000000c77e800000)]
  0x000001de9c909330 JavaThread "Attach Listener" daemon [_thread_blocked, id=13956, stack(0x000000c77e800000,0x000000c77e900000)]
  0x000001de9c90a840 JavaThread "Service Thread" daemon [_thread_blocked, id=7292, stack(0x000000c77e900000,0x000000c77ea00000)]
  0x000001de9c90c8c0 JavaThread "Monitor Deflation Thread" daemon [_thread_blocked, id=336, stack(0x000000c77ea00000,0x000000c77eb00000)]
=>0x000001de9c90e100 JavaThread "C2 CompilerThread0" daemon [_thread_in_native, id=1068, stack(0x000000c77eb00000,0x000000c77ec00000)]
  0x000001de9c914b60 JavaThread "C1 CompilerThread0" daemon [_thread_blocked, id=24340, stack(0x000000c77ec00000,0x000000c77ed00000)]
  0x000001de9c91e0c0 JavaThread "Sweeper thread" daemon [_thread_blocked, id=18644, stack(0x000000c77ed00000,0x000000c77ee00000)]
  0x000001dea0cade70 JavaThread "Common-Cleaner" daemon [_thread_blocked, id=22756, stack(0x000000c77ee00000,0x000000c77ef00000)]
  0x000001dea0caf1b0 JavaThread "Monitor Ctrl-Break" daemon [_thread_in_native, id=25736, stack(0x000000c77ef00000,0x000000c77f000000)]
  0x000001dea0cae340 JavaThread "Notification Thread" daemon [_thread_blocked, id=25640, stack(0x000000c77f000000,0x000000c77f100000)]
  0x000001dea0cad4d0 JavaThread "Catalina-utility-1" [_thread_blocked, id=22036, stack(0x000000c77fe00000,0x000000c77ff00000)]
  0x000001dea0caece0 JavaThread "Catalina-utility-2" [_thread_blocked, id=26356, stack(0x000000c77ff00000,0x000000c780000000)]
  0x000001dea0caf680 JavaThread "container-0" [_thread_blocked, id=26272, stack(0x000000c700000000,0x000000c700100000)]
  0x000001dea0cafb50 JavaThread "idle-connection-reaper" daemon [_thread_blocked, id=3896, stack(0x000000c700200000,0x000000c700300000)]
  0x000001dea0cad000 JavaThread "Thread-4" daemon [_thread_in_native, id=3784, stack(0x000000c700100000,0x000000c700200000)]
  0x000001dea3378d30 JavaThread "BufferPoolPruner-1-thread-1" daemon [_thread_blocked, id=24360, stack(0x000000c700300000,0x000000c700400000)]
  0x000001dea337b3b0 JavaThread "cluster-ClusterId{value='68259e58ca6fc7693b38644f', description='null'}-cluster0-shard-00-02.f9im6.mongodb.net:27017" daemon [_thread_in_native, id=3132, stack(0x000000c700600000,0x000000c700700000)]
  0x000001dea33796d0 JavaThread "cluster-ClusterId{value='68259e58ca6fc7693b38644f', description='null'}-cluster0-shard-00-01.f9im6.mongodb.net:27017" daemon [_thread_in_native, id=15392, stack(0x000000c700700000,0x000000c700800000)]
  0x000001dea3379200 JavaThread "cluster-ClusterId{value='68259e58ca6fc7693b38644f', description='null'}-cluster0-shard-00-00.f9im6.mongodb.net:27017" daemon [_thread_in_native, id=2456, stack(0x000000c700800000,0x000000c700900000)]
  0x000001dea33779f0 JavaThread "Live Reload Server" daemon [_thread_in_native, id=10216, stack(0x000000c700c00000,0x000000c700d00000)]
  0x000001dea3379ba0 JavaThread "cluster-rtt-ClusterId{value='68259e58ca6fc7693b38644f', description='null'}-cluster0-shard-00-01.f9im6.mongodb.net:27017" daemon [_thread_blocked, id=17404, stack(0x000000c700b00000,0x000000c700c00000)]
  0x000001dea337aee0 JavaThread "MaintenanceTimer-3-thread-1" daemon [_thread_blocked, id=4840, stack(0x000000c700d00000,0x000000c700e00000)]
  0x000001dea337a070 JavaThread "cluster-rtt-ClusterId{value='68259e58ca6fc7693b38644f', description='null'}-cluster0-shard-00-02.f9im6.mongodb.net:27017" daemon [_thread_blocked, id=3884, stack(0x000000c700e00000,0x000000c700f00000)]
  0x000001dea3378860 JavaThread "MaintenanceTimer-2-thread-1" daemon [_thread_blocked, id=6340, stack(0x000000c700f00000,0x000000c701000000)]
  0x000001dea337a540 JavaThread "File Watcher" daemon [_thread_blocked, id=24028, stack(0x000000c701000000,0x000000c701100000)]
  0x000001dea337b880 JavaThread "MessageBroker-1" [_thread_blocked, id=21296, stack(0x000000c701100000,0x000000c701200000)]
  0x000001dea3377ec0 JavaThread "http-nio-8443-exec-1" daemon [_thread_blocked, id=25728, stack(0x000000c701200000,0x000000c701300000)]
  0x000001dea337bd50 JavaThread "http-nio-8443-exec-2" daemon [_thread_blocked, id=24760, stack(0x000000c701300000,0x000000c701400000)]
  0x000001dea3378390 JavaThread "http-nio-8443-exec-3" daemon [_thread_blocked, id=26180, stack(0x000000c701400000,0x000000c701500000)]
  0x000001dea337c220 JavaThread "http-nio-8443-exec-4" daemon [_thread_blocked, id=25040, stack(0x000000c701500000,0x000000c701600000)]
  0x000001dea337d090 JavaThread "http-nio-8443-exec-5" daemon [_thread_blocked, id=26172, stack(0x000000c701600000,0x000000c701700000)]
  0x000001dea337f240 JavaThread "http-nio-8443-exec-6" daemon [_thread_blocked, id=26060, stack(0x000000c701700000,0x000000c701800000)]
  0x000001dea337da30 JavaThread "http-nio-8443-exec-7" daemon [_thread_in_native, id=25784, stack(0x000000c701800000,0x000000c701900000)]
  0x000001dea337ed70 JavaThread "http-nio-8443-exec-8" daemon [_thread_blocked, id=11124, stack(0x000000c701900000,0x000000c701a00000)]
  0x000001dea337cbc0 JavaThread "http-nio-8443-exec-9" daemon [_thread_in_native, id=16160, stack(0x000000c701a00000,0x000000c701b00000)]
  0x000001dea337c6f0 JavaThread "http-nio-8443-exec-10" daemon [_thread_blocked, id=24780, stack(0x000000c701b00000,0x000000c701c00000)]
  0x000001dea337e8a0 JavaThread "http-nio-8443-Poller" daemon [_thread_in_native, id=26376, stack(0x000000c701c00000,0x000000c701d00000)]
  0x000001dea337d560 JavaThread "http-nio-8443-Acceptor" daemon [_thread_in_native, id=26348, stack(0x000000c701d00000,0x000000c701e00000)]
  0x000001dea337e3d0 JavaThread "DestroyJavaVM" [_thread_blocked, id=24516, stack(0x000000c77de00000,0x000000c77df00000)]
  0x000001dea337df00 JavaThread "cluster-rtt-ClusterId{value='68259e58ca6fc7693b38644f', description='null'}-cluster0-shard-00-00.f9im6.mongodb.net:27017" daemon [_thread_blocked, id=26284, stack(0x000000c701e00000,0x000000c701f00000)]
  0x000001dea0cac660 JavaThread "MaintenanceTimer-4-thread-1" daemon [_thread_blocked, id=18660, stack(0x000000c701f00000,0x000000c702000000)]
  0x000001dea0cae810 JavaThread "MessageBroker-2" [_thread_blocked, id=12344, stack(0x000000c700400000,0x000000c700500000)]

Other Threads:
  0x000001def9ba2740 VMThread "VM Thread" [stack: 0x000000c77e400000,0x000000c77e500000] [id=15036]
  0x000001dea11f6280 WatcherThread "VM Periodic Task Thread" [stack: 0x000000c77f100000,0x000000c77f200000] [id=7736]
  0x000001def9b8bbd0 WorkerThread "GC Thread#0" [stack: 0x000000c77df00000,0x000000c77e000000] [id=7852]
  0x000001dea13943e0 WorkerThread "GC Thread#1" [stack: 0x000000c77f400000,0x000000c77f500000] [id=25644]
  0x000001dea197ae10 WorkerThread "GC Thread#2" [stack: 0x000000c77f500000,0x000000c77f600000] [id=25916]
  0x000001dea197b0b0 WorkerThread "GC Thread#3" [stack: 0x000000c77f600000,0x000000c77f700000] [id=25748]
  0x000001dea197b350 WorkerThread "GC Thread#4" [stack: 0x000000c77f700000,0x000000c77f800000] [id=25944]
  0x000001dea13a66f0 WorkerThread "GC Thread#5" [stack: 0x000000c77f800000,0x000000c77f900000] [id=16640]
  0x000001dea1c68780 WorkerThread "GC Thread#6" [stack: 0x000000c77fc00000,0x000000c77fd00000] [id=25896]
  0x000001dea13fcda0 WorkerThread "GC Thread#7" [stack: 0x000000c77fd00000,0x000000c77fe00000] [id=26036]
  0x000001def790de80 ConcurrentGCThread "G1 Main Marker" [stack: 0x000000c77e000000,0x000000c77e100000] [id=4704]
  0x000001def790e9d0 WorkerThread "G1 Conc#0" [stack: 0x000000c77e100000,0x000000c77e200000] [id=17496]
  0x000001dea2cc5030 WorkerThread "G1 Conc#1" [stack: 0x000000c77fa00000,0x000000c77fb00000] [id=4892]
  0x000001de9c79cd00 ConcurrentGCThread "G1 Refine#0" [stack: 0x000000c77e200000,0x000000c77e300000] [id=12536]
  0x000001de9c79e4c0 ConcurrentGCThread "G1 Service" [stack: 0x000000c77e300000,0x000000c77e400000] [id=7092]

Threads with active compile tasks:
C2 CompilerThread0   424548 7361   !   4       org.springframework.data.convert.CustomConversions$TargetTypes::computeIfAbsent (138 bytes)

VM state: not at safepoint (normal execution)

VM Mutex/Monitor currently owned by a thread: None

Heap address: 0x0000000704200000, size: 4030 MB, Compressed Oops mode: Zero based, Oop shift amount: 3

CDS archive(s) mapped at: [0x0000000800000000-0x0000000800ba0000-0x0000000800ba0000), size 12189696, SharedBaseAddress: 0x0000000800000000, ArchiveRelocationMode: 0.
Compressed class space mapped at: 0x0000000800c00000-0x0000000840c00000, reserved size: 1073741824
Narrow klass base: 0x0000000800000000, Narrow klass shift: 0, Narrow klass range: 0x100000000

GC Precious Log:
 CardTable entry size: 512
 Card Set container configuration: InlinePtr #cards 4 size 8 Array Of Cards #cards 16 size 48 Howl #buckets 8 coarsen threshold 3686 Howl Bitmap #cards 512 size 80 coarsen threshold 460 Card regions per heap region 1 cards per card region 4096
 CPUs: 8 total, 8 available
 Memory: 16118M
 Large Page Support: Disabled
 NUMA Support: Disabled
 Compressed Oops: Enabled (Zero based)
 Heap Region Size: 2M
 Heap Min Capacity: 8M
 Heap Initial Capacity: 252M
 Heap Max Capacity: 4030M
 Pre-touch: Disabled
 Parallel Workers: 8
 Concurrent Workers: 2
 Concurrent Refinement Workers: 8
 Periodic GC: Disabled

Heap:
 garbage-first heap   total 81920K, used 43379K [0x0000000704200000, 0x0000000800000000)
  region size 2048K, 9 young (18432K), 2 survivors (4096K)
 Metaspace       used 61601K, committed 62272K, reserved 1114112K
  class space    used 7698K, committed 8000K, reserved 1048576K

Heap Regions: E=young(eden), S=young(survivor), O=old, HS=humongous(starts), HC=humongous(continues), CS=collection set, F=free, OA=open archive, CA=closed archive, TAMS=top-at-mark-start (previous, next)
|   0|0x0000000704200000, 0x0000000704400000, 0x0000000704400000|100%| O|  |TAMS 0x0000000704400000, 0x0000000704200000| Untracked 
|   1|0x0000000704400000, 0x0000000704600000, 0x0000000704600000|100%| O|  |TAMS 0x0000000704600000, 0x0000000704400000| Untracked 
|   2|0x0000000704600000, 0x0000000704800000, 0x0000000704800000|100%| O|  |TAMS 0x0000000704800000, 0x0000000704600000| Untracked 
|   3|0x0000000704800000, 0x0000000704a00000, 0x0000000704a00000|100%| O|  |TAMS 0x0000000704a00000, 0x0000000704800000| Untracked 
|   4|0x0000000704a00000, 0x0000000704c00000, 0x0000000704c00000|100%| O|  |TAMS 0x0000000704c00000, 0x0000000704a00000| Untracked 
|   5|0x0000000704c00000, 0x0000000704e00000, 0x0000000704e00000|100%| O|  |TAMS 0x0000000704e00000, 0x0000000704c00000| Untracked 
|   6|0x0000000704e00000, 0x0000000705000000, 0x0000000705000000|100%| O|  |TAMS 0x0000000705000000, 0x0000000704e00000| Untracked 
|   7|0x0000000705000000, 0x0000000705200000, 0x0000000705200000|100%| O|  |TAMS 0x0000000705200000, 0x0000000705000000| Untracked 
|   8|0x0000000705200000, 0x0000000705400000, 0x0000000705400000|100%| O|  |TAMS 0x0000000705400000, 0x0000000705200000| Untracked 
|   9|0x0000000705400000, 0x0000000705600000, 0x0000000705600000|100%| O|  |TAMS 0x0000000705600000, 0x0000000705400000| Untracked 
|  10|0x0000000705600000, 0x0000000705800000, 0x0000000705800000|100%| O|  |TAMS 0x0000000705800000, 0x0000000705600000| Untracked 
|  11|0x0000000705800000, 0x0000000705a00000, 0x0000000705a00000|100%| O|  |TAMS 0x0000000705a00000, 0x0000000705800000| Untracked 
|  12|0x0000000705a00000, 0x0000000705c00000, 0x0000000705c00000|100%| O|  |TAMS 0x0000000705c00000, 0x0000000705a00000| Untracked 
|  13|0x0000000705c00000, 0x0000000705ceb000, 0x0000000705e00000| 45%| O|  |TAMS 0x0000000705ceb000, 0x0000000705c00000| Untracked 
|  14|0x0000000705e00000, 0x0000000705e00000, 0x0000000706000000|  0%| F|  |TAMS 0x0000000705e00000, 0x0000000705e00000| Untracked 
|  15|0x0000000706000000, 0x0000000706000000, 0x0000000706200000|  0%| F|  |TAMS 0x0000000706000000, 0x0000000706000000| Untracked 
|  16|0x0000000706200000, 0x0000000706200000, 0x0000000706400000|  0%| F|  |TAMS 0x0000000706200000, 0x0000000706200000| Untracked 
|  17|0x0000000706400000, 0x0000000706400000, 0x0000000706600000|  0%| F|  |TAMS 0x0000000706400000, 0x0000000706400000| Untracked 
|  18|0x0000000706600000, 0x0000000706600000, 0x0000000706800000|  0%| F|  |TAMS 0x0000000706600000, 0x0000000706600000| Untracked 
|  19|0x0000000706800000, 0x0000000706800000, 0x0000000706a00000|  0%| F|  |TAMS 0x0000000706800000, 0x0000000706800000| Untracked 
|  20|0x0000000706a00000, 0x0000000706b71d80, 0x0000000706c00000| 72%| S|CS|TAMS 0x0000000706a00000, 0x0000000706a00000| Complete 
|  21|0x0000000706c00000, 0x0000000706e00000, 0x0000000706e00000|100%| S|CS|TAMS 0x0000000706c00000, 0x0000000706c00000| Complete 
|  22|0x0000000706e00000, 0x0000000706e00000, 0x0000000707000000|  0%| F|  |TAMS 0x0000000706e00000, 0x0000000706e00000| Untracked 
|  23|0x0000000707000000, 0x0000000707000000, 0x0000000707200000|  0%| F|  |TAMS 0x0000000707000000, 0x0000000707000000| Untracked 
|  24|0x0000000707200000, 0x0000000707200000, 0x0000000707400000|  0%| F|  |TAMS 0x0000000707200000, 0x0000000707200000| Untracked 
|  25|0x0000000707400000, 0x0000000707400000, 0x0000000707600000|  0%| F|  |TAMS 0x0000000707400000, 0x0000000707400000| Untracked 
|  26|0x0000000707600000, 0x0000000707600000, 0x0000000707800000|  0%| F|  |TAMS 0x0000000707600000, 0x0000000707600000| Untracked 
|  27|0x0000000707800000, 0x0000000707800000, 0x0000000707a00000|  0%| F|  |TAMS 0x0000000707800000, 0x0000000707800000| Untracked 
|  28|0x0000000707a00000, 0x0000000707a00000, 0x0000000707c00000|  0%| F|  |TAMS 0x0000000707a00000, 0x0000000707a00000| Untracked 
|  29|0x0000000707c00000, 0x0000000707c00000, 0x0000000707e00000|  0%| F|  |TAMS 0x0000000707c00000, 0x0000000707c00000| Untracked 
|  30|0x0000000707e00000, 0x0000000707e00000, 0x0000000708000000|  0%| F|  |TAMS 0x0000000707e00000, 0x0000000707e00000| Untracked 
|  31|0x0000000708000000, 0x0000000708000000, 0x0000000708200000|  0%| F|  |TAMS 0x0000000708000000, 0x0000000708000000| Untracked 
|  32|0x0000000708200000, 0x0000000708200000, 0x0000000708400000|  0%| F|  |TAMS 0x0000000708200000, 0x0000000708200000| Untracked 
|  33|0x0000000708400000, 0x00000007085c9d98, 0x0000000708600000| 89%| E|  |TAMS 0x0000000708400000, 0x0000000708400000| Complete 
|  34|0x0000000708600000, 0x0000000708800000, 0x0000000708800000|100%| E|CS|TAMS 0x0000000708600000, 0x0000000708600000| Complete 
|  35|0x0000000708800000, 0x0000000708a00000, 0x0000000708a00000|100%| E|CS|TAMS 0x0000000708800000, 0x0000000708800000| Complete 
|  63|0x000000070c000000, 0x000000070c200000, 0x000000070c200000|100%| E|CS|TAMS 0x000000070c000000, 0x000000070c000000| Complete 
|  64|0x000000070c200000, 0x000000070c400000, 0x000000070c400000|100%| E|CS|TAMS 0x000000070c200000, 0x000000070c200000| Complete 
|  65|0x000000070c400000, 0x000000070c600000, 0x000000070c600000|100%| E|CS|TAMS 0x000000070c400000, 0x000000070c400000| Complete 
| 125|0x0000000713c00000, 0x0000000713e00000, 0x0000000713e00000|100%| E|CS|TAMS 0x0000000713c00000, 0x0000000713c00000| Complete 

Card table byte_map: [0x000001defa6d0000,0x000001defaeb0000] _byte_map_base: 0x000001def6eaf000

Marking Bits (Prev, Next): (CMBitMap*) 0x000001def9b8d220, (CMBitMap*) 0x000001def9b8d1e0
 Prev Bits: [0x000001de96870000, 0x000001de9a768000)
 Next Bits: [0x000001defb690000, 0x000001deff588000)

Polling page: 0x000001def7a80000

Metaspace:

Usage:
  Non-class:     52.64 MB used.
      Class:      7.52 MB used.
       Both:     60.16 MB used.

Virtual space:
  Non-class space:       64.00 MB reserved,      53.00 MB ( 83%) committed,  1 nodes.
      Class space:        1.00 GB reserved,       7.81 MB ( <1%) committed,  1 nodes.
             Both:        1.06 GB reserved,      60.81 MB (  6%) committed. 

Chunk freelists:
   Non-Class:  2.11 MB
       Class:  139.00 KB
        Both:  2.24 MB

MaxMetaspaceSize: unlimited
CompressedClassSpaceSize: 1.00 GB
Initial GC threshold: 21.00 MB
Current GC threshold: 98.88 MB
CDS: on
MetaspaceReclaimPolicy: balanced
 - commit_granule_bytes: 65536.
 - commit_granule_words: 8192.
 - virtual_space_node_default_size: 8388608.
 - enlarge_chunks_in_place: 1.
 - new_chunks_are_fully_committed: 0.
 - uncommit_free_chunks: 1.
 - use_allocation_guard: 0.


Internal statistics:

num_allocs_failed_limit: 9.
num_arena_births: 1020.
num_arena_deaths: 14.
num_vsnodes_births: 2.
num_vsnodes_deaths: 0.
num_space_committed: 973.
num_space_uncommitted: 0.
num_chunks_returned_to_freelist: 29.
num_chunks_taken_from_freelist: 3130.
num_chunk_merges: 13.
num_chunk_splits: 2215.
num_chunks_enlarged: 1698.
num_inconsistent_stats: 0.

CodeHeap 'non-profiled nmethods': size=120000Kb used=4060Kb max_used=4060Kb free=115939Kb
 bounds [0x000001de8f340000, 0x000001de8f740000, 0x000001de96870000]
CodeHeap 'profiled nmethods': size=120000Kb used=13780Kb max_used=13780Kb free=106219Kb
 bounds [0x000001de87e10000, 0x000001de88b90000, 0x000001de8f340000]
CodeHeap 'non-nmethods': size=5760Kb used=1344Kb max_used=1394Kb free=4415Kb
 bounds [0x000001de87870000, 0x000001de87ae0000, 0x000001de87e10000]
 total_blobs=7239 nmethods=6590 adapters=561
 compilation: enabled
              stopped_count=0, restarted_count=0
 full_count=0

Compilation events (20 events):
Event: 424.508 Thread 0x000001de9c914b60 7402       3       org.springframework.data.convert.CustomConversions::hasValueConverter (25 bytes)
Event: 424.509 Thread 0x000001de9c914b60 nmethod 7402 0x000001de88b6f710 code [0x000001de88b6f8c0, 0x000001de88b6fc48]
Event: 424.509 Thread 0x000001de9c914b60 7403       3       org.springframework.data.convert.SimplePropertyValueConversions::hasValueConverter (14 bytes)
Event: 424.509 Thread 0x000001de9c914b60 nmethod 7403 0x000001de88b6fd90 code [0x000001de88b6ff40, 0x000001de88b700e8]
Event: 424.509 Thread 0x000001de9c914b60 7404       3       org.springframework.data.mongodb.core.convert.MappingMongoConverter$MongoDbPropertyValueProvider::getPropertyValue (150 bytes)
Event: 424.510 Thread 0x000001de9c914b60 nmethod 7404 0x000001de88b70190 code [0x000001de88b70480, 0x000001de88b718e8]
Event: 424.510 Thread 0x000001de9c914b60 7408   !   3       org.springframework.context.event.SimpleApplicationEventMulticaster::multicastEvent (111 bytes)
Event: 424.510 Thread 0x000001de9c914b60 nmethod 7408 0x000001de88b72090 code [0x000001de88b722e0, 0x000001de88b72d78]
Event: 424.510 Thread 0x000001de9c914b60 7405       3       java.lang.invoke.LambdaForm$MH/0x0000000800db0400::invoke (56 bytes)
Event: 424.511 Thread 0x000001de9c914b60 nmethod 7405 0x000001de88b73090 code [0x000001de88b73280, 0x000001de88b73b98]
Event: 424.511 Thread 0x000001de9c914b60 7407       3       org.springframework.context.ApplicationEvent::<init> (13 bytes)
Event: 424.511 Thread 0x000001de9c914b60 nmethod 7407 0x000001de88b73d90 code [0x000001de88b73f60, 0x000001de88b742c8]
Event: 424.511 Thread 0x000001de9c914b60 7410       1       com.wedstra.app.wedstra.backend.Entity.StateCity::getState (5 bytes)
Event: 424.511 Thread 0x000001de9c914b60 nmethod 7410 0x000001de8f735e90 code [0x000001de8f736020, 0x000001de8f7360f8]
Event: 424.511 Thread 0x000001de9c914b60 7409       3       org.springframework.context.event.AbstractApplicationEventMulticaster::getApplicationListeners (159 bytes)
Event: 424.512 Thread 0x000001de9c914b60 nmethod 7409 0x000001de88b74410 code [0x000001de88b746a0, 0x000001de88b75578]
Event: 424.512 Thread 0x000001de9c914b60 7406       3       org.springframework.data.mongodb.core.convert.MappingMongoConverter$MongoDbPropertyValueProvider::<init> (26 bytes)
Event: 424.512 Thread 0x000001de9c914b60 nmethod 7406 0x000001de88b75a10 code [0x000001de88b75bc0, 0x000001de88b75eb8]
Event: 424.512 Thread 0x000001de9c914b60 7411       1       org.apache.coyote.Response::getWriteListener (5 bytes)
Event: 424.512 Thread 0x000001de9c914b60 nmethod 7411 0x000001de8f736190 code [0x000001de8f736320, 0x000001de8f7363f8]

GC Heap History (20 events):
Event: 4.647 GC heap before
{Heap before GC invocations=4 (full 0):
 garbage-first heap   total 61440K, used 42039K [0x0000000704200000, 0x0000000800000000)
  region size 2048K, 18 young (36864K), 4 survivors (8192K)
 Metaspace       used 25713K, committed 26240K, reserved 1114112K
  class space    used 3200K, committed 3456K, reserved 1048576K
}
Event: 4.657 GC heap after
{Heap after GC invocations=5 (full 0):
 garbage-first heap   total 61440K, used 16097K [0x0000000704200000, 0x0000000800000000)
  region size 2048K, 2 young (4096K), 2 survivors (4096K)
 Metaspace       used 25713K, committed 26240K, reserved 1114112K
  class space    used 3200K, committed 3456K, reserved 1048576K
}
Event: 4.798 GC heap before
{Heap before GC invocations=5 (full 0):
 garbage-first heap   total 61440K, used 18145K [0x0000000704200000, 0x0000000800000000)
  region size 2048K, 3 young (6144K), 2 survivors (4096K)
 Metaspace       used 26353K, committed 26752K, reserved 1114112K
  class space    used 3276K, committed 3456K, reserved 1048576K
}
Event: 4.801 GC heap after
{Heap after GC invocations=6 (full 0):
 garbage-first heap   total 61440K, used 16427K [0x0000000704200000, 0x0000000800000000)
  region size 2048K, 1 young (2048K), 1 survivors (2048K)
 Metaspace       used 26353K, committed 26752K, reserved 1114112K
  class space    used 3276K, committed 3456K, reserved 1048576K
}
Event: 5.393 GC heap before
{Heap before GC invocations=6 (full 0):
 garbage-first heap   total 61440K, used 38955K [0x0000000704200000, 0x0000000800000000)
  region size 2048K, 13 young (26624K), 1 survivors (2048K)
 Metaspace       used 31496K, committed 32000K, reserved 1114112K
  class space    used 3855K, committed 4096K, reserved 1048576K
}
Event: 5.396 GC heap after
{Heap after GC invocations=7 (full 0):
 garbage-first heap   total 159744K, used 18040K [0x0000000704200000, 0x0000000800000000)
  region size 2048K, 2 young (4096K), 2 survivors (4096K)
 Metaspace       used 31496K, committed 32000K, reserved 1114112K
  class space    used 3855K, committed 4096K, reserved 1048576K
}
Event: 5.795 GC heap before
{Heap before GC invocations=7 (full 0):
 garbage-first heap   total 159744K, used 40568K [0x0000000704200000, 0x0000000800000000)
  region size 2048K, 14 young (28672K), 2 survivors (4096K)
 Metaspace       used 35520K, committed 35968K, reserved 1114112K
  class space    used 4331K, committed 4544K, reserved 1048576K
}
Event: 5.802 GC heap after
{Heap after GC invocations=8 (full 0):
 garbage-first heap   total 159744K, used 21472K [0x0000000704200000, 0x0000000800000000)
  region size 2048K, 3 young (6144K), 3 survivors (6144K)
 Metaspace       used 35520K, committed 35968K, reserved 1114112K
  class space    used 4331K, committed 4544K, reserved 1048576K
}
Event: 6.812 GC heap before
{Heap before GC invocations=9 (full 0):
 garbage-first heap   total 81920K, used 62432K [0x0000000704200000, 0x0000000800000000)
  region size 2048K, 24 young (49152K), 3 survivors (6144K)
 Metaspace       used 46856K, committed 47424K, reserved 1114112K
  class space    used 5739K, committed 6016K, reserved 1048576K
}
Event: 6.822 GC heap after
{Heap after GC invocations=10 (full 0):
 garbage-first heap   total 81920K, used 25007K [0x0000000704200000, 0x0000000800000000)
  region size 2048K, 2 young (4096K), 2 survivors (4096K)
 Metaspace       used 46856K, committed 47424K, reserved 1114112K
  class space    used 5739K, committed 6016K, reserved 1048576K
}
Event: 6.880 GC heap before
{Heap before GC invocations=10 (full 0):
 garbage-first heap   total 81920K, used 27055K [0x0000000704200000, 0x0000000800000000)
  region size 2048K, 3 young (6144K), 2 survivors (4096K)
 Metaspace       used 47177K, committed 47744K, reserved 1114112K
  class space    used 5785K, committed 6080K, reserved 1048576K
}
Event: 6.885 GC heap after
{Heap after GC invocations=11 (full 0):
 garbage-first heap   total 81920K, used 24865K [0x0000000704200000, 0x0000000800000000)
  region size 2048K, 1 young (2048K), 1 survivors (2048K)
 Metaspace       used 47177K, committed 47744K, reserved 1114112K
  class space    used 5785K, committed 6080K, reserved 1048576K
}
Event: 7.794 GC heap before
{Heap before GC invocations=11 (full 0):
 garbage-first heap   total 81920K, used 57633K [0x0000000704200000, 0x0000000800000000)
  region size 2048K, 18 young (36864K), 1 survivors (2048K)
 Metaspace       used 52012K, committed 52608K, reserved 1114112K
  class space    used 6428K, committed 6720K, reserved 1048576K
}
Event: 7.799 GC heap after
{Heap after GC invocations=12 (full 0):
 garbage-first heap   total 81920K, used 27817K [0x0000000704200000, 0x0000000800000000)
  region size 2048K, 2 young (4096K), 2 survivors (4096K)
 Metaspace       used 52012K, committed 52608K, reserved 1114112K
  class space    used 6428K, committed 6720K, reserved 1048576K
}
Event: 40.520 GC heap before
{Heap before GC invocations=12 (full 0):
 garbage-first heap   total 81920K, used 60585K [0x0000000704200000, 0x0000000800000000)
  region size 2048K, 18 young (36864K), 2 survivors (4096K)
 Metaspace       used 57078K, committed 57792K, reserved 1114112K
  class space    used 7115K, committed 7424K, reserved 1048576K
}
Event: 40.525 GC heap after
{Heap after GC invocations=13 (full 0):
 garbage-first heap   total 81920K, used 29940K [0x0000000704200000, 0x0000000800000000)
  region size 2048K, 2 young (4096K), 2 survivors (4096K)
 Metaspace       used 57078K, committed 57792K, reserved 1114112K
  class space    used 7115K, committed 7424K, reserved 1048576K
}
Event: 40.863 GC heap before
{Heap before GC invocations=13 (full 0):
 garbage-first heap   total 81920K, used 38132K [0x0000000704200000, 0x0000000800000000)
  region size 2048K, 8 young (16384K), 2 survivors (4096K)
 Metaspace       used 59767K, committed 60416K, reserved 1114112K
  class space    used 7490K, committed 7808K, reserved 1048576K
}
Event: 40.866 GC heap after
{Heap after GC invocations=14 (full 0):
 garbage-first heap   total 81920K, used 30338K [0x0000000704200000, 0x0000000800000000)
  region size 2048K, 2 young (4096K), 2 survivors (4096K)
 Metaspace       used 59767K, committed 60416K, reserved 1114112K
  class space    used 7490K, committed 7808K, reserved 1048576K
}
Event: 288.113 GC heap before
{Heap before GC invocations=15 (full 0):
 garbage-first heap   total 81920K, used 63106K [0x0000000704200000, 0x0000000800000000)
  region size 2048K, 18 young (36864K), 2 survivors (4096K)
 Metaspace       used 61418K, committed 62080K, reserved 1114112K
  class space    used 7698K, committed 8000K, reserved 1048576K
}
Event: 288.116 GC heap after
{Heap after GC invocations=16 (full 0):
 garbage-first heap   total 81920K, used 31091K [0x0000000704200000, 0x0000000800000000)
  region size 2048K, 2 young (4096K), 2 survivors (4096K)
 Metaspace       used 61418K, committed 62080K, reserved 1114112K
  class space    used 7698K, committed 8000K, reserved 1048576K
}

Deoptimization events (20 events):
Event: 40.887 Thread 0x000001dea337c220 Uncommon trap: trap_request=0xffffff45 fr.pc=0x000001de8f42a82c relative=0x000000000000020c
Event: 40.887 Thread 0x000001dea337c220 Uncommon trap: reason=unstable_if action=reinterpret pc=0x000001de8f42a82c method=java.util.HashMap.getNode(Ljava/lang/Object;)Ljava/util/HashMap$Node; @ 66 c2
Event: 40.887 Thread 0x000001dea337c220 DEOPT PACKING pc=0x000001de8f42a82c sp=0x000000c7015fa780
Event: 40.887 Thread 0x000001dea337c220 DEOPT UNPACKING pc=0x000001de878c5c23 sp=0x000000c7015fa710 mode 2
Event: 43.944 Thread 0x000001dea337f240 Uncommon trap: trap_request=0xffffff45 fr.pc=0x000001de8f42b728 relative=0x00000000000003c8
Event: 43.944 Thread 0x000001dea337f240 Uncommon trap: reason=unstable_if action=reinterpret pc=0x000001de8f42b728 method=java.util.HashMap.getNode(Ljava/lang/Object;)Ljava/util/HashMap$Node; @ 66 c2
Event: 43.944 Thread 0x000001dea337f240 DEOPT PACKING pc=0x000001de8f42b728 sp=0x000000c7017fb590
Event: 43.944 Thread 0x000001dea337f240 DEOPT UNPACKING pc=0x000001de878c5c23 sp=0x000000c7017fb440 mode 2
Event: 43.944 Thread 0x000001dea337da30 Uncommon trap: trap_request=0xffffff45 fr.pc=0x000001de8f42c698 relative=0x00000000000001f8
Event: 43.944 Thread 0x000001dea337da30 Uncommon trap: reason=unstable_if action=reinterpret pc=0x000001de8f42c698 method=java.util.HashMap.getNode(Ljava/lang/Object;)Ljava/util/HashMap$Node; @ 66 c2
Event: 43.944 Thread 0x000001dea337da30 DEOPT PACKING pc=0x000001de8f42c698 sp=0x000000c7018fb5b0
Event: 43.944 Thread 0x000001dea337da30 DEOPT UNPACKING pc=0x000001de878c5c23 sp=0x000000c7018fb4c8 mode 2
Event: 43.997 Thread 0x000001dea337da30 Uncommon trap: trap_request=0xffffff45 fr.pc=0x000001de8f690440 relative=0x0000000000000400
Event: 43.997 Thread 0x000001dea337da30 Uncommon trap: reason=unstable_if action=reinterpret pc=0x000001de8f690440 method=sun.security.provider.SHA.implDigest([BI)V @ 21 c2
Event: 43.997 Thread 0x000001dea337da30 DEOPT PACKING pc=0x000001de8f690440 sp=0x000000c7018f9780
Event: 43.997 Thread 0x000001dea337da30 DEOPT UNPACKING pc=0x000001de878c5c23 sp=0x000000c7018f9638 mode 2
Event: 43.998 Thread 0x000001dea337da30 DEOPT PACKING pc=0x000001de8895391b sp=0x000000c7018f9610
Event: 43.998 Thread 0x000001dea337da30 DEOPT UNPACKING pc=0x000001de878c6763 sp=0x000000c7018f8ae8 mode 0
Event: 44.069 Thread 0x000001dea3377ec0 DEOPT PACKING pc=0x000001de888fc356 sp=0x000000c7012f8ce0
Event: 44.069 Thread 0x000001dea3377ec0 DEOPT UNPACKING pc=0x000001de878c6763 sp=0x000000c7012f81d0 mode 0

Classes loaded (20 events):
Event: 40.962 Loading class javax/crypto/spec/PSource
Event: 40.963 Loading class javax/crypto/spec/PSource done
Event: 40.963 Loading class javax/crypto/spec/PSource$PSpecified
Event: 40.963 Loading class javax/crypto/spec/PSource$PSpecified done
Event: 40.963 Loading class javax/crypto/spec/OAEPParameterSpec
Event: 40.963 Loading class javax/crypto/spec/OAEPParameterSpec done
Event: 40.967 Loading class java/util/zip/DeflaterOutputStream
Event: 40.967 Loading class java/util/zip/DeflaterOutputStream done
Event: 40.968 Loading class java/util/zip/GZIPOutputStream
Event: 40.968 Loading class java/util/zip/GZIPOutputStream done
Event: 40.968 Loading class java/util/zip/GZIPInputStream
Event: 40.968 Loading class java/util/zip/GZIPInputStream done
Event: 40.984 Loading class sun/nio/cs/US_ASCII$Encoder
Event: 40.984 Loading class sun/nio/cs/US_ASCII$Encoder done
Event: 40.984 Loading class sun/nio/cs/Surrogate$Parser
Event: 40.984 Loading class sun/nio/cs/Surrogate$Parser done
Event: 40.984 Loading class sun/nio/cs/Surrogate
Event: 40.984 Loading class sun/nio/cs/Surrogate done
Event: 43.941 Loading class java/util/concurrent/locks/ReentrantReadWriteLock$Sync$HoldCounter
Event: 43.941 Loading class java/util/concurrent/locks/ReentrantReadWriteLock$Sync$HoldCounter done

Classes unloaded (7 events):
Event: 40.890 Thread 0x000001def9ba2740 Unloading class 0x0000000801180000 'java/lang/invoke/LambdaForm$DMH+0x0000000801180000'
Event: 40.890 Thread 0x000001def9ba2740 Unloading class 0x0000000801180400 'java/lang/invoke/LambdaForm$DMH+0x0000000801180400'
Event: 40.890 Thread 0x000001def9ba2740 Unloading class 0x000000080113dc00 'java/lang/invoke/LambdaForm$DMH+0x000000080113dc00'
Event: 40.890 Thread 0x000001def9ba2740 Unloading class 0x000000080113d800 'java/lang/invoke/LambdaForm$DMH+0x000000080113d800'
Event: 40.890 Thread 0x000001def9ba2740 Unloading class 0x000000080113d000 'java/lang/invoke/LambdaForm$DMH+0x000000080113d000'
Event: 40.890 Thread 0x000001def9ba2740 Unloading class 0x000000080113cc00 'java/lang/invoke/LambdaForm$DMH+0x000000080113cc00'
Event: 40.890 Thread 0x000001def9ba2740 Unloading class 0x000000080113c000 'java/lang/invoke/LambdaForm$MH+0x000000080113c000'

Classes redefined (0 events):
No events

Internal exceptions (20 events):
Event: 6.454 Thread 0x000001dea337b3b0 Exception <a 'java/lang/NoSuchMethodError'{0x0000000706e1fee8}: 'java.lang.Object java.lang.invoke.DirectMethodHandle$Holder.invokeInterface(java.lang.Object, java.lang.Object, long)'> (0x0000000706e1fee8) 
thrown [s\open\src\hotspot\share\interpreter\linkResolver.cpp, line 766]
Event: 6.552 Thread 0x000001dea0cae810 Exception <a 'java/lang/IncompatibleClassChangeError'{0x0000000706c807e0}: Found class java.lang.Object, but interface was expected> (0x0000000706c807e0) 
thrown [s\open\src\hotspot\share\interpreter\linkResolver.cpp, line 833]
Event: 6.781 Thread 0x000001dea33796d0 Exception <a 'java/lang/NoSuchMethodError'{0x00000007062465f8}: 'void java.lang.invoke.DirectMethodHandle$Holder.invokeStatic(java.lang.Object, long)'> (0x00000007062465f8) 
thrown [s\open\src\hotspot\share\interpreter\linkResolver.cpp, line 766]
Event: 6.828 Thread 0x000001dea33796d0 Exception <a 'java/lang/NoSuchMethodError'{0x0000000713cd0c70}: 'void java.lang.invoke.DirectMethodHandle$Holder.invokeStatic(java.lang.Object, java.lang.Object, long)'> (0x0000000713cd0c70) 
thrown [s\open\src\hotspot\share\interpreter\linkResolver.cpp, line 766]
Event: 6.961 Thread 0x000001dea0cae810 Exception <a 'java/lang/IncompatibleClassChangeError'{0x000000070c314c08}: Found class java.lang.Object, but interface was expected> (0x000000070c314c08) 
thrown [s\open\src\hotspot\share\interpreter\linkResolver.cpp, line 833]
Event: 7.141 Thread 0x000001dea0cae810 Exception <a 'sun/nio/fs/WindowsException'{0x0000000708793670}> (0x0000000708793670) 
thrown [s\open\src\hotspot\share\prims\jni.cpp, line 516]
Event: 7.427 Thread 0x000001dea0cae810 Exception <a 'java/lang/NoSuchMethodError'{0x0000000707abb520}: 'java.lang.Object java.lang.invoke.DirectMethodHandle$Holder.newInvokeSpecial(java.lang.Object, java.lang.Object, java.lang.Object, java.lang.Object, java.lang.Object, java.lang.Object, java.lang.Object, java.lang.Object)'> (0x0000000707abb520) 
thrown [s\open\src\hotspot\share\interpreter\linkResolver.cpp, line 766]
Event: 7.811 Thread 0x000001dea0cae810 Exception <a 'java/lang/IncompatibleClassChangeError'{0x0000000713c838a0}: Found class java.lang.Object, but interface was expected> (0x0000000713c838a0) 
thrown [s\open\src\hotspot\share\interpreter\linkResolver.cpp, line 833]
Event: 7.978 Thread 0x000001dea0cae810 Exception <a 'java/lang/NoSuchMethodError'{0x000000070c3c8018}: 'java.lang.Object java.lang.invoke.DirectMethodHandle$Holder.invokeVirtual(java.lang.Object, java.lang.Object, java.lang.Object, java.lang.Object, java.lang.Object, java.lang.Object, java.lang.Object)'> (0x000000070c3c8018) 
thrown [s\open\src\hotspot\share\interpreter\linkResolver.cpp, line 766]
Event: 7.980 Thread 0x000001dea0cae810 Exception <a 'java/lang/NoSuchMethodError'{0x000000070c3eae90}: 'java.lang.Object java.lang.invoke.DirectMethodHandle$Holder.invokeVirtual(java.lang.Object, java.lang.Object, java.lang.Object, java.lang.Object, java.lang.Object, java.lang.Object, java.lang.Object, java.lang.Object)'> (0x000000070c3eae90) 
thrown [s\open\src\hotspot\share\interpreter\linkResolver.cpp, line 766]
Event: 8.171 Thread 0x000001dea0cae810 Exception <a 'java/lang/NoSuchMethodError'{0x00000007087a99d8}: 'int java.lang.invoke.DirectMethodHandle$Holder.invokeStaticInit(java.lang.Object, java.lang.Object, java.lang.Object, java.lang.Object)'> (0x00000007087a99d8) 
thrown [s\open\src\hotspot\share\interpreter\linkResolver.cpp, line 766]
Event: 8.445 Thread 0x000001dea0cae810 Exception <a 'java/lang/NoSuchMethodError'{0x000000070807efb0}: 'java.lang.Object java.lang.invoke.DirectMethodHandle$Holder.newInvokeSpecial(java.lang.Object, java.lang.Object, int, java.lang.Object, java.lang.Object)'> (0x000000070807efb0) 
thrown [s\open\src\hotspot\share\interpreter\linkResolver.cpp, line 766]
Event: 40.399 Thread 0x000001dea3377ec0 Exception <a 'java/lang/NoSuchMethodError'{0x00000007076556d8}: 'java.lang.Object java.lang.invoke.DirectMethodHandle$Holder.invokeSpecial(java.lang.Object, java.lang.Object, java.lang.Object, java.lang.Object, java.lang.Object, long)'> (0x00000007076556d8) 
thrown [s\open\src\hotspot\share\interpreter\linkResolver.cpp, line 766]
Event: 40.399 Thread 0x000001dea3377ec0 Exception <a 'java/lang/NoSuchMethodError'{0x00000007076590d8}: 'java.lang.Object java.lang.invoke.Invokers$Holder.linkToTargetMethod(java.lang.Object, java.lang.Object, java.lang.Object, long, java.lang.Object)'> (0x00000007076590d8) 
thrown [s\open\src\hotspot\share\interpreter\linkResolver.cpp, line 766]
Event: 40.631 Thread 0x000001dea337c220 Exception <a 'java/lang/NoSuchMethodError'{0x000000070c27cfa0}: 'java.lang.Object java.lang.invoke.DirectMethodHandle$Holder.invokeInterface(java.lang.Object, java.lang.Object, int)'> (0x000000070c27cfa0) 
thrown [s\open\src\hotspot\share\interpreter\linkResolver.cpp, line 766]
Event: 40.771 Thread 0x000001dea337c220 Exception <a 'java/lang/NoSuchMethodError'{0x000000070c1e3958}: 'long java.lang.invoke.DirectMethodHandle$Holder.invokeStatic(java.lang.Object, long)'> (0x000000070c1e3958) 
thrown [s\open\src\hotspot\share\interpreter\linkResolver.cpp, line 766]
Event: 40.793 Thread 0x000001dea337c220 Exception <a 'java/lang/NoSuchMethodError'{0x000000070891c368}: 'void java.lang.invoke.Invokers$Holder.invoke_MT(java.lang.Object, java.lang.Object, java.lang.Object, java.lang.Object)'> (0x000000070891c368) 
thrown [s\open\src\hotspot\share\interpreter\linkResolver.cpp, line 766]
Event: 68.450 Thread 0x000001dea337b880 Exception <a 'java/lang/NoSuchMethodError'{0x0000000708040c10}: 'java.lang.Object java.lang.invoke.DirectMethodHandle$Holder.invokeSpecial(java.lang.Object, java.lang.Object, long, int, int, int, int, int, int, int, int, int)'> (0x0000000708040c10) 
thrown [s\open\src\hotspot\share\interpreter\linkResolver.cpp, line 766]
Event: 68.450 Thread 0x000001dea337b880 Exception <a 'java/lang/NoSuchMethodError'{0x0000000708044868}: 'java.lang.Object java.lang.invoke.DelegatingMethodHandle$Holder.reinvoke_L(java.lang.Object, long, int, int, int, int, int, int, int, int, int)'> (0x0000000708044868) 
thrown [s\open\src\hotspot\share\interpreter\linkResolver.cpp, line 766]
Event: 68.455 Thread 0x000001dea337b880 Exception <a 'java/lang/NoSuchMethodError'{0x00000007080921e0}: 'java.lang.Object java.lang.invoke.Invokers$Holder.linkToTargetMethod(int, int, int, java.lang.Object)'> (0x00000007080921e0) 
thrown [s\open\src\hotspot\share\interpreter\linkResolver.cpp, line 766]

VM Operations (20 events):
Event: 288.113 Executing VM operation: G1CollectForAllocation
Event: 288.117 Executing VM operation: G1CollectForAllocation done
Event: 290.132 Executing VM operation: Cleanup
Event: 290.132 Executing VM operation: Cleanup done
Event: 305.240 Executing VM operation: Cleanup
Event: 305.240 Executing VM operation: Cleanup done
Event: 307.261 Executing VM operation: Cleanup
Event: 307.261 Executing VM operation: Cleanup done
Event: 318.359 Executing VM operation: Cleanup
Event: 318.359 Executing VM operation: Cleanup done
Event: 319.373 Executing VM operation: Cleanup
Event: 319.373 Executing VM operation: Cleanup done
Event: 328.468 Executing VM operation: Cleanup
Event: 328.469 Executing VM operation: Cleanup done
Event: 335.503 Executing VM operation: Cleanup
Event: 335.504 Executing VM operation: Cleanup done
Event: 338.538 Executing VM operation: Cleanup
Event: 338.539 Executing VM operation: Cleanup done
Event: 378.849 Executing VM operation: Cleanup
Event: 378.849 Executing VM operation: Cleanup done

Events (20 events):
Event: 8.623 Thread 0x000001dea337df00 Thread added: 0x000001dea337df00
Event: 8.624 Thread 0x000001dea0cac660 Thread added: 0x000001dea0cac660
Event: 9.031 Thread 0x000001dea1d09620 Thread exited: 0x000001dea1d09620
Event: 9.031 Thread 0x000001dea1d0af70 Thread exited: 0x000001dea1d0af70
Event: 40.678 Thread 0x000001dea1d0af70 Thread added: 0x000001dea1d0af70
Event: 40.736 Thread 0x000001dea1d09110 Thread added: 0x000001dea1d09110
Event: 40.791 Loaded shared library C:\Program Files\Java\jdk-18.0.1.1\bin\verify.dll
Event: 40.883 Thread 0x000001de9c91e0c0 flushing nmethod 0x000001de8f3fd190
Event: 40.883 Thread 0x000001de9c91e0c0 flushing nmethod 0x000001de8f420c90
Event: 40.883 Thread 0x000001de9c91e0c0 flushing nmethod 0x000001de8f429090
Event: 40.883 Thread 0x000001de9c91e0c0 flushing nmethod 0x000001de8f4dfb90
Event: 40.889 Thread 0x000001de9c91e0c0 flushing nmethod 0x000001de88727690
Event: 42.489 Thread 0x000001dea1d0af70 Thread exited: 0x000001dea1d0af70
Event: 42.489 Thread 0x000001dea1d09110 Thread exited: 0x000001dea1d09110
Event: 43.969 Thread 0x000001dea1d081e0 Thread added: 0x000001dea1d081e0
Event: 43.986 Thread 0x000001dea1d09b30 Thread added: 0x000001dea1d09b30
Event: 45.081 Thread 0x000001dea1d09b30 Thread exited: 0x000001dea1d09b30
Event: 45.081 Thread 0x000001dea1d081e0 Thread exited: 0x000001dea1d081e0
Event: 66.330 Thread 0x000001dea337aa10 Thread exited: 0x000001dea337aa10
Event: 68.457 Thread 0x000001dea0cae810 Thread added: 0x000001dea0cae810


Dynamic libraries:
0x00007ff613a70000 - 0x00007ff613a80000 	C:\Program Files\Java\jdk-18.0.1.1\bin\java.exe
0x00007ffa33ea0000 - 0x00007ffa34100000 	C:\WINDOWS\SYSTEM32\ntdll.dll
0x00007ffa31ca0000 - 0x00007ffa31d67000 	C:\WINDOWS\System32\KERNEL32.DLL
0x00007ffa316d0000 - 0x00007ffa31a9a000 	C:\WINDOWS\System32\KERNELBASE.dll
0x00007ffa311e0000 - 0x00007ffa3132b000 	C:\WINDOWS\System32\ucrtbase.dll
0x00007ffa2dbe0000 - 0x00007ffa2dbfa000 	C:\Program Files\Java\jdk-18.0.1.1\bin\VCRUNTIME140.dll
0x00007ffa2db80000 - 0x00007ffa2db98000 	C:\Program Files\Java\jdk-18.0.1.1\bin\jli.dll
0x00007ffa33d90000 - 0x00007ffa33e42000 	C:\WINDOWS\System32\ADVAPI32.dll
0x00007ffa31d70000 - 0x00007ffa31e19000 	C:\WINDOWS\System32\msvcrt.dll
0x00007ffa327f0000 - 0x00007ffa32896000 	C:\WINDOWS\System32\sechost.dll
0x00007ffa33b40000 - 0x00007ffa33c56000 	C:\WINDOWS\System32\RPCRT4.dll
0x00007ffa33960000 - 0x00007ffa33b2c000 	C:\WINDOWS\System32\USER32.dll
0x00007ffa15280000 - 0x00007ffa15517000 	C:\WINDOWS\WinSxS\amd64_microsoft.windows.common-controls_6595b64144ccf1df_6.0.26100.3624_none_3e086962e3345f24\COMCTL32.dll
0x00007ffa314b0000 - 0x00007ffa314d7000 	C:\WINDOWS\System32\win32u.dll
0x00007ffa332c0000 - 0x00007ffa332ea000 	C:\WINDOWS\System32\GDI32.dll
0x00007ffa314e0000 - 0x00007ffa31611000 	C:\WINDOWS\System32\gdi32full.dll
0x00007ffa31620000 - 0x00007ffa316c3000 	C:\WINDOWS\System32\msvcp_win.dll
0x00007ffa202f0000 - 0x00007ffa202fb000 	C:\WINDOWS\SYSTEM32\VERSION.dll
0x00007ffa33c60000 - 0x00007ffa33c8f000 	C:\WINDOWS\System32\IMM32.DLL
0x00007ffa2dbd0000 - 0x00007ffa2dbdc000 	C:\Program Files\Java\jdk-18.0.1.1\bin\vcruntime140_1.dll
0x00007ffa1b2c0000 - 0x00007ffa1b34d000 	C:\Program Files\Java\jdk-18.0.1.1\bin\msvcp140.dll
0x00007ff969db0000 - 0x00007ff96a9c0000 	C:\Program Files\Java\jdk-18.0.1.1\bin\server\jvm.dll
0x00007ffa33e50000 - 0x00007ffa33e58000 	C:\WINDOWS\System32\PSAPI.DLL
0x00007ffa28760000 - 0x00007ffa28796000 	C:\WINDOWS\SYSTEM32\WINMM.dll
0x00007ffa0f300000 - 0x00007ffa0f30a000 	C:\WINDOWS\SYSTEM32\WSOCK32.dll
0x00007ffa32e30000 - 0x00007ffa32ea4000 	C:\WINDOWS\System32\WS2_32.dll
0x00007ffa2ffb0000 - 0x00007ffa2ffca000 	C:\WINDOWS\SYSTEM32\kernel.appcore.dll
0x00007ffa2bae0000 - 0x00007ffa2baea000 	C:\Program Files\Java\jdk-18.0.1.1\bin\jimage.dll
0x00007ffa2e6e0000 - 0x00007ffa2e921000 	C:\WINDOWS\SYSTEM32\DBGHELP.DLL
0x00007ffa32f30000 - 0x00007ffa332b2000 	C:\WINDOWS\System32\combase.dll
0x00007ffa33ca0000 - 0x00007ffa33d76000 	C:\WINDOWS\System32\OLEAUT32.dll
0x00007ffa1fe20000 - 0x00007ffa1fe59000 	C:\WINDOWS\SYSTEM32\dbgcore.DLL
0x00007ffa31140000 - 0x00007ffa311d9000 	C:\WINDOWS\System32\bcryptPrimitives.dll
0x00007ffa1b280000 - 0x00007ffa1b28e000 	C:\Program Files\Java\jdk-18.0.1.1\bin\instrument.dll
0x00007ffa1b290000 - 0x00007ffa1b2b5000 	C:\Program Files\Java\jdk-18.0.1.1\bin\java.dll
0x00007ffa1b180000 - 0x00007ffa1b256000 	C:\Program Files\Java\jdk-18.0.1.1\bin\jsvml.dll
0x00007ffa320c0000 - 0x00007ffa327e9000 	C:\WINDOWS\System32\SHELL32.dll
0x00007ffa31b30000 - 0x00007ffa31c98000 	C:\WINDOWS\System32\wintypes.dll
0x00007ffa2ed40000 - 0x00007ffa2f592000 	C:\WINDOWS\SYSTEM32\windows.storage.dll
0x00007ffa328a0000 - 0x00007ffa3298d000 	C:\WINDOWS\System32\SHCORE.dll
0x00007ffa32c00000 - 0x00007ffa32c64000 	C:\WINDOWS\System32\shlwapi.dll
0x00007ffa30f90000 - 0x00007ffa30fbf000 	C:\WINDOWS\SYSTEM32\profapi.dll
0x00007ffa1b830000 - 0x00007ffa1b848000 	C:\Program Files\Java\jdk-18.0.1.1\bin\zip.dll
0x00007ffa1e320000 - 0x00007ffa1e333000 	C:\Program Files\Java\jdk-18.0.1.1\bin\net.dll
0x00007ffa230d0000 - 0x00007ffa231ed000 	C:\WINDOWS\SYSTEM32\WINHTTP.dll
0x00007ffa304d0000 - 0x00007ffa3053a000 	C:\WINDOWS\system32\mswsock.dll
0x00007ffa1b9d0000 - 0x00007ffa1b9e6000 	C:\Program Files\Java\jdk-18.0.1.1\bin\nio.dll
0x00007ffa1b260000 - 0x00007ffa1b27a000 	F:\IntelliJ IDEA Community Edition 2024.3.1.1\bin\breakgen64.dll
0x00007ffa2bad0000 - 0x00007ffa2bad9000 	C:\Program Files\Java\jdk-18.0.1.1\bin\management.dll
0x00007ffa1e2e0000 - 0x00007ffa1e2eb000 	C:\Program Files\Java\jdk-18.0.1.1\bin\management_ext.dll
0x00007ffa1b170000 - 0x00007ffa1b17e000 	C:\Program Files\Java\jdk-18.0.1.1\bin\sunmscapi.dll
0x00007ffa31330000 - 0x00007ffa314a7000 	C:\WINDOWS\System32\CRYPT32.dll
0x00007ffa30970000 - 0x00007ffa309a0000 	C:\WINDOWS\SYSTEM32\ncrypt.dll
0x00007ffa30920000 - 0x00007ffa3095f000 	C:\WINDOWS\SYSTEM32\NTASN1.dll
0x00007ffa30770000 - 0x00007ffa3078c000 	C:\WINDOWS\SYSTEM32\CRYPTSP.dll
0x00007ffa2ff10000 - 0x00007ffa2ff4a000 	C:\WINDOWS\system32\rsaenh.dll
0x00007ffa30570000 - 0x00007ffa3059b000 	C:\WINDOWS\SYSTEM32\USERENV.dll
0x00007ffa30f60000 - 0x00007ffa30f86000 	C:\WINDOWS\SYSTEM32\bcrypt.dll
0x00007ffa30790000 - 0x00007ffa3079c000 	C:\WINDOWS\SYSTEM32\CRYPTBASE.dll
0x00007ffa2f9e0000 - 0x00007ffa2fa13000 	C:\WINDOWS\SYSTEM32\IPHLPAPI.DLL
0x00007ffa31eb0000 - 0x00007ffa31eba000 	C:\WINDOWS\System32\NSI.dll
0x00007ffa287a0000 - 0x00007ffa287bf000 	C:\WINDOWS\SYSTEM32\dhcpcsvc6.DLL
0x00007ffa28730000 - 0x00007ffa28755000 	C:\WINDOWS\SYSTEM32\dhcpcsvc.DLL
0x00007ffa2fa20000 - 0x00007ffa2fb45000 	C:\WINDOWS\SYSTEM32\DNSAPI.dll
0x00007ffa22ea0000 - 0x00007ffa22eab000 	C:\Windows\System32\rasadhlp.dll
0x00007ffa2a760000 - 0x00007ffa2a7e5000 	C:\WINDOWS\System32\fwpuclnt.dll
0x00007ffa1b360000 - 0x00007ffa1b370000 	C:\Program Files\Java\jdk-18.0.1.1\bin\verify.dll

dbghelp: loaded successfully - version: 4.0.5 - missing functions: none
symbol engine: initialized successfully - sym options: 0x614 - pdb path: .;C:\Program Files\Java\jdk-18.0.1.1\bin;C:\WINDOWS\SYSTEM32;C:\WINDOWS\WinSxS\amd64_microsoft.windows.common-controls_6595b64144ccf1df_6.0.26100.3624_none_3e086962e3345f24;C:\Program Files\Java\jdk-18.0.1.1\bin\server;F:\IntelliJ IDEA Community Edition 2024.3.1.1\bin

VM Arguments:
jvm_args: -javaagent:F:\IntelliJ IDEA Community Edition 2024.3.1.1\lib\idea_rt.jar=51435:F:\IntelliJ IDEA Community Edition 2024.3.1.1\bin -Dfile.encoding=UTF-8 -Dsun.stdout.encoding=UTF-8 -Dsun.stderr.encoding=UTF-8 
java_command: com.wedstra.app.wedstra.backend.Application
java_class_path (initial): E:\Freelancing\Wedstra_Project\wedstra_backend\target\classes;C:\Users\DELL\.m2\repository\org\springframework\boot\spring-boot-starter-data-mongodb\3.4.1\spring-boot-starter-data-mongodb-3.4.1.jar;C:\Users\DELL\.m2\repository\org\springframework\boot\spring-boot-starter\3.4.1\spring-boot-starter-3.4.1.jar;C:\Users\DELL\.m2\repository\org\springframework\boot\spring-boot-starter-logging\3.4.1\spring-boot-starter-logging-3.4.1.jar;C:\Users\DELL\.m2\repository\ch\qos\logback\logback-classic\1.5.12\logback-classic-1.5.12.jar;C:\Users\DELL\.m2\repository\ch\qos\logback\logback-core\1.5.12\logback-core-1.5.12.jar;C:\Users\DELL\.m2\repository\org\apache\logging\log4j\log4j-to-slf4j\2.24.3\log4j-to-slf4j-2.24.3.jar;C:\Users\DELL\.m2\repository\org\apache\logging\log4j\log4j-api\2.24.3\log4j-api-2.24.3.jar;C:\Users\DELL\.m2\repository\org\slf4j\jul-to-slf4j\2.0.16\jul-to-slf4j-2.0.16.jar;C:\Users\DELL\.m2\repository\jakarta\annotation\jakarta.annotation-api\2.1.1\jakarta.annotation-api-2.1.1.jar;C:\Users\DELL\.m2\repository\org\yaml\snakeyaml\2.3\snakeyaml-2.3.jar;C:\Users\DELL\.m2\repository\org\mongodb\mongodb-driver-sync\5.2.1\mongodb-driver-sync-5.2.1.jar;C:\Users\DELL\.m2\repository\org\mongodb\bson\5.2.1\bson-5.2.1.jar;C:\Users\DELL\.m2\repository\org\mongodb\mongodb-driver-core\5.2.1\mongodb-driver-core-5.2.1.jar;C:\Users\DELL\.m2\repository\org\mongodb\bson-record-codec\5.2.1\bson-record-codec-5.2.1.jar;C:\Users\DELL\.m2\repository\org\springframework\data\spring-data-mongodb\4.4.1\spring-data-mongodb-4.4.1.jar;C:\Users\DELL\.m2\repository\org\springframework\spring-tx\6.2.1\spring-tx-6.2.1.jar;C:\Users\DELL\.m2\repository\org\springframework\spring-context\6.2.1\spring-context-6.2.1.jar;C:\Users\DELL\.m2\repository\org\springframework\spring-beans\6.2.1\spring-beans-6.2.1.jar;C:\Users\DELL\.m2\repository\org\springframework\spring-expression\6.2.1\spring-expression-6.2.1.jar;C:\Users\DELL\.m2\repository\org\springframework\data\spring-data-commons\3.4.1\spring-data-commons-3.4.1.jar;C:\Users\DELL\.m2\repository\org\slf4j\slf4j-api\2.0.16\slf4j-api-2.0.16.jar;C:\Users\DELL\.m2\repository\org\springframework\boot\spring-boot-starter-web\3.4.1\spring-boot-starter-web-3.4.1.jar;C:\Users\DELL\.m2\repository\org\springframework\boot\spring-boot-starter-json\3.4.1\spring-boot-starter-json-3.4.1.jar;C:\Users\DELL\.m2\repository\com\fasterxml\jackson\datatype\jackson-datatype-jdk8\2.18.2\jackson-datatype-jdk8-2.18.2.jar;C:\Users\DELL\.m2\repository\com\fasterxml\jackson\datatype\jackson-datatype-jsr310\2.18.2\jackson-datatype-jsr310-2.18.2.jar;C:\Users\DELL\.m2\repository\com\fasterxml\jackson\module\jackson-module-parameter-names\2.18.2\jackson-module-parameter-names-2.18.2.jar;C:\Users\DELL\.m2\repository\org\springframework\boot\spring-boot-starter-tomcat\3.4.1\spring-boot-starter-tomcat-3.4.1.jar;C:\Users\DELL\.m2\repository\org\apache\tomcat\embed\tomcat-embed-core\10.1.34\tomcat-embed-core-10.1.34.jar;C:\Users\DELL\.m2\repository\org\apache\tomcat\embed\tomcat-embed-el\10.1.34\tomcat-embed-el-10.1.34.jar;C:\Users\DELL\.m2\repository\org\apache\tomcat\embed\tomcat-embed-websocket\10.1.34\tomcat-embed-websocket-10.1.34.jar;C:\Users\DELL\.m2\repository\org\springframework\spring-web\6.2.1\spring-web-6.2.1.jar;C:\Users\DELL\.m2\repository\io\micrometer\micrometer-observation\1.14.2\micrometer-observation-1.14.2.jar;C:\Users\DELL\.m2\repository\io\micrometer\micrometer-commons\1.14.2\micrometer-commons-1.14.2.jar;C:\Users\DELL\.m2\repository\org\springframework\spring-webmvc\6.2.1\spring-webmvc-6.2.1.jar;C:\Users\DELL\.m2\repository\org\springframework\boot\spring-boot-devtools\3.4.1\spring-boot-devtools-3.4.1.jar;C:\Users\DELL\.m2\repository\org\springframework\boot\spring-boot\3.4.1\spring-boot-3.4.1.jar;C:\Users\DELL\.m2\repository\org\springframework\boot\spring-boot-autoconfigure\3.4.1\spring-boot-autoconfigure-3.4.1.jar;C:\Users\DELL\.m2\repository\org\projectlombok\lombok\1.18.36\lombok-1.18.36.jar;C:\Users\DELL\.m2\repository\org\springframework\spring-core\6.2.1\spring-core-6.2.1.jar;C:\Users\DELL\.m2\repository\org\springframework\spring-jcl\6.2.1\spring-jcl-6.2.1.jar;C:\Users\DELL\.m2\repository\org\springframework\boot\spring-boot-starter-security\3.4.1\spring-boot-starter-security-3.4.1.jar;C:\Users\DELL\.m2\repository\org\springframework\spring-aop\6.2.1\spring-aop-6.2.1.jar;C:\Users\DELL\.m2\repository\org\springframework\security\spring-security-config\6.4.2\spring-security-config-6.4.2.jar;C:\Users\DELL\.m2\repository\org\springframework\security\spring-security-web\6.4.2\spring-security-web-6.4.2.jar;C:\Users\DELL\.m2\repository\org\springframework\security\spring-security-core\6.4.2\spring-security-core-6.4.2.jar;C:\Users\DELL\.m2\repository\org\springframework\security\spring-security-crypto\6.4.2\spring-security-crypto-6.4.2.jar;C:\Users\DELL\.m2\repository\at\favre\lib\bcrypt\0.10.2\bcrypt-0.10.2.jar;C:\Users\DELL\.m2\repository\at\favre\lib\bytes\1.5.0\bytes-1.5.0.jar;C:\Users\DELL\.m2\repository\io\jsonwebtoken\jjwt\0.12.5\jjwt-0.12.5.jar;C:\Users\DELL\.m2\repository\io\jsonwebtoken\jjwt-api\0.12.5\jjwt-api-0.12.5.jar;C:\Users\DELL\.m2\repository\io\jsonwebtoken\jjwt-impl\0.12.5\jjwt-impl-0.12.5.jar;C:\Users\DELL\.m2\repository\io\jsonwebtoken\jjwt-jackson\0.12.5\jjwt-jackson-0.12.5.jar;C:\Users\DELL\.m2\repository\com\fasterxml\jackson\core\jackson-databind\2.18.2\jackson-databind-2.18.2.jar;C:\Users\DELL\.m2\repository\com\fasterxml\jackson\core\jackson-annotations\2.18.2\jackson-annotations-2.18.2.jar;C:\Users\DELL\.m2\repository\com\fasterxml\jackson\core\jackson-core\2.18.2\jackson-core-2.18.2.jar;C:\Users\DELL\.m2\repository\software\amazon\awssdk\s3\2.21.0\s3-2.21.0.jar;C:\Users\DELL\.m2\repository\software\amazon\awssdk\aws-xml-protocol\2.21.0\aws-xml-protocol-2.21.0.jar;C:\Users\DELL\.m2\repository\software\amazon\awssdk\aws-query-protocol\2.21.0\aws-query-protocol-2.21.0.jar;C:\Users\DELL\.m2\repository\software\amazon\awssdk\protocol-core\2.21.0\protocol-core-2.21.0.jar;C:\Users\DELL\.m2\repository\software\amazon\awssdk\arns\2.21.0\arns-2.21.0.jar;C:\Users\DELL\.m2\repository\software\amazon\awssdk\profiles\2.21.0\profiles-2.21.0.jar;C:\Users\DELL\.m2\repository\software\amazon\awssdk\crt-core\2.21.0\crt-core-2.21.0.jar;C:\Users\DELL\.m2\repository\software\amazon\awssdk\http-auth\2.21.0\http-auth-2.21.0.jar;C:\Users\DELL\.m2\repository\software\amazon\awssdk\http-auth-aws\2.21.0\http-auth-aws-2.21.0.jar;C:\Users\DELL\.m2\repository\software\amazon\awssdk\checksums-spi\2.21.0\checksums-spi-2.21.0.jar;C:\Users\DELL\.m2\repository\software\amazon\awssdk\checksums\2.21.0\checksums-2.21.0.jar;C:\Users\DELL\.m2\repository\software\amazon\awssdk\sdk-core\2.21.0\sdk-core-2.21.0.jar;C:\Users\DELL\.m2\repository\org\reactivestreams\reactive-streams\1.0.4\reactive-streams-1.0.4.jar;C:\Users\DELL\.m2\repository\software\amazon\awssdk\auth\2.21.0\auth-2.21.0.jar;C:\Users\DELL\.m2\repository\software\amazon\eventstream\eventstream\1.0.1\eventstream-1.0.1.jar;C:\Users\DELL\.m2\repository\software\amazon\awssdk\http-auth-spi\2.21.0\http-auth-spi-2.21.0.jar;C:\Users\DELL\.m2\repository\software\amazon\awssdk\identity-spi\2.21.0\identity-spi-2.21.0.jar;C:\Users\DELL\.m2\repository\software\amazon\awssdk\http-client-spi\2.21.0\http-client-spi-2.21.0.jar;C:\Users\DELL\.m2\repository\software\amazon\awssdk\regions\2.21.0\regions-2.21.0.jar;C:\Users\DELL\.m2\repository\software\amazon\awssdk\annotations\2.21.0\annotations-2.21.0.jar;C:\Users\DELL\.m2\repository\software\amazon\awssdk\utils\2.21.0\utils-2.21.0.jar;C:\Users\DELL\.m2\repository\software\amazon\awssdk\aws-core\2.21.0\aws-core-2.21.0.jar;C:\Users\DELL\.m2\repository\software\amazon\awssdk\metrics-spi\2.21.0\metrics-spi-2.21.0.jar;C:\Users\DELL\.m2\repository\software\amazon\awssdk\json-utils\2.21.0\json-utils-2.21.0.jar;C:\Users\DELL\.m2\repository\software\amazon\awssdk\third-party-jackson-core\2.21.0\third-party-jackson-core-2.21.0.jar;C:\Users\DELL\.m2\repository\software\amazon\awssdk\endpoints-spi\2.21.0\endpoints-spi-2.21.0.jar;C:\Users\DELL\.m2\repository\software\amazon\awssdk\apache-client\2.21.0\apache-client-2.21.0.jar;C:\Users\DELL\.m2\repository\org\apache\httpcomponents\httpclient\4.5.13\httpclient-4.5.13.jar;C:\Users\DELL\.m2\repository\commons-logging\commons-logging\1.2\commons-logging-1.2.jar;C:\Users\DELL\.m2\repository\org\apache\httpcomponents\httpcore\4.4.16\httpcore-4.4.16.jar;C:\Users\DELL\.m2\repository\commons-codec\commons-codec\1.17.1\commons-codec-1.17.1.jar;C:\Users\DELL\.m2\repository\software\amazon\awssdk\netty-nio-client\2.21.0\netty-nio-client-2.21.0.jar;C:\Users\DELL\.m2\repository\io\netty\netty-codec-http\4.1.116.Final\netty-codec-http-4.1.116.Final.jar;C:\Users\DELL\.m2\repository\io\netty\netty-codec-http2\4.1.116.Final\netty-codec-http2-4.1.116.Final.jar;C:\Users\DELL\.m2\repository\io\netty\netty-codec\4.1.116.Final\netty-codec-4.1.116.Final.jar;C:\Users\DELL\.m2\repository\io\netty\netty-transport\4.1.116.Final\netty-transport-4.1.116.Final.jar;C:\Users\DELL\.m2\repository\io\netty\netty-common\4.1.116.Final\netty-common-4.1.116.Final.jar;C:\Users\DELL\.m2\repository\io\netty\netty-buffer\4.1.116.Final\netty-buffer-4.1.116.Final.jar;C:\Users\DELL\.m2\repository\io\netty\netty-handler\4.1.116.Final\netty-handler-4.1.116.Final.jar;C:\Users\DELL\.m2\repository\io\netty\netty-transport-native-unix-common\4.1.116.Final\netty-transport-native-unix-common-4.1.116.Final.jar;C:\Users\DELL\.m2\repository\io\netty\netty-transport-classes-epoll\4.1.116.Final\netty-transport-classes-epoll-4.1.116.Final.jar;C:\Users\DELL\.m2\repository\io\netty\netty-resolver\4.1.116.Final\netty-resolver-4.1.116.Final.jar;C:\Users\DELL\.m2\repository\io\github\cdimascio\dotenv-java\3.0.0\dotenv-java-3.0.0.jar;C:\Users\DELL\.m2\repository\org\springframework\boot\spring-boot-starter-websocket\3.4.1\spring-boot-starter-websocket-3.4.1.jar;C:\Users\DELL\.m2\repository\org\springframework\spring-messaging\6.2.1\spring-messaging-6.2.1.jar;C:\Users\DELL\.m2\repository\org\springframework\spring-websocket\6.2.1\spring-websocket-6.2.1.jar
Launcher Type: SUN_STANDARD

[Global flags]
     intx CICompilerCount                          = 4                                         {product} {ergonomic}
     uint ConcGCThreads                            = 2                                         {product} {ergonomic}
     uint G1ConcRefinementThreads                  = 8                                         {product} {ergonomic}
   size_t G1HeapRegionSize                         = 2097152                                   {product} {ergonomic}
    uintx GCDrainStackTargetSize                   = 64                                        {product} {ergonomic}
   size_t InitialHeapSize                          = 264241152                                 {product} {ergonomic}
   size_t MarkStackSize                            = 4194304                                   {product} {ergonomic}
   size_t MaxHeapSize                              = 4225761280                                {product} {ergonomic}
   size_t MaxNewSize                               = 2535456768                                {product} {ergonomic}
   size_t MinHeapDeltaBytes                        = 2097152                                   {product} {ergonomic}
   size_t MinHeapSize                              = 8388608                                   {product} {ergonomic}
    uintx NonNMethodCodeHeapSize                   = 5839372                                {pd product} {ergonomic}
    uintx NonProfiledCodeHeapSize                  = 122909434                              {pd product} {ergonomic}
    uintx ProfiledCodeHeapSize                     = 122909434                              {pd product} {ergonomic}
    uintx ReservedCodeCacheSize                    = 251658240                              {pd product} {ergonomic}
     bool SegmentedCodeCache                       = true                                      {product} {ergonomic}
   size_t SoftMaxHeapSize                          = 4225761280                             {manageable} {ergonomic}
     bool UseCompressedClassPointers               = true                           {product lp64_product} {ergonomic}
     bool UseCompressedOops                        = true                           {product lp64_product} {ergonomic}
     bool UseG1GC                                  = true                                      {product} {ergonomic}
     bool UseLargePagesIndividualAllocation        = false                                  {pd product} {ergonomic}

Logging:
Log output configuration:
 #0: stdout all=warning uptime,level,tags foldmultilines=false
 #1: stderr all=off uptime,level,tags foldmultilines=false

Environment Variables:
CLASSPATH=C:\oraclexe\app\oracle\product\10.2.0\server\jdbc\lib\ojdbc14.jar
PATH=C:\Users\DELL\AppData\Local\Pub\Cache\bin;C:\oraclexe\app\oracle\product\10.2.0\server\bin;C:\Program Files\Common Files\Oracle\Java\javapath;C:\Program Files\Python310\Scripts\;C:\Program Files\Python310\;C:\Program Files (x86)\VMware\VMware Player\bin\;C:\Windows\system32;C:\Windows;C:\Windows\System32\Wbem;C:\Windows\System32\WindowsPowerShell\v1.0\;C:\Windows\System32\OpenSSH\;C:\Program Files\NVIDIA Corporation\NVIDIA NvDLISR;C:\WINDOWS\system32;C:\WINDOWS;C:\WINDOWS\System32\Wbem;C:\WINDOWS\System32\WindowsPowerShell\v1.0\;C:\WINDOWS\System32\OpenSSH\;C:\MinGW\bin;C:\Program Files\dotnet\;F:\Ax3soft\common;C:\Program Files\Ax3soft\common;F:\DHCP\Ax3soft\common;C:\Program Files\PuTTY\;C:\Program Files\Java\jdk-18.0.1.1\bin;C:\Program Files\Git\cmd;C:\Program Files\Git\bin;C:\src\flutter\bin;C:\Users\DELL\AppData\Roaming\nvm;C:\Program Files\nodejs;C:\Program Files\nodejs\;C:\ProgramData\chocolatey\bin;C:\Program Files (x86)\Microsoft SQL Server\160\Tools\Binn\;C:\Program Files\Microsoft SQL Server\160\Tools\Binn\;C:\Program Files\Microsoft SQL Server\Client SDK\ODBC\170\Tools\Binn\;C:\Program Files\Microsoft SQL Server\160\DTS\Binn\;F:\terraform;C:\Program Files\Amazon\AWSCLI\bin\;C:\Program Files\Docker\Docker\resources\bin;C:\Program Files\Java\jdk-21\bin;C:\Program Files\MySQL\MySQL Shell 8.0\bin\;C:\Users\DELL\AppData\Local\Microsoft\WindowsApps;C:\Users\DELL\AppData\Local\Programs\Microsoft VS Code\bin;C:\Program Files\JetBrains\PyCharm Community Edition 2022.1.3\bin;;C:\Users\DELL\AppData\Roaming\Python\Python310\Scripts;F:\IntelliJ IDEA Community Edition 2024.3.1.1\bin;;C:\Program Files\MongoDB\Server\6.0\bin;C:\Users\DELL\AppData\Roaming\nvm;C:\Program Files\nodejs;C:\Users\DELL\AppData\Local\GitHubDesktop\bin;C:\Users\DELL\AppData\Local\Pub\Cache\bin;C:\Users\DELL\AppData\Roaming\npm;F:\IntelliJ IDEA 2024.3.1.1\bin;;F:\Google Cloud CLI\google-cloud-sdk\bin;C:\Program Files\MySQL\MySQL Server 8.0\bin;C:\Program Files\Java\jdk-21\bin;
USERNAME=DELL
OS=Windows_NT
PROCESSOR_IDENTIFIER=Intel64 Family 6 Model 140 Stepping 1, GenuineIntel



---------------  S Y S T E M  ---------------

OS:
 Windows 11 , 64 bit Build 26100 (10.0.26100.3775)
OS uptime: 0 days 0:36 hours
Hyper-V role detected

CPU: total 8 (initial active 8) (4 cores per cpu, 2 threads per core) family 6 model 140 stepping 1 microcode 0xbc, cx8, cmov, fxsr, ht, mmx, 3dnowpref, sse, sse2, sse3, ssse3, sse4.1, sse4.2, popcnt, lzcnt, tsc, tscinvbit, avx, avx2, aes, erms, clmul, bmi1, bmi2, adx, avx512f, avx512dq, avx512cd, avx512bw, avx512vl, sha, fma, vzeroupper, avx512_vpopcntdq, avx512_vpclmulqdq, avx512_vaes, avx512_vnni, clflush, clflushopt, clwb, avx512_vbmi2, avx512_vbmi, hv

Memory: 4k page, system-wide physical 16118M (1120M free)
TotalPageFile size 22559M (AvailPageFile size 0M)
current process WorkingSet (physical memory assigned to process): 241M, peak: 282M
current process commit charge ("private bytes"): 277M, peak: 401M

vm_info: Java HotSpot(TM) 64-Bit Server VM (18.0.1.1+2-6) for windows-amd64 JRE (18.0.1.1+2-6), built on Apr 25 2022 21:53:15 by "mach5one" with MS VC++ 16.8 / 16.9 (VS2019)

END.
